2025-10-04 15:15:29.471 [info] Reading sessions from keychain...
2025-10-04 15:15:29.471 [info] Getting sessions for all scopes...
2025-10-04 15:15:29.497 [info] Got stored sessions!
2025-10-04 15:15:29.497 [info] Got 1 verified sessions.
2025-10-04 15:15:29.497 [info] Got 1 sessions for ...
2025-10-04 15:15:29.497 [info] Getting sessions for all scopes...
2025-10-04 15:15:29.497 [info] Got 1 sessions for ...
2025-10-04 15:15:29.497 [info] Getting sessions for all scopes...
2025-10-04 15:15:29.497 [info] Got 1 sessions for ...
2025-10-04 15:15:29.497 [info] Getting sessions for all scopes...
2025-10-04 15:15:29.497 [info] Got 1 sessions for ...
2025-10-04 15:15:29.497 [info] Getting sessions for all scopes...
2025-10-04 15:15:29.497 [info] Got 1 sessions for ...
2025-10-04 15:15:29.497 [info] Getting sessions for all scopes...
2025-10-04 15:15:29.497 [info] Got 1 sessions for ...
2025-10-04 15:15:29.497 [info] Getting sessions for all scopes...
2025-10-04 15:15:29.497 [info] Got 1 sessions for ...
2025-10-04 15:15:29.498 [info] Getting sessions for all scopes...
2025-10-04 15:15:29.498 [info] Got 1 sessions for ...
2025-10-04 15:15:29.498 [info] Getting sessions for all scopes...
2025-10-04 15:15:29.498 [info] Got 1 sessions for ...
2025-10-04 15:15:29.499 [info] Getting sessions for all scopes...
2025-10-04 15:15:29.499 [info] Got 1 sessions for ...
2025-10-04 15:15:29.499 [info] Getting sessions for all scopes...
2025-10-04 15:15:29.499 [info] Got 1 sessions for ...
2025-10-04 15:15:29.499 [info] Getting sessions for all scopes...
2025-10-04 15:15:29.499 [info] Got 1 sessions for ...
2025-10-04 15:15:29.499 [info] Getting sessions for all scopes...
2025-10-04 15:15:29.499 [info] Got 1 sessions for ...
2025-10-04 15:15:29.522 [info] Getting sessions for all scopes...
2025-10-04 15:15:29.522 [info] Got 1 sessions for ...
2025-10-04 15:15:29.907 [info] Getting sessions for all scopes...
2025-10-04 15:15:29.907 [info] Got 1 sessions for ...
2025-10-04 15:15:31.295 [info] fetching: Electron fetch failed with status: 429 
2025-10-04 15:15:31.344 [info] Getting sessions for all scopes...
2025-10-04 15:15:31.344 [info] Got 1 sessions for ...
2025-10-04 15:15:31.344 [info] Getting sessions for all scopes...
2025-10-04 15:15:31.344 [info] Got 1 sessions for ...
2025-10-04 15:15:31.350 [info] Getting sessions for all scopes...
2025-10-04 15:15:31.350 [info] Got 1 sessions for ...
2025-10-04 15:15:32.076 [info] fetching: Node fetch failed with status: 429 Too Many Requests
2025-10-04 15:15:32.704 [info] fetching: Node http/s failed with status: 429 Too Many Requests
2025-10-04 15:17:09.258 [info] Getting sessions for all scopes...
2025-10-04 15:17:09.258 [info] Got 1 sessions for ...
2025-10-04 15:17:09.258 [info] Getting sessions for all scopes...
2025-10-04 15:17:09.258 [info] Got 1 sessions for ...
2025-10-04 15:17:09.675 [info] Getting sessions for read:user,repo,user:email,workflow...
2025-10-04 15:17:09.675 [info] Got 0 sessions for read:user,repo,user:email,workflow...
2025-10-04 15:17:09.676 [info] Getting sessions for all scopes...
2025-10-04 15:17:09.676 [info] Got 1 sessions for ...
2025-10-04 15:17:09.679 [info] Getting sessions for all scopes...
2025-10-04 15:17:09.679 [info] Got 1 sessions for ...
2025-10-04 15:17:09.680 [info] Getting sessions for read:user,repo,user:email,workflow...
2025-10-04 15:17:09.680 [info] Got 0 sessions for read:user,repo,user:email,workflow...
2025-10-04 15:17:09.686 [info] Getting sessions for user:email...
2025-10-04 15:17:09.686 [info] Got 1 sessions for user:email...
2025-10-04 15:17:09.686 [info] Getting sessions for read:user,repo,user:email,workflow...
2025-10-04 15:17:09.687 [info] Got 0 sessions for read:user,repo,user:email,workflow...
2025-10-04 15:17:09.688 [info] Getting sessions for read:user...
2025-10-04 15:17:09.688 [info] Got 0 sessions for read:user...
2025-10-04 15:17:09.691 [info] Getting sessions for all scopes...
2025-10-04 15:17:09.691 [info] Got 1 sessions for ...
2025-10-04 15:17:09.693 [info] Getting sessions for user:email...
2025-10-04 15:17:09.693 [info] Got 1 sessions for user:email...
2025-10-04 15:17:09.697 [info] Getting sessions for all scopes...
2025-10-04 15:17:09.697 [info] Got 1 sessions for ...
2025-10-04 15:17:09.789 [info] Getting sessions for read:user,repo,user:email,workflow...
2025-10-04 15:17:09.789 [info] Got 0 sessions for read:user,repo,user:email,workflow...
2025-10-04 15:17:09.790 [info] Getting sessions for user:email...
2025-10-04 15:17:09.790 [info] Got 1 sessions for user:email...
2025-10-04 15:17:09.791 [info] Getting sessions for all scopes...
2025-10-04 15:17:09.791 [info] Got 1 sessions for ...
2025-10-04 15:17:09.791 [info] Getting sessions for read:user,repo,user:email,workflow...
2025-10-04 15:17:09.791 [info] Got 0 sessions for read:user,repo,user:email,workflow...
2025-10-04 15:17:09.792 [info] Getting sessions for user:email...
2025-10-04 15:17:09.792 [info] Got 1 sessions for user:email...
2025-10-04 15:17:10.079 [info] Getting sessions for all scopes...
2025-10-04 15:17:10.079 [info] Got 1 sessions for ...
2025-10-04 15:17:10.080 [info] Getting sessions for read:user,repo,user:email,workflow...
2025-10-04 15:17:10.080 [info] Got 0 sessions for read:user,repo,user:email,workflow...
2025-10-04 15:17:10.081 [info] Getting sessions for user:email...
2025-10-04 15:17:10.081 [info] Got 1 sessions for user:email...
2025-10-04 15:17:10.511 [info] Getting sessions for all scopes...
2025-10-04 15:17:10.511 [info] Got 1 sessions for ...
2025-10-04 15:17:10.513 [info] Getting sessions for read:user,repo,user:email,workflow...
2025-10-04 15:17:10.513 [info] Got 0 sessions for read:user,repo,user:email,workflow...
2025-10-04 15:17:10.513 [info] Getting sessions for user:email...
2025-10-04 15:17:10.513 [info] Got 1 sessions for user:email...
2025-10-04 15:17:10.659 [info] Getting sessions for all scopes...
2025-10-04 15:17:10.659 [info] Got 1 sessions for ...
2025-10-04 15:17:10.659 [info] Getting sessions for all scopes...
2025-10-04 15:17:10.659 [info] Got 1 sessions for ...
2025-10-04 15:17:10.669 [info] Getting sessions for read:user,repo,user:email,workflow...
2025-10-04 15:17:10.669 [info] Got 0 sessions for read:user,repo,user:email,workflow...
2025-10-04 15:17:10.670 [info] Getting sessions for user:email...
2025-10-04 15:17:10.670 [info] Got 1 sessions for user:email...
2025-10-04 15:17:10.670 [info] Getting sessions for read:user,repo,user:email,workflow...
2025-10-04 15:17:10.670 [info] Got 0 sessions for read:user,repo,user:email,workflow...
2025-10-04 15:17:10.671 [info] Getting sessions for all scopes...
2025-10-04 15:17:10.671 [info] Got 1 sessions for ...
2025-10-04 15:17:10.671 [info] Getting sessions for read:user,repo,user:email,workflow...
2025-10-04 15:17:10.671 [info] Got 0 sessions for read:user,repo,user:email,workflow...
2025-10-04 15:17:10.672 [info] Getting sessions for user:email...
2025-10-04 15:17:10.672 [info] Got 1 sessions for user:email...
2025-10-04 15:17:10.730 [info] Getting sessions for all scopes...
2025-10-04 15:17:10.730 [info] Got 1 sessions for ...
2025-10-04 15:17:10.730 [info] Getting sessions for all scopes...
2025-10-04 15:17:10.730 [info] Got 1 sessions for ...
2025-10-04 15:17:10.733 [info] Getting sessions for read:user,repo,user:email,workflow...
2025-10-04 15:17:10.733 [info] Got 0 sessions for read:user,repo,user:email,workflow...
2025-10-04 15:17:10.737 [info] Getting sessions for user:email...
2025-10-04 15:17:10.737 [info] Got 1 sessions for user:email...
2025-10-04 15:17:10.737 [info] Getting sessions for read:user,repo,user:email,workflow...
2025-10-04 15:17:10.737 [info] Got 0 sessions for read:user,repo,user:email,workflow...
2025-10-04 15:17:10.740 [info] Getting sessions for all scopes...
2025-10-04 15:17:10.740 [info] Got 1 sessions for ...
2025-10-04 15:17:10.741 [info] Getting sessions for all scopes...
2025-10-04 15:17:10.741 [info] Got 1 sessions for ...
2025-10-04 15:17:10.741 [info] Getting sessions for all scopes...
2025-10-04 15:17:10.741 [info] Got 1 sessions for ...
2025-10-04 15:17:10.742 [info] Getting sessions for read:user,repo,user:email,workflow...
2025-10-04 15:17:10.742 [info] Got 0 sessions for read:user,repo,user:email,workflow...
2025-10-04 15:17:10.743 [info] Getting sessions for user:email...
2025-10-04 15:17:10.743 [info] Got 1 sessions for user:email...
2025-10-04 15:17:11.625 [info] Getting sessions for all scopes...
2025-10-04 15:17:11.625 [info] Got 1 sessions for ...
2025-10-04 15:17:11.625 [info] Getting sessions for read:user,repo,user:email,workflow...
2025-10-04 15:17:11.625 [info] Got 0 sessions for read:user,repo,user:email,workflow...
2025-10-04 15:17:11.626 [info] Getting sessions for user:email...
2025-10-04 15:17:11.626 [info] Got 1 sessions for user:email...
2025-10-04 15:17:11.627 [info] Getting sessions for all scopes...
2025-10-04 15:17:11.627 [info] Got 1 sessions for ...
2025-10-04 15:17:11.627 [info] Getting sessions for read:user,repo,user:email,workflow...
2025-10-04 15:17:11.627 [info] Got 0 sessions for read:user,repo,user:email,workflow...
2025-10-04 15:17:11.628 [info] Getting sessions for user:email...
2025-10-04 15:17:11.628 [info] Got 1 sessions for user:email...
2025-10-04 15:17:12.326 [info] Getting sessions for all scopes...
2025-10-04 15:17:12.326 [info] Got 1 sessions for ...
