2025-10-04 10:41:21.403 [info] [main] Log level: Info
2025-10-04 10:41:21.403 [info] [main] Validating found git in: "git"
2025-10-04 10:41:21.403 [info] [main] Using git "2.51.0" from "git"
2025-10-04 10:41:21.403 [info] [Model][doInitialScan] Initial repository scan started
2025-10-04 10:41:21.403 [info] > git rev-parse --show-toplevel [12ms]
2025-10-04 10:41:21.403 [info] fatal: not a git repository (or any parent up to mount point /)
Stopping at filesystem boundary (GIT_DISCOVERY_ACROSS_FILESYSTEM not set).
2025-10-04 10:41:21.403 [info] > git rev-parse --show-toplevel [3ms]
2025-10-04 10:41:21.403 [info] fatal: not a git repository (or any parent up to mount point /)
Stopping at filesystem boundary (GIT_DISCOVERY_ACROSS_FILESYSTEM not set).
2025-10-04 10:41:21.403 [info] [Model][doInitialScan] Initial repository scan completed - repositories (0), closed repositories (0), parent repositories (0), unsafe repositories (0)
2025-10-04 10:41:21.403 [info] > git rev-parse --show-toplevel [3ms]
2025-10-04 10:41:21.403 [info] fatal: not a git repository (or any parent up to mount point /)
Stopping at filesystem boundary (GIT_DISCOVERY_ACROSS_FILESYSTEM not set).
2025-10-04 10:41:23.462 [info] > git rev-parse --show-toplevel [50ms]
2025-10-04 10:41:23.462 [info] fatal: not a git repository (or any parent up to mount point /)
Stopping at filesystem boundary (GIT_DISCOVERY_ACROSS_FILESYSTEM not set).
2025-10-04 10:41:23.651 [info] > git rev-parse --show-toplevel [140ms]
2025-10-04 10:41:23.651 [info] fatal: not a git repository (or any parent up to mount point /)
Stopping at filesystem boundary (GIT_DISCOVERY_ACROSS_FILESYSTEM not set).
2025-10-04 10:41:23.962 [info] > git rev-parse --show-toplevel [298ms]
2025-10-04 10:41:23.962 [info] fatal: not a git repository (or any parent up to mount point /)
Stopping at filesystem boundary (GIT_DISCOVERY_ACROSS_FILESYSTEM not set).
