2025-10-04 15:39:43.126 [info] Reading sessions from keychain...
2025-10-04 15:39:43.126 [info] Got stored sessions!
2025-10-04 15:39:43.126 [info] Got 1 verified sessions.
2025-10-04 15:39:43.126 [info] Getting sessions for all scopes...
2025-10-04 15:39:43.126 [info] Got 1 sessions for ...
2025-10-04 15:39:43.126 [info] Getting sessions for all scopes...
2025-10-04 15:39:43.126 [info] Got 1 sessions for ...
2025-10-04 15:39:43.126 [info] Getting sessions for all scopes...
2025-10-04 15:39:43.126 [info] Got 1 sessions for ...
2025-10-04 15:39:43.126 [info] Getting sessions for all scopes...
2025-10-04 15:39:43.126 [info] Got 1 sessions for ...
2025-10-04 15:39:43.126 [info] Getting sessions for all scopes...
2025-10-04 15:39:43.126 [info] Got 1 sessions for ...
2025-10-04 15:39:43.126 [info] Getting sessions for all scopes...
2025-10-04 15:39:43.126 [info] Got 1 sessions for ...
2025-10-04 15:39:43.126 [info] Getting sessions for all scopes...
2025-10-04 15:39:43.126 [info] Got 1 sessions for ...
2025-10-04 15:39:43.126 [info] Getting sessions for all scopes...
2025-10-04 15:39:43.126 [info] Got 1 sessions for ...
2025-10-04 15:39:43.126 [info] Getting sessions for all scopes...
2025-10-04 15:39:43.126 [info] Got 1 sessions for ...
2025-10-04 15:39:43.126 [info] Getting sessions for all scopes...
2025-10-04 15:39:43.126 [info] Got 1 sessions for ...
2025-10-04 15:39:43.126 [info] Getting sessions for all scopes...
2025-10-04 15:39:43.126 [info] Got 1 sessions for ...
2025-10-04 15:39:43.126 [info] Getting sessions for all scopes...
2025-10-04 15:39:43.126 [info] Got 1 sessions for ...
2025-10-04 15:39:43.126 [info] Getting sessions for all scopes...
2025-10-04 15:39:43.126 [info] Got 1 sessions for ...
2025-10-04 15:39:43.126 [info] Getting sessions for all scopes...
2025-10-04 15:39:43.126 [info] Got 1 sessions for ...
