2025-10-04 15:08:40.118 [info] Reading sessions from keychain...
2025-10-04 15:08:40.119 [info] Getting sessions for all scopes...
2025-10-04 15:08:40.149 [info] Got stored sessions!
2025-10-04 15:08:40.149 [info] Got 1 verified sessions.
2025-10-04 15:08:40.149 [info] Got 1 sessions for ...
2025-10-04 15:08:40.149 [info] Getting sessions for all scopes...
2025-10-04 15:08:40.149 [info] Got 1 sessions for ...
2025-10-04 15:08:40.149 [info] Getting sessions for all scopes...
2025-10-04 15:08:40.149 [info] Got 1 sessions for ...
2025-10-04 15:08:40.150 [info] Getting sessions for all scopes...
2025-10-04 15:08:40.150 [info] Got 1 sessions for ...
2025-10-04 15:08:40.150 [info] Getting sessions for all scopes...
2025-10-04 15:08:40.150 [info] Got 1 sessions for ...
2025-10-04 15:08:40.150 [info] Getting sessions for all scopes...
2025-10-04 15:08:40.150 [info] Got 1 sessions for ...
2025-10-04 15:08:40.150 [info] Getting sessions for all scopes...
2025-10-04 15:08:40.150 [info] Got 1 sessions for ...
2025-10-04 15:08:40.223 [info] Getting sessions for all scopes...
2025-10-04 15:08:40.223 [info] Got 1 sessions for ...
2025-10-04 15:08:40.223 [info] Getting sessions for all scopes...
2025-10-04 15:08:40.223 [info] Got 1 sessions for ...
2025-10-04 15:08:40.223 [info] Getting sessions for all scopes...
2025-10-04 15:08:40.223 [info] Got 1 sessions for ...
2025-10-04 15:08:40.223 [info] Getting sessions for all scopes...
2025-10-04 15:08:40.223 [info] Got 1 sessions for ...
2025-10-04 15:08:40.223 [info] Getting sessions for all scopes...
2025-10-04 15:08:40.223 [info] Got 1 sessions for ...
2025-10-04 15:08:40.223 [info] Getting sessions for all scopes...
2025-10-04 15:08:40.223 [info] Got 1 sessions for ...
2025-10-04 15:08:40.243 [info] Getting sessions for all scopes...
2025-10-04 15:08:40.243 [info] Got 1 sessions for ...
2025-10-04 15:08:42.332 [info] Getting sessions for all scopes...
2025-10-04 15:08:42.332 [info] Got 1 sessions for ...
2025-10-04 15:08:42.373 [info] Getting sessions for all scopes...
2025-10-04 15:08:42.373 [info] Got 1 sessions for ...
2025-10-04 15:08:42.374 [info] Getting sessions for all scopes...
2025-10-04 15:08:42.374 [info] Got 1 sessions for ...
2025-10-04 15:08:42.374 [info] Getting sessions for all scopes...
2025-10-04 15:08:42.374 [info] Got 1 sessions for ...
2025-10-04 15:08:42.428 [info] Getting sessions for all scopes...
2025-10-04 15:08:42.428 [info] Got 1 sessions for ...
2025-10-04 15:08:42.428 [info] Getting sessions for all scopes...
2025-10-04 15:08:42.428 [info] Got 1 sessions for ...
2025-10-04 15:08:42.941 [info] Getting sessions for read:user,repo,user:email,workflow...
2025-10-04 15:08:42.941 [info] Got 0 sessions for read:user,repo,user:email,workflow...
2025-10-04 15:08:42.976 [info] Getting sessions for all scopes...
2025-10-04 15:08:42.976 [info] Got 1 sessions for ...
2025-10-04 15:08:42.995 [info] Getting sessions for all scopes...
2025-10-04 15:08:42.995 [info] Got 1 sessions for ...
2025-10-04 15:08:42.995 [info] Getting sessions for read:user,repo,user:email,workflow...
2025-10-04 15:08:42.995 [info] Got 0 sessions for read:user,repo,user:email,workflow...
2025-10-04 15:08:43.026 [info] Getting sessions for user:email...
2025-10-04 15:08:43.026 [info] Got 1 sessions for user:email...
2025-10-04 15:08:43.026 [info] Getting sessions for read:user,repo,user:email,workflow...
2025-10-04 15:08:43.027 [info] Got 0 sessions for read:user,repo,user:email,workflow...
2025-10-04 15:08:43.029 [info] Getting sessions for read:user...
2025-10-04 15:08:43.029 [info] Got 0 sessions for read:user...
2025-10-04 15:08:43.034 [info] Getting sessions for all scopes...
2025-10-04 15:08:43.034 [info] Got 1 sessions for ...
2025-10-04 15:08:43.039 [info] Getting sessions for user:email...
2025-10-04 15:08:43.039 [info] Got 1 sessions for user:email...
2025-10-04 15:08:43.156 [info] Getting sessions for all scopes...
2025-10-04 15:08:43.156 [info] Got 1 sessions for ...
2025-10-04 15:08:43.157 [info] Getting sessions for read:user,repo,user:email,workflow...
2025-10-04 15:08:43.157 [info] Got 0 sessions for read:user,repo,user:email,workflow...
2025-10-04 15:08:43.157 [info] Getting sessions for user:email...
2025-10-04 15:08:43.157 [info] Got 1 sessions for user:email...
2025-10-04 15:08:43.158 [info] Getting sessions for all scopes...
2025-10-04 15:08:43.158 [info] Got 1 sessions for ...
2025-10-04 15:08:43.159 [info] Getting sessions for read:user,repo,user:email,workflow...
2025-10-04 15:08:43.159 [info] Got 0 sessions for read:user,repo,user:email,workflow...
2025-10-04 15:08:43.160 [info] Getting sessions for user:email...
2025-10-04 15:08:43.160 [info] Got 1 sessions for user:email...
2025-10-04 15:08:43.216 [info] fetching: Electron fetch failed with status: 429 
2025-10-04 15:08:43.579 [info] Getting sessions for all scopes...
2025-10-04 15:08:43.579 [info] Got 1 sessions for ...
2025-10-04 15:08:43.580 [info] Getting sessions for read:user,repo,user:email,workflow...
2025-10-04 15:08:43.580 [info] Got 0 sessions for read:user,repo,user:email,workflow...
2025-10-04 15:08:43.582 [info] Getting sessions for user:email...
2025-10-04 15:08:43.582 [info] Got 1 sessions for user:email...
2025-10-04 15:08:43.862 [info] Getting sessions for all scopes...
2025-10-04 15:08:43.862 [info] Got 1 sessions for ...
2025-10-04 15:08:43.862 [info] Getting sessions for read:user,repo,user:email,workflow...
2025-10-04 15:08:43.862 [info] Got 0 sessions for read:user,repo,user:email,workflow...
2025-10-04 15:08:43.866 [info] Getting sessions for user:email...
2025-10-04 15:08:43.866 [info] Got 1 sessions for user:email...
2025-10-04 15:08:43.872 [info] fetching: Node fetch failed with status: 429 Too Many Requests
2025-10-04 15:08:44.016 [info] Getting sessions for all scopes...
2025-10-04 15:08:44.016 [info] Got 1 sessions for ...
2025-10-04 15:08:44.016 [info] Getting sessions for all scopes...
2025-10-04 15:08:44.016 [info] Got 1 sessions for ...
2025-10-04 15:08:44.019 [info] Getting sessions for read:user,repo,user:email,workflow...
2025-10-04 15:08:44.019 [info] Got 0 sessions for read:user,repo,user:email,workflow...
2025-10-04 15:08:44.021 [info] Getting sessions for user:email...
2025-10-04 15:08:44.021 [info] Got 1 sessions for user:email...
2025-10-04 15:08:44.021 [info] Getting sessions for read:user,repo,user:email,workflow...
2025-10-04 15:08:44.021 [info] Got 0 sessions for read:user,repo,user:email,workflow...
2025-10-04 15:08:44.022 [info] Getting sessions for all scopes...
2025-10-04 15:08:44.022 [info] Got 1 sessions for ...
2025-10-04 15:08:44.023 [info] Getting sessions for read:user,repo,user:email,workflow...
2025-10-04 15:08:44.023 [info] Got 0 sessions for read:user,repo,user:email,workflow...
2025-10-04 15:08:44.024 [info] Getting sessions for user:email...
2025-10-04 15:08:44.024 [info] Got 1 sessions for user:email...
2025-10-04 15:08:44.105 [info] Getting sessions for all scopes...
2025-10-04 15:08:44.105 [info] Got 1 sessions for ...
2025-10-04 15:08:44.105 [info] Getting sessions for all scopes...
2025-10-04 15:08:44.105 [info] Got 1 sessions for ...
2025-10-04 15:08:44.106 [info] Getting sessions for read:user,repo,user:email,workflow...
2025-10-04 15:08:44.106 [info] Got 0 sessions for read:user,repo,user:email,workflow...
2025-10-04 15:08:44.107 [info] Getting sessions for user:email...
2025-10-04 15:08:44.107 [info] Got 1 sessions for user:email...
2025-10-04 15:08:44.108 [info] Getting sessions for read:user,repo,user:email,workflow...
2025-10-04 15:08:44.108 [info] Got 0 sessions for read:user,repo,user:email,workflow...
2025-10-04 15:08:44.112 [info] Getting sessions for all scopes...
2025-10-04 15:08:44.112 [info] Got 1 sessions for ...
2025-10-04 15:08:44.113 [info] Getting sessions for all scopes...
2025-10-04 15:08:44.113 [info] Got 1 sessions for ...
2025-10-04 15:08:44.113 [info] Getting sessions for all scopes...
2025-10-04 15:08:44.113 [info] Got 1 sessions for ...
2025-10-04 15:08:44.114 [info] Getting sessions for read:user,repo,user:email,workflow...
2025-10-04 15:08:44.114 [info] Got 0 sessions for read:user,repo,user:email,workflow...
2025-10-04 15:08:44.115 [info] Getting sessions for user:email...
2025-10-04 15:08:44.115 [info] Got 1 sessions for user:email...
2025-10-04 15:08:44.524 [info] fetching: Node http/s failed with status: 429 Too Many Requests
2025-10-04 15:08:44.963 [info] Getting sessions for all scopes...
2025-10-04 15:08:44.963 [info] Got 1 sessions for ...
2025-10-04 15:08:44.964 [info] Getting sessions for read:user,repo,user:email,workflow...
2025-10-04 15:08:44.964 [info] Got 0 sessions for read:user,repo,user:email,workflow...
2025-10-04 15:08:44.964 [info] Getting sessions for user:email...
2025-10-04 15:08:44.964 [info] Got 1 sessions for user:email...
2025-10-04 15:08:44.966 [info] Getting sessions for all scopes...
2025-10-04 15:08:44.966 [info] Got 1 sessions for ...
2025-10-04 15:08:44.966 [info] Getting sessions for read:user,repo,user:email,workflow...
2025-10-04 15:08:44.966 [info] Got 0 sessions for read:user,repo,user:email,workflow...
2025-10-04 15:08:44.967 [info] Getting sessions for user:email...
2025-10-04 15:08:44.967 [info] Got 1 sessions for user:email...
2025-10-04 15:08:45.668 [info] Getting sessions for all scopes...
2025-10-04 15:08:45.668 [info] Got 1 sessions for ...
