2025-10-04 10:41:21.131 [info] Reading sessions from keychain...
2025-10-04 10:41:21.160 [info] Getting sessions for all scopes...
2025-10-04 10:41:21.223 [info] Got stored sessions!
2025-10-04 10:41:21.223 [info] Got 1 verified sessions.
2025-10-04 10:41:21.223 [info] Got 1 sessions for ...
2025-10-04 10:41:21.223 [info] Getting sessions for all scopes...
2025-10-04 10:41:21.223 [info] Got 1 sessions for ...
2025-10-04 10:41:21.223 [info] Getting sessions for all scopes...
2025-10-04 10:41:21.223 [info] Got 1 sessions for ...
2025-10-04 10:41:21.223 [info] Getting sessions for all scopes...
2025-10-04 10:41:21.223 [info] Got 1 sessions for ...
2025-10-04 10:41:21.224 [info] Getting sessions for all scopes...
2025-10-04 10:41:21.224 [info] Got 1 sessions for ...
2025-10-04 10:41:21.224 [info] Getting sessions for all scopes...
2025-10-04 10:41:21.224 [info] Got 1 sessions for ...
2025-10-04 10:41:21.224 [info] Getting sessions for all scopes...
2025-10-04 10:41:21.224 [info] Got 1 sessions for ...
2025-10-04 10:41:21.227 [info] Getting sessions for all scopes...
2025-10-04 10:41:21.227 [info] Got 1 sessions for ...
2025-10-04 10:41:21.227 [info] Getting sessions for all scopes...
2025-10-04 10:41:21.227 [info] Got 1 sessions for ...
2025-10-04 10:41:21.227 [info] Getting sessions for all scopes...
2025-10-04 10:41:21.227 [info] Got 1 sessions for ...
2025-10-04 10:41:21.228 [info] Getting sessions for all scopes...
2025-10-04 10:41:21.228 [info] Got 1 sessions for ...
2025-10-04 10:41:21.228 [info] Getting sessions for all scopes...
2025-10-04 10:41:21.228 [info] Got 1 sessions for ...
2025-10-04 10:41:21.228 [info] Getting sessions for all scopes...
2025-10-04 10:41:21.228 [info] Got 1 sessions for ...
2025-10-04 10:41:21.311 [info] Getting sessions for all scopes...
2025-10-04 10:41:21.311 [info] Got 1 sessions for ...
2025-10-04 10:41:23.374 [info] Getting sessions for all scopes...
2025-10-04 10:41:23.374 [info] Got 1 sessions for ...
2025-10-04 10:41:23.404 [info] Getting sessions for all scopes...
2025-10-04 10:41:23.404 [info] Got 1 sessions for ...
2025-10-04 10:41:23.404 [info] Getting sessions for all scopes...
2025-10-04 10:41:23.404 [info] Got 1 sessions for ...
2025-10-04 10:41:23.405 [info] Getting sessions for all scopes...
2025-10-04 10:41:23.405 [info] Got 1 sessions for ...
2025-10-04 10:41:23.462 [info] Getting sessions for all scopes...
2025-10-04 10:41:23.462 [info] Got 1 sessions for ...
2025-10-04 10:41:23.462 [info] Getting sessions for all scopes...
2025-10-04 10:41:23.462 [info] Got 1 sessions for ...
2025-10-04 10:41:23.963 [info] Getting sessions for read:user,repo,user:email,workflow...
2025-10-04 10:41:23.963 [info] Got 0 sessions for read:user,repo,user:email,workflow...
2025-10-04 10:41:23.981 [info] fetching: Electron fetch failed with status: 429 
2025-10-04 10:41:23.983 [info] Getting sessions for all scopes...
2025-10-04 10:41:23.983 [info] Got 1 sessions for ...
2025-10-04 10:41:24.021 [info] Getting sessions for all scopes...
2025-10-04 10:41:24.021 [info] Got 1 sessions for ...
2025-10-04 10:41:24.022 [info] Getting sessions for read:user,repo,user:email,workflow...
2025-10-04 10:41:24.022 [info] Got 0 sessions for read:user,repo,user:email,workflow...
2025-10-04 10:41:24.024 [info] Getting sessions for user:email...
2025-10-04 10:41:24.025 [info] Got 1 sessions for user:email...
2025-10-04 10:41:24.045 [info] Getting sessions for read:user,repo,user:email,workflow...
2025-10-04 10:41:24.045 [info] Got 0 sessions for read:user,repo,user:email,workflow...
2025-10-04 10:41:24.046 [info] Getting sessions for read:user...
2025-10-04 10:41:24.046 [info] Got 0 sessions for read:user...
2025-10-04 10:41:24.048 [info] Getting sessions for user:email...
2025-10-04 10:41:24.048 [info] Got 1 sessions for user:email...
2025-10-04 10:41:24.049 [info] Getting sessions for all scopes...
2025-10-04 10:41:24.049 [info] Got 1 sessions for ...
2025-10-04 10:41:24.145 [info] Getting sessions for all scopes...
2025-10-04 10:41:24.145 [info] Got 1 sessions for ...
2025-10-04 10:41:24.146 [info] Getting sessions for read:user,repo,user:email,workflow...
2025-10-04 10:41:24.146 [info] Got 0 sessions for read:user,repo,user:email,workflow...
2025-10-04 10:41:24.147 [info] Getting sessions for user:email...
2025-10-04 10:41:24.147 [info] Got 1 sessions for user:email...
2025-10-04 10:41:24.148 [info] Getting sessions for all scopes...
2025-10-04 10:41:24.148 [info] Got 1 sessions for ...
2025-10-04 10:41:24.148 [info] Getting sessions for read:user,repo,user:email,workflow...
2025-10-04 10:41:24.148 [info] Got 0 sessions for read:user,repo,user:email,workflow...
2025-10-04 10:41:24.149 [info] Getting sessions for user:email...
2025-10-04 10:41:24.149 [info] Got 1 sessions for user:email...
2025-10-04 10:41:24.347 [info] Getting sessions for all scopes...
2025-10-04 10:41:24.347 [info] Got 1 sessions for ...
2025-10-04 10:41:24.348 [info] Getting sessions for read:user,repo,user:email,workflow...
2025-10-04 10:41:24.348 [info] Got 0 sessions for read:user,repo,user:email,workflow...
2025-10-04 10:41:24.348 [info] Getting sessions for user:email...
2025-10-04 10:41:24.348 [info] Got 1 sessions for user:email...
2025-10-04 10:41:24.507 [info] fetching: Node fetch failed with status: 429 Too Many Requests
2025-10-04 10:41:24.698 [info] Getting sessions for all scopes...
2025-10-04 10:41:24.698 [info] Got 1 sessions for ...
2025-10-04 10:41:24.699 [info] Getting sessions for read:user,repo,user:email,workflow...
2025-10-04 10:41:24.699 [info] Got 0 sessions for read:user,repo,user:email,workflow...
2025-10-04 10:41:24.700 [info] Getting sessions for user:email...
2025-10-04 10:41:24.700 [info] Got 1 sessions for user:email...
2025-10-04 10:41:25.008 [info] fetching: Node http/s failed with status: 429 Too Many Requests
2025-10-04 10:42:08.304 [info] Getting sessions for read:user,repo,user:email,workflow...
2025-10-04 10:42:08.304 [info] Got 0 sessions for read:user,repo,user:email,workflow...
2025-10-04 10:42:08.305 [info] Getting sessions for read:user...
2025-10-04 10:42:08.305 [info] Got 0 sessions for read:user...
2025-10-04 10:42:08.306 [info] Getting sessions for user:email...
2025-10-04 10:42:08.306 [info] Got 1 sessions for user:email...
2025-10-04 10:42:08.834 [info] Getting sessions for read:user,repo,user:email,workflow...
2025-10-04 10:42:08.835 [info] Got 0 sessions for read:user,repo,user:email,workflow...
2025-10-04 10:42:08.835 [info] Getting sessions for read:user...
2025-10-04 10:42:08.835 [info] Got 0 sessions for read:user...
2025-10-04 10:42:08.836 [info] Getting sessions for user:email...
2025-10-04 10:42:08.836 [info] Got 1 sessions for user:email...
2025-10-04 10:42:09.333 [info] Getting sessions for read:user,repo,user:email,workflow...
2025-10-04 10:42:09.333 [info] Got 0 sessions for read:user,repo,user:email,workflow...
2025-10-04 10:42:09.333 [info] Getting sessions for read:user...
2025-10-04 10:42:09.333 [info] Got 0 sessions for read:user...
2025-10-04 10:42:09.334 [info] Getting sessions for user:email...
2025-10-04 10:42:09.334 [info] Got 1 sessions for user:email...
2025-10-04 10:42:09.681 [info] Getting sessions for read:user,repo,user:email,workflow...
2025-10-04 10:42:09.681 [info] Got 0 sessions for read:user,repo,user:email,workflow...
2025-10-04 10:42:09.681 [info] Getting sessions for read:user...
2025-10-04 10:42:09.681 [info] Got 0 sessions for read:user...
2025-10-04 10:42:09.682 [info] Getting sessions for user:email...
2025-10-04 10:42:09.682 [info] Got 1 sessions for user:email...
2025-10-04 10:42:10.250 [info] Getting sessions for read:user,repo,user:email,workflow...
2025-10-04 10:42:10.250 [info] Got 0 sessions for read:user,repo,user:email,workflow...
2025-10-04 10:42:10.251 [info] Getting sessions for read:user...
2025-10-04 10:42:10.251 [info] Got 0 sessions for read:user...
2025-10-04 10:42:10.251 [info] Getting sessions for user:email...
2025-10-04 10:42:10.251 [info] Got 1 sessions for user:email...
2025-10-04 10:42:10.733 [info] Getting sessions for read:user,repo,user:email,workflow...
2025-10-04 10:42:10.733 [info] Got 0 sessions for read:user,repo,user:email,workflow...
2025-10-04 10:42:10.733 [info] Getting sessions for read:user...
2025-10-04 10:42:10.733 [info] Got 0 sessions for read:user...
2025-10-04 10:42:10.734 [info] Getting sessions for user:email...
2025-10-04 10:42:10.734 [info] Got 1 sessions for user:email...
2025-10-04 10:42:11.180 [info] Getting sessions for read:user,repo,user:email,workflow...
2025-10-04 10:42:11.180 [info] Got 0 sessions for read:user,repo,user:email,workflow...
2025-10-04 10:42:11.180 [info] Getting sessions for read:user...
2025-10-04 10:42:11.180 [info] Got 0 sessions for read:user...
2025-10-04 10:42:11.181 [info] Getting sessions for user:email...
2025-10-04 10:42:11.181 [info] Got 1 sessions for user:email...
2025-10-04 10:42:11.797 [info] Getting sessions for read:user,repo,user:email,workflow...
2025-10-04 10:42:11.797 [info] Got 0 sessions for read:user,repo,user:email,workflow...
2025-10-04 10:42:11.797 [info] Getting sessions for read:user...
2025-10-04 10:42:11.797 [info] Got 0 sessions for read:user...
2025-10-04 10:42:11.798 [info] Getting sessions for user:email...
2025-10-04 10:42:11.798 [info] Got 1 sessions for user:email...
2025-10-04 10:42:12.097 [info] Getting sessions for read:user,repo,user:email,workflow...
2025-10-04 10:42:12.097 [info] Got 0 sessions for read:user,repo,user:email,workflow...
2025-10-04 10:42:12.098 [info] Getting sessions for read:user...
2025-10-04 10:42:12.098 [info] Got 0 sessions for read:user...
2025-10-04 10:42:12.098 [info] Getting sessions for user:email...
2025-10-04 10:42:12.098 [info] Got 1 sessions for user:email...
2025-10-04 10:42:12.499 [info] Getting sessions for read:user,repo,user:email,workflow...
2025-10-04 10:42:12.499 [info] Got 0 sessions for read:user,repo,user:email,workflow...
2025-10-04 10:42:12.501 [info] Getting sessions for read:user...
2025-10-04 10:42:12.501 [info] Got 0 sessions for read:user...
2025-10-04 10:42:12.502 [info] Getting sessions for user:email...
2025-10-04 10:42:12.502 [info] Got 1 sessions for user:email...
2025-10-04 10:42:12.780 [info] Getting sessions for read:user,repo,user:email,workflow...
2025-10-04 10:42:12.780 [info] Got 0 sessions for read:user,repo,user:email,workflow...
2025-10-04 10:42:12.780 [info] Getting sessions for read:user...
2025-10-04 10:42:12.780 [info] Got 0 sessions for read:user...
2025-10-04 10:42:12.781 [info] Getting sessions for user:email...
2025-10-04 10:42:12.781 [info] Got 1 sessions for user:email...
2025-10-04 10:42:13.213 [info] Getting sessions for read:user,repo,user:email,workflow...
2025-10-04 10:42:13.213 [info] Got 0 sessions for read:user,repo,user:email,workflow...
2025-10-04 10:42:13.214 [info] Getting sessions for read:user...
2025-10-04 10:42:13.214 [info] Got 0 sessions for read:user...
2025-10-04 10:42:13.221 [info] Getting sessions for user:email...
2025-10-04 10:42:13.221 [info] Got 1 sessions for user:email...
2025-10-04 10:42:13.566 [info] Getting sessions for read:user,repo,user:email,workflow...
2025-10-04 10:42:13.566 [info] Got 0 sessions for read:user,repo,user:email,workflow...
2025-10-04 10:42:13.566 [info] Getting sessions for read:user...
2025-10-04 10:42:13.566 [info] Got 0 sessions for read:user...
2025-10-04 10:42:13.567 [info] Getting sessions for user:email...
2025-10-04 10:42:13.567 [info] Got 1 sessions for user:email...
2025-10-04 10:42:13.864 [info] Getting sessions for read:user,repo,user:email,workflow...
2025-10-04 10:42:13.864 [info] Got 0 sessions for read:user,repo,user:email,workflow...
2025-10-04 10:42:13.864 [info] Getting sessions for read:user...
2025-10-04 10:42:13.864 [info] Got 0 sessions for read:user...
2025-10-04 10:42:13.865 [info] Getting sessions for user:email...
2025-10-04 10:42:13.865 [info] Got 1 sessions for user:email...
2025-10-04 10:42:14.265 [info] Getting sessions for read:user,repo,user:email,workflow...
2025-10-04 10:42:14.265 [info] Got 0 sessions for read:user,repo,user:email,workflow...
2025-10-04 10:42:14.265 [info] Getting sessions for read:user...
2025-10-04 10:42:14.265 [info] Got 0 sessions for read:user...
2025-10-04 10:42:14.266 [info] Getting sessions for user:email...
2025-10-04 10:42:14.266 [info] Got 1 sessions for user:email...
2025-10-04 10:42:14.514 [info] Getting sessions for read:user,repo,user:email,workflow...
2025-10-04 10:42:14.514 [info] Got 0 sessions for read:user,repo,user:email,workflow...
2025-10-04 10:42:14.515 [info] Getting sessions for read:user...
2025-10-04 10:42:14.515 [info] Got 0 sessions for read:user...
2025-10-04 10:42:14.515 [info] Getting sessions for user:email...
2025-10-04 10:42:14.515 [info] Got 1 sessions for user:email...
