2025-10-04 15:19:59.308 [info] Reading sessions from keychain...
2025-10-04 15:19:59.308 [info] Getting sessions for all scopes...
2025-10-04 15:19:59.327 [info] Got stored sessions!
2025-10-04 15:19:59.327 [info] Got 1 verified sessions.
2025-10-04 15:19:59.327 [info] Got 1 sessions for ...
2025-10-04 15:19:59.327 [info] Getting sessions for all scopes...
2025-10-04 15:19:59.327 [info] Got 1 sessions for ...
2025-10-04 15:19:59.327 [info] Getting sessions for all scopes...
2025-10-04 15:19:59.327 [info] Got 1 sessions for ...
2025-10-04 15:19:59.327 [info] Getting sessions for all scopes...
2025-10-04 15:19:59.327 [info] Got 1 sessions for ...
2025-10-04 15:19:59.327 [info] Getting sessions for all scopes...
2025-10-04 15:19:59.327 [info] Got 1 sessions for ...
2025-10-04 15:19:59.327 [info] Getting sessions for all scopes...
2025-10-04 15:19:59.327 [info] Got 1 sessions for ...
2025-10-04 15:19:59.327 [info] Getting sessions for all scopes...
2025-10-04 15:19:59.327 [info] Got 1 sessions for ...
2025-10-04 15:19:59.330 [info] Getting sessions for all scopes...
2025-10-04 15:19:59.330 [info] Got 1 sessions for ...
2025-10-04 15:19:59.330 [info] Getting sessions for all scopes...
2025-10-04 15:19:59.330 [info] Got 1 sessions for ...
2025-10-04 15:19:59.330 [info] Getting sessions for all scopes...
2025-10-04 15:19:59.330 [info] Got 1 sessions for ...
2025-10-04 15:19:59.330 [info] Getting sessions for all scopes...
2025-10-04 15:19:59.330 [info] Got 1 sessions for ...
2025-10-04 15:19:59.330 [info] Getting sessions for all scopes...
2025-10-04 15:19:59.330 [info] Got 1 sessions for ...
2025-10-04 15:19:59.330 [info] Getting sessions for all scopes...
2025-10-04 15:19:59.330 [info] Got 1 sessions for ...
2025-10-04 15:19:59.369 [info] Getting sessions for all scopes...
2025-10-04 15:19:59.370 [info] Got 1 sessions for ...
2025-10-04 15:19:59.621 [info] Getting sessions for all scopes...
2025-10-04 15:19:59.621 [info] Got 1 sessions for ...
2025-10-04 15:20:00.987 [info] fetching: Electron fetch failed with status: 429 
2025-10-04 15:20:01.158 [info] Getting sessions for all scopes...
2025-10-04 15:20:01.158 [info] Got 1 sessions for ...
2025-10-04 15:20:01.158 [info] Getting sessions for all scopes...
2025-10-04 15:20:01.158 [info] Got 1 sessions for ...
2025-10-04 15:20:01.167 [info] Getting sessions for all scopes...
2025-10-04 15:20:01.167 [info] Got 1 sessions for ...
2025-10-04 15:20:01.770 [info] fetching: Node fetch failed with status: 429 Too Many Requests
2025-10-04 15:20:02.429 [info] fetching: Node http/s failed with status: 429 Too Many Requests
