2025-10-04 15:08:40.319 [info] [main] Log level: Info
2025-10-04 15:08:40.319 [info] [main] Validating found git in: "git"
2025-10-04 15:08:40.319 [info] [main] Using git "2.51.0" from "git"
2025-10-04 15:08:40.319 [info] [Model][doInitialScan] Initial repository scan started
2025-10-04 15:08:40.319 [info] > git rev-parse --show-toplevel [7ms]
2025-10-04 15:08:40.319 [info] fatal: not a git repository (or any parent up to mount point /)
Stopping at filesystem boundary (GIT_DISCOVERY_ACROSS_FILESYSTEM not set).
2025-10-04 15:08:40.319 [info] > git rev-parse --show-toplevel [1ms]
2025-10-04 15:08:40.319 [info] fatal: not a git repository (or any parent up to mount point /)
Stopping at filesystem boundary (GIT_DISCOVERY_ACROSS_FILESYSTEM not set).
2025-10-04 15:08:40.319 [info] [Model][doInitialScan] Initial repository scan completed - repositories (0), closed repositories (0), parent repositories (0), unsafe repositories (0)
2025-10-04 15:08:40.319 [info] > git rev-parse --show-toplevel [1ms]
2025-10-04 15:08:40.319 [info] fatal: not a git repository (or any parent up to mount point /)
Stopping at filesystem boundary (GIT_DISCOVERY_ACROSS_FILESYSTEM not set).
2025-10-04 15:08:42.427 [info] > git rev-parse --show-toplevel [46ms]
2025-10-04 15:08:42.427 [info] fatal: not a git repository (or any parent up to mount point /)
Stopping at filesystem boundary (GIT_DISCOVERY_ACROSS_FILESYSTEM not set).
2025-10-04 15:08:42.640 [info] > git rev-parse --show-toplevel [166ms]
2025-10-04 15:08:42.640 [info] fatal: not a git repository (or any parent up to mount point /)
Stopping at filesystem boundary (GIT_DISCOVERY_ACROSS_FILESYSTEM not set).
2025-10-04 15:08:42.940 [info] > git rev-parse --show-toplevel [294ms]
2025-10-04 15:08:42.940 [info] fatal: not a git repository (or any parent up to mount point /)
Stopping at filesystem boundary (GIT_DISCOVERY_ACROSS_FILESYSTEM not set).
2025-10-04 15:08:42.977 [info] > git rev-parse --show-toplevel [3ms]
2025-10-04 15:08:42.977 [info] fatal: not a git repository (or any parent up to mount point /)
Stopping at filesystem boundary (GIT_DISCOVERY_ACROSS_FILESYSTEM not set).
2025-10-04 15:08:43.001 [info] > git rev-parse --show-toplevel [6ms]
2025-10-04 15:08:43.001 [info] fatal: not a git repository (or any parent up to mount point /)
Stopping at filesystem boundary (GIT_DISCOVERY_ACROSS_FILESYSTEM not set).
