2025-10-04 11:22:34.812 [info] Reading sessions from keychain...
2025-10-04 11:22:34.812 [info] Getting sessions for all scopes...
2025-10-04 11:22:34.865 [info] Got stored sessions!
2025-10-04 11:22:34.865 [info] Got 1 verified sessions.
2025-10-04 11:22:34.865 [info] Got 1 sessions for ...
2025-10-04 11:22:34.865 [info] Getting sessions for all scopes...
2025-10-04 11:22:34.865 [info] Got 1 sessions for ...
2025-10-04 11:22:34.865 [info] Getting sessions for all scopes...
2025-10-04 11:22:34.866 [info] Got 1 sessions for ...
2025-10-04 11:22:34.866 [info] Getting sessions for all scopes...
2025-10-04 11:22:34.866 [info] Got 1 sessions for ...
2025-10-04 11:22:34.866 [info] Getting sessions for all scopes...
2025-10-04 11:22:34.866 [info] Got 1 sessions for ...
2025-10-04 11:22:34.866 [info] Getting sessions for all scopes...
2025-10-04 11:22:34.866 [info] Got 1 sessions for ...
2025-10-04 11:22:34.866 [info] Getting sessions for all scopes...
2025-10-04 11:22:34.866 [info] Got 1 sessions for ...
2025-10-04 11:22:34.889 [info] Getting sessions for all scopes...
2025-10-04 11:22:34.889 [info] Got 1 sessions for ...
2025-10-04 11:22:34.889 [info] Getting sessions for all scopes...
2025-10-04 11:22:34.889 [info] Got 1 sessions for ...
2025-10-04 11:22:34.889 [info] Getting sessions for all scopes...
2025-10-04 11:22:34.889 [info] Got 1 sessions for ...
2025-10-04 11:22:34.889 [info] Getting sessions for all scopes...
2025-10-04 11:22:34.889 [info] Got 1 sessions for ...
2025-10-04 11:22:34.890 [info] Getting sessions for all scopes...
2025-10-04 11:22:34.890 [info] Got 1 sessions for ...
2025-10-04 11:22:34.890 [info] Getting sessions for all scopes...
2025-10-04 11:22:34.890 [info] Got 1 sessions for ...
2025-10-04 11:22:34.954 [info] Getting sessions for all scopes...
2025-10-04 11:22:34.954 [info] Got 1 sessions for ...
2025-10-04 11:22:36.999 [info] Getting sessions for all scopes...
2025-10-04 11:22:36.999 [info] Got 1 sessions for ...
2025-10-04 11:22:37.035 [info] Getting sessions for all scopes...
2025-10-04 11:22:37.035 [info] Got 1 sessions for ...
2025-10-04 11:22:37.035 [info] Getting sessions for all scopes...
2025-10-04 11:22:37.035 [info] Got 1 sessions for ...
2025-10-04 11:22:37.036 [info] Getting sessions for all scopes...
2025-10-04 11:22:37.036 [info] Got 1 sessions for ...
2025-10-04 11:22:37.087 [info] Getting sessions for all scopes...
2025-10-04 11:22:37.087 [info] Got 1 sessions for ...
2025-10-04 11:22:37.087 [info] Getting sessions for all scopes...
2025-10-04 11:22:37.087 [info] Got 1 sessions for ...
2025-10-04 11:22:37.536 [info] Getting sessions for read:user,repo,user:email,workflow...
2025-10-04 11:22:37.536 [info] Got 0 sessions for read:user,repo,user:email,workflow...
2025-10-04 11:22:37.546 [info] Getting sessions for all scopes...
2025-10-04 11:22:37.546 [info] Got 1 sessions for ...
2025-10-04 11:22:37.554 [info] Getting sessions for all scopes...
2025-10-04 11:22:37.554 [info] Got 1 sessions for ...
2025-10-04 11:22:37.555 [info] Getting sessions for read:user,repo,user:email,workflow...
2025-10-04 11:22:37.555 [info] Got 0 sessions for read:user,repo,user:email,workflow...
2025-10-04 11:22:37.557 [info] Getting sessions for user:email...
2025-10-04 11:22:37.557 [info] Got 1 sessions for user:email...
2025-10-04 11:22:37.557 [info] Getting sessions for read:user,repo,user:email,workflow...
2025-10-04 11:22:37.557 [info] Got 0 sessions for read:user,repo,user:email,workflow...
2025-10-04 11:22:37.558 [info] Getting sessions for read:user...
2025-10-04 11:22:37.558 [info] Got 0 sessions for read:user...
2025-10-04 11:22:37.560 [info] Getting sessions for all scopes...
2025-10-04 11:22:37.560 [info] Got 1 sessions for ...
2025-10-04 11:22:37.562 [info] Getting sessions for user:email...
2025-10-04 11:22:37.562 [info] Got 1 sessions for user:email...
2025-10-04 11:22:37.656 [info] Getting sessions for all scopes...
2025-10-04 11:22:37.656 [info] Got 1 sessions for ...
2025-10-04 11:22:37.657 [info] Getting sessions for read:user,repo,user:email,workflow...
2025-10-04 11:22:37.657 [info] Got 0 sessions for read:user,repo,user:email,workflow...
2025-10-04 11:22:37.657 [info] Getting sessions for user:email...
2025-10-04 11:22:37.657 [info] Got 1 sessions for user:email...
2025-10-04 11:22:37.658 [info] Getting sessions for all scopes...
2025-10-04 11:22:37.658 [info] Got 1 sessions for ...
2025-10-04 11:22:37.659 [info] Getting sessions for read:user,repo,user:email,workflow...
2025-10-04 11:22:37.659 [info] Got 0 sessions for read:user,repo,user:email,workflow...
2025-10-04 11:22:37.659 [info] Getting sessions for user:email...
2025-10-04 11:22:37.659 [info] Got 1 sessions for user:email...
2025-10-04 11:22:38.005 [info] fetching: Electron fetch failed with status: 429 
2025-10-04 11:22:38.316 [info] Getting sessions for all scopes...
2025-10-04 11:22:38.316 [info] Got 1 sessions for ...
2025-10-04 11:22:38.323 [info] Getting sessions for read:user,repo,user:email,workflow...
2025-10-04 11:22:38.323 [info] Got 0 sessions for read:user,repo,user:email,workflow...
2025-10-04 11:22:38.324 [info] Getting sessions for user:email...
2025-10-04 11:22:38.324 [info] Got 1 sessions for user:email...
2025-10-04 11:22:38.459 [info] Getting sessions for all scopes...
2025-10-04 11:22:38.459 [info] Got 1 sessions for ...
2025-10-04 11:22:38.459 [info] Getting sessions for all scopes...
2025-10-04 11:22:38.459 [info] Got 1 sessions for ...
2025-10-04 11:22:38.461 [info] Getting sessions for read:user,repo,user:email,workflow...
2025-10-04 11:22:38.461 [info] Got 0 sessions for read:user,repo,user:email,workflow...
2025-10-04 11:22:38.463 [info] Getting sessions for user:email...
2025-10-04 11:22:38.463 [info] Got 1 sessions for user:email...
2025-10-04 11:22:38.463 [info] Getting sessions for read:user,repo,user:email,workflow...
2025-10-04 11:22:38.463 [info] Got 0 sessions for read:user,repo,user:email,workflow...
2025-10-04 11:22:38.464 [info] Getting sessions for all scopes...
2025-10-04 11:22:38.464 [info] Got 1 sessions for ...
2025-10-04 11:22:38.464 [info] Getting sessions for read:user,repo,user:email,workflow...
2025-10-04 11:22:38.464 [info] Got 0 sessions for read:user,repo,user:email,workflow...
2025-10-04 11:22:38.465 [info] Getting sessions for user:email...
2025-10-04 11:22:38.465 [info] Got 1 sessions for user:email...
2025-10-04 11:22:38.529 [info] Getting sessions for all scopes...
2025-10-04 11:22:38.529 [info] Got 1 sessions for ...
2025-10-04 11:22:38.529 [info] Getting sessions for all scopes...
2025-10-04 11:22:38.529 [info] Got 1 sessions for ...
2025-10-04 11:22:38.530 [info] Getting sessions for read:user,repo,user:email,workflow...
2025-10-04 11:22:38.530 [info] Got 0 sessions for read:user,repo,user:email,workflow...
2025-10-04 11:22:38.531 [info] Getting sessions for user:email...
2025-10-04 11:22:38.531 [info] Got 1 sessions for user:email...
2025-10-04 11:22:38.531 [info] Getting sessions for read:user,repo,user:email,workflow...
2025-10-04 11:22:38.531 [info] Got 0 sessions for read:user,repo,user:email,workflow...
2025-10-04 11:22:38.534 [info] Getting sessions for all scopes...
2025-10-04 11:22:38.534 [info] Got 1 sessions for ...
2025-10-04 11:22:38.534 [info] Getting sessions for all scopes...
2025-10-04 11:22:38.534 [info] Got 1 sessions for ...
2025-10-04 11:22:38.535 [info] Getting sessions for all scopes...
2025-10-04 11:22:38.535 [info] Got 1 sessions for ...
2025-10-04 11:22:38.536 [info] Getting sessions for read:user,repo,user:email,workflow...
2025-10-04 11:22:38.536 [info] Got 0 sessions for read:user,repo,user:email,workflow...
2025-10-04 11:22:38.537 [info] Getting sessions for user:email...
2025-10-04 11:22:38.537 [info] Got 1 sessions for user:email...
2025-10-04 11:22:38.592 [info] Getting sessions for all scopes...
2025-10-04 11:22:38.592 [info] Got 1 sessions for ...
2025-10-04 11:22:38.593 [info] Getting sessions for read:user,repo,user:email,workflow...
2025-10-04 11:22:38.593 [info] Got 0 sessions for read:user,repo,user:email,workflow...
2025-10-04 11:22:38.594 [info] Getting sessions for user:email...
2025-10-04 11:22:38.594 [info] Got 1 sessions for user:email...
2025-10-04 11:22:38.595 [info] Getting sessions for all scopes...
2025-10-04 11:22:38.595 [info] Got 1 sessions for ...
2025-10-04 11:22:38.595 [info] Getting sessions for read:user,repo,user:email,workflow...
2025-10-04 11:22:38.595 [info] Got 0 sessions for read:user,repo,user:email,workflow...
2025-10-04 11:22:38.596 [info] Getting sessions for user:email...
2025-10-04 11:22:38.596 [info] Got 1 sessions for user:email...
2025-10-04 11:22:38.597 [info] Getting sessions for all scopes...
2025-10-04 11:22:38.597 [info] Got 1 sessions for ...
2025-10-04 11:22:38.597 [info] Getting sessions for read:user,repo,user:email,workflow...
2025-10-04 11:22:38.597 [info] Got 0 sessions for read:user,repo,user:email,workflow...
2025-10-04 11:22:38.598 [info] Getting sessions for user:email...
2025-10-04 11:22:38.598 [info] Got 1 sessions for user:email...
2025-10-04 11:22:38.598 [info] Getting sessions for all scopes...
2025-10-04 11:22:38.598 [info] Got 1 sessions for ...
2025-10-04 11:22:38.599 [info] Getting sessions for read:user,repo,user:email,workflow...
2025-10-04 11:22:38.599 [info] Got 0 sessions for read:user,repo,user:email,workflow...
2025-10-04 11:22:38.599 [info] Getting sessions for user:email...
2025-10-04 11:22:38.599 [info] Got 1 sessions for user:email...
2025-10-04 11:22:38.643 [info] fetching: Node fetch failed with status: 429 Too Many Requests
2025-10-04 11:22:39.460 [info] Getting sessions for all scopes...
2025-10-04 11:22:39.460 [info] Got 1 sessions for ...
2025-10-04 11:22:39.461 [info] Getting sessions for read:user,repo,user:email,workflow...
2025-10-04 11:22:39.461 [info] Got 0 sessions for read:user,repo,user:email,workflow...
2025-10-04 11:22:39.462 [info] Getting sessions for user:email...
2025-10-04 11:22:39.462 [info] Got 1 sessions for user:email...
2025-10-04 11:22:39.463 [info] Getting sessions for all scopes...
2025-10-04 11:22:39.463 [info] Got 1 sessions for ...
2025-10-04 11:22:39.463 [info] Getting sessions for read:user,repo,user:email,workflow...
2025-10-04 11:22:39.463 [info] Got 0 sessions for read:user,repo,user:email,workflow...
2025-10-04 11:22:39.464 [info] Getting sessions for user:email...
2025-10-04 11:22:39.464 [info] Got 1 sessions for user:email...
2025-10-04 11:22:40.121 [info] Getting sessions for all scopes...
2025-10-04 11:22:40.121 [info] Got 1 sessions for ...
2025-10-04 11:22:40.167 [info] fetching: Node http/s failed with status: 429 Too Many Requests
2025-10-04 11:22:44.465 [info] Getting sessions for all scopes...
2025-10-04 11:22:44.466 [info] Got 1 sessions for ...
2025-10-04 11:22:44.466 [info] Getting sessions for read:user,repo,user:email,workflow...
2025-10-04 11:22:44.466 [info] Got 0 sessions for read:user,repo,user:email,workflow...
2025-10-04 11:22:44.467 [info] Getting sessions for user:email...
2025-10-04 11:22:44.467 [info] Got 1 sessions for user:email...
2025-10-04 11:22:45.272 [info] Getting sessions for all scopes...
2025-10-04 11:22:45.272 [info] Got 1 sessions for ...
2025-10-04 11:22:45.273 [info] Getting sessions for read:user,repo,user:email,workflow...
2025-10-04 11:22:45.273 [info] Got 0 sessions for read:user,repo,user:email,workflow...
2025-10-04 11:22:45.273 [info] Getting sessions for user:email...
2025-10-04 11:22:45.273 [info] Got 1 sessions for user:email...
2025-10-04 11:22:46.062 [info] Getting sessions for all scopes...
2025-10-04 11:22:46.062 [info] Got 1 sessions for ...
2025-10-04 11:22:46.063 [info] Getting sessions for read:user,repo,user:email,workflow...
2025-10-04 11:22:46.063 [info] Got 0 sessions for read:user,repo,user:email,workflow...
2025-10-04 11:22:46.063 [info] Getting sessions for user:email...
2025-10-04 11:22:46.063 [info] Got 1 sessions for user:email...
