2025-10-04 11:31:46.880 [info] [main] Log level: Info
2025-10-04 11:31:46.880 [info] [main] Validating found git in: "git"
2025-10-04 11:31:46.880 [info] [main] Using git "2.51.0" from "git"
2025-10-04 11:31:46.880 [info] [Model][doInitialScan] Initial repository scan started
2025-10-04 11:31:46.880 [info] > git rev-parse --show-toplevel [4ms]
2025-10-04 11:31:46.880 [info] fatal: not a git repository (or any parent up to mount point /)
Stopping at filesystem boundary (GIT_DISCOVERY_ACROSS_FILESYSTEM not set).
2025-10-04 11:31:46.880 [info] > git rev-parse --show-toplevel [2ms]
2025-10-04 11:31:46.880 [info] fatal: not a git repository (or any parent up to mount point /)
Stopping at filesystem boundary (GIT_DISCOVERY_ACROSS_FILESYSTEM not set).
2025-10-04 11:31:46.880 [info] > git rev-parse --show-toplevel [1ms]
2025-10-04 11:31:46.880 [info] fatal: not a git repository (or any parent up to mount point /)
Stopping at filesystem boundary (GIT_DISCOVERY_ACROSS_FILESYSTEM not set).
2025-10-04 11:31:46.880 [info] [Model][doInitialScan] Initial repository scan completed - repositories (0), closed repositories (0), parent repositories (0), unsafe repositories (0)
2025-10-04 11:31:46.880 [info] > git rev-parse --show-toplevel [2ms]
2025-10-04 11:31:46.880 [info] fatal: not a git repository (or any parent up to mount point /)
Stopping at filesystem boundary (GIT_DISCOVERY_ACROSS_FILESYSTEM not set).
2025-10-04 11:31:49.090 [info] > git rev-parse --show-toplevel [46ms]
2025-10-04 11:31:49.090 [info] fatal: not a git repository (or any parent up to mount point /)
Stopping at filesystem boundary (GIT_DISCOVERY_ACROSS_FILESYSTEM not set).
2025-10-04 11:31:49.309 [info] > git rev-parse --show-toplevel [173ms]
2025-10-04 11:31:49.309 [info] fatal: not a git repository (or any parent up to mount point /)
Stopping at filesystem boundary (GIT_DISCOVERY_ACROSS_FILESYSTEM not set).
2025-10-04 11:31:49.545 [info] > git rev-parse --show-toplevel [230ms]
2025-10-04 11:31:49.545 [info] fatal: not a git repository (or any parent up to mount point /)
Stopping at filesystem boundary (GIT_DISCOVERY_ACROSS_FILESYSTEM not set).
2025-10-04 11:31:49.557 [info] > git rev-parse --show-toplevel [2ms]
2025-10-04 11:31:49.557 [info] fatal: not a git repository (or any parent up to mount point /)
Stopping at filesystem boundary (GIT_DISCOVERY_ACROSS_FILESYSTEM not set).
2025-10-04 11:31:49.569 [info] > git rev-parse --show-toplevel [3ms]
2025-10-04 11:31:49.569 [info] fatal: not a git repository (or any parent up to mount point /)
Stopping at filesystem boundary (GIT_DISCOVERY_ACROSS_FILESYSTEM not set).
