    OpenRGB v0.9+ (1.0rc2)
    Commit:  from 
    Launched: 20251003_225551
====================================================================================================

53    |Info:    [ResourceManager] Initializing HID interfaces: Success
53    |Info:    ------------------------------------------------------
53    |Info:    |               Start device detection               |
54    |Info:    ------------------------------------------------------
63    |Info:    ------------------------------------------------------
63    |Info:    |             Detecting I2C interfaces               |
63    |Info:    ------------------------------------------------------
64    |Info:    [ResourceManager] Registering I2C interface: /dev/i2c-3 Device 10DE:2882 Subsystem: 1462:5161
64    |Info:    [ResourceManager] Registering I2C interface: /dev/i2c-1 Device 10DE:2882 Subsystem: 1462:5161
64    |Info:    [ResourceManager] Registering I2C interface: /dev/i2c-8 Device 1022:790B Subsystem: 1849:FFFF
64    |Info:    [ResourceManager] Registering I2C interface: /dev/i2c-6 Device 1022:790B Subsystem: 1849:FFFF
64    |Info:    [ResourceManager] Registering I2C interface: /dev/i2c-4 Device 10DE:2882 Subsystem: 1462:5161
64    |Info:    [ResourceManager] Registering I2C interface: /dev/i2c-2 Device 10DE:2882 Subsystem: 1462:5161
64    |Info:    [ResourceManager] Registering I2C interface: /dev/i2c-0 Device 10DE:2882 Subsystem: 1462:5161
64    |Info:    [ResourceManager] Registering I2C interface: /dev/i2c-7 Device 1022:790B Subsystem: 1849:FFFF
64    |Info:    [ResourceManager] Registering I2C interface: /dev/i2c-5 Device 10DE:2882 Subsystem: 1462:5161
64    |Info:    ------------------------------------------------------
64    |Info:    |               Detecting I2C devices                |
64    |Info:    ------------------------------------------------------
1037  |Info:    [ASRock B450 Pro4 R2.0] Registering RGB controller
1038  |Info:    ------------------------------------------------------
1038  |Info:    |            Detecting I2C DIMM modules              |
1038  |Info:    ------------------------------------------------------
1871  |Info:    [ResourceManager] Detected occupied slot 1, bus 3, type DDR4
3157  |Info:    [ResourceManager] Detected occupied slot 2, bus 3, type DDR4
4964  |Info:    [ResourceManager] Detected occupied slot 3, bus 3, type DDR4
7292  |Info:    [ResourceManager] Detected occupied slot 4, bus 3, type DDR4
7923  |Info:    ------------------------------------------------------
7923  |Info:    |               Detecting I2C PCI devices            |
7923  |Info:    ------------------------------------------------------
7925  |Info:    ------------------------------------------------------
7925  |Info:    |               Detecting HID devices                |
7925  |Info:    ------------------------------------------------------
7976  |Info:    [KLM] Created new Tenkeyless ANSI QWERTY with 6 rows and 17 columns containing 87 keys
7976  |Info:    [Red Square Keyrox TKL Classic] Registering RGB controller
7976  |Info:    ------------------------------------------------------
7976  |Info:    |            Detecting libusb HID devices            |
7976  |Info:    ------------------------------------------------------
8003  |Info:    ------------------------------------------------------
8003  |Info:    |              Detecting other devices               |
8003  |Info:    ------------------------------------------------------
8024  |Info:    [ResourceManager] Calling Post-detection callbacks
8024  |Info:    ------------------------------------------------------
8024  |Info:    |                Detection completed                 |
8024  |Info:    ------------------------------------------------------
8024  |Info:    [NetworkServer] Network connection thread started on port 6742
