    OpenRGB v0.9+ (1.0rc2)
    Commit:  from 
    Launched: 20251003_134035
====================================================================================================

53    |Info:    [ResourceManager] Initializing HID interfaces: Success
53    |Info:    ------------------------------------------------------
53    |Info:    |               Start device detection               |
53    |Info:    ------------------------------------------------------
62    |Info:    ------------------------------------------------------
62    |Info:    |             Detecting I2C interfaces               |
62    |Info:    ------------------------------------------------------
62    |Info:    [ResourceManager] Registering I2C interface: /dev/i2c-3 Device 10DE:2882 Subsystem: 1462:5161
62    |Info:    [ResourceManager] Registering I2C interface: /dev/i2c-1 Device 1022:790B Subsystem: 1849:FFFF
62    |Info:    [ResourceManager] Registering I2C interface: /dev/i2c-8 Device 10DE:2882 Subsystem: 1462:5161
63    |Info:    [ResourceManager] Registering I2C interface: /dev/i2c-6 Device 10DE:2882 Subsystem: 1462:5161
63    |Info:    [ResourceManager] Registering I2C interface: /dev/i2c-4 Device 10DE:2882 Subsystem: 1462:5161
63    |Info:    [ResourceManager] Registering I2C interface: /dev/i2c-2 Device 1022:790B Subsystem: 1849:FFFF
63    |Info:    [ResourceManager] Registering I2C interface: /dev/i2c-0 Device 1022:790B Subsystem: 1849:FFFF
63    |Info:    [ResourceManager] Registering I2C interface: /dev/i2c-7 Device 10DE:2882 Subsystem: 1462:5161
63    |Info:    [ResourceManager] Registering I2C interface: /dev/i2c-5 Device 10DE:2882 Subsystem: 1462:5161
63    |Info:    ------------------------------------------------------
63    |Info:    |               Detecting I2C devices                |
63    |Info:    ------------------------------------------------------
1025  |Info:    [ASRock B450 Pro4 R2.0] Registering RGB controller
1025  |Info:    ------------------------------------------------------
1025  |Info:    |            Detecting I2C DIMM modules              |
1025  |Info:    ------------------------------------------------------
1898  |Info:    [ResourceManager] Detected occupied slot 1, bus 6, type DDR4
3195  |Info:    [ResourceManager] Detected occupied slot 2, bus 6, type DDR4
4993  |Info:    [ResourceManager] Detected occupied slot 3, bus 6, type DDR4
7309  |Info:    [ResourceManager] Detected occupied slot 4, bus 6, type DDR4
7897  |Info:    ------------------------------------------------------
7897  |Info:    |               Detecting I2C PCI devices            |
7897  |Info:    ------------------------------------------------------
7898  |Info:    ------------------------------------------------------
7898  |Info:    |               Detecting HID devices                |
7898  |Info:    ------------------------------------------------------
7949  |Info:    [KLM] Created new Tenkeyless ANSI QWERTY with 6 rows and 17 columns containing 87 keys
7949  |Info:    [Red Square Keyrox TKL Classic] Registering RGB controller
7949  |Info:    ------------------------------------------------------
7949  |Info:    |            Detecting libusb HID devices            |
7949  |Info:    ------------------------------------------------------
7976  |Info:    ------------------------------------------------------
7976  |Info:    |              Detecting other devices               |
7976  |Info:    ------------------------------------------------------
7992  |Info:    [ResourceManager] Calling Post-detection callbacks
7992  |Info:    ------------------------------------------------------
7992  |Info:    |                Detection completed                 |
7992  |Info:    ------------------------------------------------------
