    OpenRGB v0.9+ (1.0rc2)
    Commit:  from 
    Launched: 20251003_191955
====================================================================================================

54    |Info:    [ResourceManager] Initializing HID interfaces: Success
54    |Info:    ------------------------------------------------------
54    |Info:    |               Start device detection               |
54    |Info:    ------------------------------------------------------
66    |Info:    ------------------------------------------------------
66    |Info:    |             Detecting I2C interfaces               |
66    |Info:    ------------------------------------------------------
66    |Info:    [ResourceManager] Registering I2C interface: /dev/i2c-3 Device 10DE:2882 Subsystem: 1462:5161
66    |Info:    [ResourceManager] Registering I2C interface: /dev/i2c-1 Device 10DE:2882 Subsystem: 1462:5161
66    |Info:    [ResourceManager] Registering I2C interface: /dev/i2c-8 Device 1022:790B Subsystem: 1849:FFFF
66    |Info:    [ResourceManager] Registering I2C interface: /dev/i2c-6 Device 1022:790B Subsystem: 1849:FFFF
66    |Info:    [ResourceManager] Registering I2C interface: /dev/i2c-4 Device 10DE:2882 Subsystem: 1462:5161
66    |Info:    [ResourceManager] Registering I2C interface: /dev/i2c-2 Device 10DE:2882 Subsystem: 1462:5161
67    |Info:    [ResourceManager] Registering I2C interface: /dev/i2c-0 Device 10DE:2882 Subsystem: 1462:5161
67    |Info:    [ResourceManager] Registering I2C interface: /dev/i2c-7 Device 1022:790B Subsystem: 1849:FFFF
67    |Info:    [ResourceManager] Registering I2C interface: /dev/i2c-5 Device 10DE:2882 Subsystem: 1462:5161
67    |Info:    ------------------------------------------------------
67    |Info:    |               Detecting I2C devices                |
67    |Info:    ------------------------------------------------------
1035  |Info:    [ASRock B450 Pro4 R2.0] Registering RGB controller
1036  |Info:    ------------------------------------------------------
1036  |Info:    |            Detecting I2C DIMM modules              |
1036  |Info:    ------------------------------------------------------
1873  |Info:    [ResourceManager] Detected occupied slot 1, bus 3, type DDR4
3164  |Info:    [ResourceManager] Detected occupied slot 2, bus 3, type DDR4
4974  |Info:    [ResourceManager] Detected occupied slot 3, bus 3, type DDR4
7294  |Info:    [ResourceManager] Detected occupied slot 4, bus 3, type DDR4
7926  |Info:    ------------------------------------------------------
7926  |Info:    |               Detecting I2C PCI devices            |
7926  |Info:    ------------------------------------------------------
7928  |Info:    ------------------------------------------------------
7928  |Info:    |               Detecting HID devices                |
7928  |Info:    ------------------------------------------------------
7979  |Info:    [KLM] Created new Tenkeyless ANSI QWERTY with 6 rows and 17 columns containing 87 keys
7979  |Info:    [Red Square Keyrox TKL Classic] Registering RGB controller
7979  |Info:    ------------------------------------------------------
7979  |Info:    |            Detecting libusb HID devices            |
7979  |Info:    ------------------------------------------------------
8006  |Info:    ------------------------------------------------------
8006  |Info:    |              Detecting other devices               |
8006  |Info:    ------------------------------------------------------
8029  |Info:    [ResourceManager] Calling Post-detection callbacks
8029  |Info:    ------------------------------------------------------
8029  |Info:    |                Detection completed                 |
8029  |Info:    ------------------------------------------------------
8029  |Info:    [NetworkServer] Network connection thread started on port 6742
