    OpenRGB v0.9+ (1.0rc2)
    Commit:  from 
    Launched: 20251003_154615
====================================================================================================

53    |Info:    [ResourceManager] Initializing HID interfaces: Success
53    |Info:    ------------------------------------------------------
53    |Info:    |               Start device detection               |
53    |Info:    ------------------------------------------------------
63    |Info:    ------------------------------------------------------
63    |Info:    |             Detecting I2C interfaces               |
63    |Info:    ------------------------------------------------------
63    |Info:    [ResourceManager] Registering I2C interface: /dev/i2c-3 Device 10DE:2882 Subsystem: 1462:5161
63    |Info:    [ResourceManager] Registering I2C interface: /dev/i2c-1 Device 1022:790B Subsystem: 1849:FFFF
63    |Info:    [ResourceManager] Registering I2C interface: /dev/i2c-8 Device 10DE:2882 Subsystem: 1462:5161
63    |Info:    [ResourceManager] Registering I2C interface: /dev/i2c-6 Device 10DE:2882 Subsystem: 1462:5161
63    |Info:    [ResourceManager] Registering I2C interface: /dev/i2c-4 Device 10DE:2882 Subsystem: 1462:5161
63    |Info:    [ResourceManager] Registering I2C interface: /dev/i2c-2 Device 1022:790B Subsystem: 1849:FFFF
63    |Info:    [ResourceManager] Registering I2C interface: /dev/i2c-0 Device 1022:790B Subsystem: 1849:FFFF
63    |Info:    [ResourceManager] Registering I2C interface: /dev/i2c-7 Device 10DE:2882 Subsystem: 1462:5161
64    |Info:    [ResourceManager] Registering I2C interface: /dev/i2c-5 Device 10DE:2882 Subsystem: 1462:5161
64    |Info:    ------------------------------------------------------
64    |Info:    |               Detecting I2C devices                |
64    |Info:    ------------------------------------------------------
4578  |Info:    [ASRock B450 Pro4 R2.0] Registering RGB controller
4579  |Info:    ------------------------------------------------------
4579  |Info:    |            Detecting I2C DIMM modules              |
4579  |Info:    ------------------------------------------------------
7813  |Info:    [ResourceManager] Detected occupied slot 1, bus 6, type DDR4
9098  |Info:    [ResourceManager] Detected occupied slot 2, bus 6, type DDR4
10897 |Info:    [ResourceManager] Detected occupied slot 3, bus 6, type DDR4
13208 |Info:    [ResourceManager] Detected occupied slot 4, bus 6, type DDR4
13789 |Info:    ------------------------------------------------------
13789 |Info:    |               Detecting I2C PCI devices            |
13789 |Info:    ------------------------------------------------------
13789 |Info:    ------------------------------------------------------
13789 |Info:    |               Detecting HID devices                |
13789 |Info:    ------------------------------------------------------
13790 |Info:    [KLM] Created new Tenkeyless ANSI QWERTY with 6 rows and 17 columns containing 87 keys
13790 |Info:    [Red Square Keyrox TKL Classic] Registering RGB controller
13790 |Info:    ------------------------------------------------------
13790 |Info:    |            Detecting libusb HID devices            |
13790 |Info:    ------------------------------------------------------
13816 |Info:    ------------------------------------------------------
13816 |Info:    |              Detecting other devices               |
13816 |Info:    ------------------------------------------------------
13832 |Info:    [ResourceManager] Calling Post-detection callbacks
13832 |Info:    ------------------------------------------------------
13832 |Info:    |                Detection completed                 |
13832 |Info:    ------------------------------------------------------
