    OpenRGB v0.9+ (1.0rc2)
    Commit:  from 
    Launched: 20251001_234603
====================================================================================================

53    |Info:    [ResourceManager] Initializing HID interfaces: Success
53    |Info:    ------------------------------------------------------
53    |Info:    |               Start device detection               |
53    |Info:    ------------------------------------------------------
67    |Info:    ------------------------------------------------------
67    |Info:    |             Detecting I2C interfaces               |
67    |Info:    ------------------------------------------------------
67    |Info:    [ResourceManager] Registering I2C interface: /dev/i2c-3 Device 10DE:2882 Subsystem: 1462:5161
67    |Info:    [ResourceManager] Registering I2C interface: /dev/i2c-1 Device 10DE:2882 Subsystem: 1462:5161
67    |Info:    [ResourceManager] Registering I2C interface: /dev/i2c-8 Device 1022:790B Subsystem: 1849:FFFF
67    |Info:    [ResourceManager] Registering I2C interface: /dev/i2c-6 Device 1022:790B Subsystem: 1849:FFFF
67    |Info:    [ResourceManager] Registering I2C interface: /dev/i2c-4 Device 10DE:2882 Subsystem: 1462:5161
67    |Info:    [ResourceManager] Registering I2C interface: /dev/i2c-2 Device 10DE:2882 Subsystem: 1462:5161
68    |Info:    [ResourceManager] Registering I2C interface: /dev/i2c-0 Device 10DE:2882 Subsystem: 1462:5161
68    |Info:    [ResourceManager] Registering I2C interface: /dev/i2c-7 Device 1022:790B Subsystem: 1849:FFFF
68    |Info:    [ResourceManager] Registering I2C interface: /dev/i2c-5 Device 10DE:2882 Subsystem: 1462:5161
68    |Info:    ------------------------------------------------------
68    |Info:    |               Detecting I2C devices                |
68    |Info:    ------------------------------------------------------
1035  |Info:    [ASRock B450 Pro4 R2.0] Registering RGB controller
1036  |Info:    ------------------------------------------------------
1036  |Info:    |            Detecting I2C DIMM modules              |
1036  |Info:    ------------------------------------------------------
1852  |Info:    [ResourceManager] Detected occupied slot 1, bus 3, type DDR4
3147  |Info:    [ResourceManager] Detected occupied slot 2, bus 3, type DDR4
5465  |Info:    [ResourceManager] Detected occupied slot 3, bus 3, type DDR4
10093 |Info:    [ResourceManager] Detected occupied slot 4, bus 3, type DDR4
14490 |Info:    ------------------------------------------------------
14490 |Info:    |               Detecting I2C PCI devices            |
14490 |Info:    ------------------------------------------------------
14491 |Info:    ------------------------------------------------------
14491 |Info:    |               Detecting HID devices                |
14491 |Info:    ------------------------------------------------------
14544 |Info:    [KLM] Created new Tenkeyless ANSI QWERTY with 6 rows and 17 columns containing 87 keys
14544 |Info:    [Red Square Keyrox TKL Classic] Registering RGB controller
14544 |Info:    ------------------------------------------------------
14544 |Info:    |            Detecting libusb HID devices            |
14544 |Info:    ------------------------------------------------------
14570 |Info:    ------------------------------------------------------
14570 |Info:    |              Detecting other devices               |
14570 |Info:    ------------------------------------------------------
14590 |Info:    [ResourceManager] Calling Post-detection callbacks
14591 |Info:    ------------------------------------------------------
14591 |Info:    |                Detection completed                 |
14591 |Info:    ------------------------------------------------------
14591 |Info:    [NetworkServer] Network connection thread started on port 6742
224512|Info:    [NetworkServer] Network server started
225773|ERROR:   [NetworkServer] recv_select failed receiving magic, closing listener
225773|Info:    [NetworkServer] Closing server connection: 127.0.0.1
229009|Info:    [NetworkServer] Network server started
230270|ERROR:   [NetworkServer] recv_select failed receiving magic, closing listener
230270|Info:    [NetworkServer] Closing server connection: 127.0.0.1
234261|Info:    [NetworkServer] Network server started
235523|ERROR:   [NetworkServer] recv_select failed receiving magic, closing listener
235523|Info:    [NetworkServer] Closing server connection: 127.0.0.1
236670|Info:    [NetworkServer] Network server started
237931|ERROR:   [NetworkServer] recv_select failed receiving magic, closing listener
237931|Info:    [NetworkServer] Closing server connection: 127.0.0.1
243315|Info:    [NetworkServer] Network server started
244576|ERROR:   [NetworkServer] recv_select failed receiving magic, closing listener
244576|Info:    [NetworkServer] Closing server connection: 127.0.0.1
244661|Info:    [NetworkServer] Network server started
245923|ERROR:   [NetworkServer] recv_select failed receiving magic, closing listener
245923|Info:    [NetworkServer] Closing server connection: 127.0.0.1
