    OpenRGB v0.9+ (1.0rc2)
    Commit:  from 
    Launched: 20251003_225552
====================================================================================================

54    |Info:    [ResourceManager] Initializing HID interfaces: Success
54    |Info:    ------------------------------------------------------
54    |Info:    |               Start device detection               |
54    |Info:    ------------------------------------------------------
64    |Info:    ------------------------------------------------------
64    |Info:    |             Detecting I2C interfaces               |
64    |Info:    ------------------------------------------------------
64    |Info:    [ResourceManager] Registering I2C interface: /dev/i2c-3 Device 10DE:2882 Subsystem: 1462:5161
65    |Info:    [ResourceManager] Registering I2C interface: /dev/i2c-1 Device 10DE:2882 Subsystem: 1462:5161
65    |Info:    [ResourceManager] Registering I2C interface: /dev/i2c-8 Device 1022:790B Subsystem: 1849:FFFF
65    |Info:    [ResourceManager] Registering I2C interface: /dev/i2c-6 Device 1022:790B Subsystem: 1849:FFFF
65    |Info:    [ResourceManager] Registering I2C interface: /dev/i2c-4 Device 10DE:2882 Subsystem: 1462:5161
65    |Info:    [ResourceManager] Registering I2C interface: /dev/i2c-2 Device 10DE:2882 Subsystem: 1462:5161
65    |Info:    [ResourceManager] Registering I2C interface: /dev/i2c-0 Device 10DE:2882 Subsystem: 1462:5161
65    |Info:    [ResourceManager] Registering I2C interface: /dev/i2c-7 Device 1022:790B Subsystem: 1849:FFFF
65    |Info:    [ResourceManager] Registering I2C interface: /dev/i2c-5 Device 10DE:2882 Subsystem: 1462:5161
65    |Info:    ------------------------------------------------------
65    |Info:    |               Detecting I2C devices                |
65    |Info:    ------------------------------------------------------
7332  |Info:    [ASRock B450 Pro4 R2.0] Registering RGB controller
7333  |Info:    ------------------------------------------------------
7333  |Info:    |            Detecting I2C DIMM modules              |
7333  |Info:    ------------------------------------------------------
8144  |Info:    [ResourceManager] Detected occupied slot 1, bus 3, type DDR4
9430  |Info:    [ResourceManager] Detected occupied slot 2, bus 3, type DDR4
11226 |Info:    [ResourceManager] Detected occupied slot 3, bus 3, type DDR4
13536 |Info:    [ResourceManager] Detected occupied slot 4, bus 3, type DDR4
14165 |Info:    ------------------------------------------------------
14165 |Info:    |               Detecting I2C PCI devices            |
14165 |Info:    ------------------------------------------------------
14166 |Info:    ------------------------------------------------------
14166 |Info:    |               Detecting HID devices                |
14166 |Info:    ------------------------------------------------------
14167 |Info:    [KLM] Created new Tenkeyless ANSI QWERTY with 6 rows and 17 columns containing 87 keys
14167 |Info:    [Red Square Keyrox TKL Classic] Registering RGB controller
14167 |Info:    ------------------------------------------------------
14167 |Info:    |            Detecting libusb HID devices            |
14167 |Info:    ------------------------------------------------------
14194 |Info:    ------------------------------------------------------
14194 |Info:    |              Detecting other devices               |
14194 |Info:    ------------------------------------------------------
14213 |Info:    [ResourceManager] Calling Post-detection callbacks
14213 |Info:    ------------------------------------------------------
14213 |Info:    |                Detection completed                 |
14213 |Info:    ------------------------------------------------------
