    OpenRGB v0.9+ (1.0rc2)
    Commit:  from 
    Launched: 20251004_104104
====================================================================================================

54    |Info:    [ResourceManager] Initializing HID interfaces: Success
54    |Info:    ------------------------------------------------------
54    |Info:    |               Start device detection               |
54    |Info:    ------------------------------------------------------
64    |Info:    ------------------------------------------------------
64    |Info:    |             Detecting I2C interfaces               |
64    |Info:    ------------------------------------------------------
65    |Info:    [ResourceManager] Registering I2C interface: /dev/i2c-3 Device 10DE:2882 Subsystem: 1462:5161
65    |Info:    [ResourceManager] Registering I2C interface: /dev/i2c-1 Device 10DE:2882 Subsystem: 1462:5161
65    |Info:    [ResourceManager] Registering I2C interface: /dev/i2c-8 Device 1022:790B Subsystem: 1849:FFFF
65    |Info:    [ResourceManager] Registering I2C interface: /dev/i2c-6 Device 1022:790B Subsystem: 1849:FFFF
65    |Info:    [ResourceManager] Registering I2C interface: /dev/i2c-4 Device 10DE:2882 Subsystem: 1462:5161
65    |Info:    [ResourceManager] Registering I2C interface: /dev/i2c-2 Device 10DE:2882 Subsystem: 1462:5161
65    |Info:    [ResourceManager] Registering I2C interface: /dev/i2c-0 Device 10DE:2882 Subsystem: 1462:5161
65    |Info:    [ResourceManager] Registering I2C interface: /dev/i2c-7 Device 1022:790B Subsystem: 1849:FFFF
65    |Info:    [ResourceManager] Registering I2C interface: /dev/i2c-5 Device 10DE:2882 Subsystem: 1462:5161
65    |Info:    ------------------------------------------------------
65    |Info:    |               Detecting I2C devices                |
65    |Info:    ------------------------------------------------------
7162  |Info:    [ASRock B450 Pro4 R2.0] Registering RGB controller
7163  |Info:    ------------------------------------------------------
7163  |Info:    |            Detecting I2C DIMM modules              |
7163  |Info:    ------------------------------------------------------
7971  |Info:    [ResourceManager] Detected occupied slot 1, bus 3, type DDR4
9252  |Info:    [ResourceManager] Detected occupied slot 2, bus 3, type DDR4
11052 |Info:    [ResourceManager] Detected occupied slot 3, bus 3, type DDR4
13364 |Info:    [ResourceManager] Detected occupied slot 4, bus 3, type DDR4
13990 |Info:    ------------------------------------------------------
13990 |Info:    |               Detecting I2C PCI devices            |
13990 |Info:    ------------------------------------------------------
13991 |Info:    ------------------------------------------------------
13991 |Info:    |               Detecting HID devices                |
13991 |Info:    ------------------------------------------------------
13992 |Info:    [KLM] Created new Tenkeyless ANSI QWERTY with 6 rows and 17 columns containing 87 keys
13992 |Info:    [Red Square Keyrox TKL Classic] Registering RGB controller
13992 |Info:    ------------------------------------------------------
13992 |Info:    |            Detecting libusb HID devices            |
13992 |Info:    ------------------------------------------------------
14017 |Info:    ------------------------------------------------------
14017 |Info:    |              Detecting other devices               |
14017 |Info:    ------------------------------------------------------
14032 |Info:    [ResourceManager] Calling Post-detection callbacks
14032 |Info:    ------------------------------------------------------
14032 |Info:    |                Detection completed                 |
14032 |Info:    ------------------------------------------------------
