    OpenRGB v0.9+ (1.0rc2)
    Commit:  from 
    Launched: 20251003_191956
====================================================================================================

53    |Info:    [ResourceManager] Initializing HID interfaces: Success
53    |Info:    ------------------------------------------------------
53    |Info:    |               Start device detection               |
53    |Info:    ------------------------------------------------------
63    |Info:    ------------------------------------------------------
63    |Info:    |             Detecting I2C interfaces               |
63    |Info:    ------------------------------------------------------
63    |Info:    [ResourceManager] Registering I2C interface: /dev/i2c-3 Device 10DE:2882 Subsystem: 1462:5161
63    |Info:    [ResourceManager] Registering I2C interface: /dev/i2c-1 Device 10DE:2882 Subsystem: 1462:5161
63    |Info:    [ResourceManager] Registering I2C interface: /dev/i2c-8 Device 1022:790B Subsystem: 1849:FFFF
63    |Info:    [ResourceManager] Registering I2C interface: /dev/i2c-6 Device 1022:790B Subsystem: 1849:FFFF
63    |Info:    [ResourceManager] Registering I2C interface: /dev/i2c-4 Device 10DE:2882 Subsystem: 1462:5161
63    |Info:    [ResourceManager] Registering I2C interface: /dev/i2c-2 Device 10DE:2882 Subsystem: 1462:5161
63    |Info:    [ResourceManager] Registering I2C interface: /dev/i2c-0 Device 10DE:2882 Subsystem: 1462:5161
63    |Info:    [ResourceManager] Registering I2C interface: /dev/i2c-7 Device 1022:790B Subsystem: 1849:FFFF
64    |Info:    [ResourceManager] Registering I2C interface: /dev/i2c-5 Device 10DE:2882 Subsystem: 1462:5161
64    |Info:    ------------------------------------------------------
64    |Info:    |               Detecting I2C devices                |
64    |Info:    ------------------------------------------------------
7556  |Info:    [ASRock B450 Pro4 R2.0] Registering RGB controller
7557  |Info:    ------------------------------------------------------
7557  |Info:    |            Detecting I2C DIMM modules              |
7557  |Info:    ------------------------------------------------------
8368  |Info:    [ResourceManager] Detected occupied slot 1, bus 3, type DDR4
9654  |Info:    [ResourceManager] Detected occupied slot 2, bus 3, type DDR4
11453 |Info:    [ResourceManager] Detected occupied slot 3, bus 3, type DDR4
13766 |Info:    [ResourceManager] Detected occupied slot 4, bus 3, type DDR4
14394 |Info:    ------------------------------------------------------
14394 |Info:    |               Detecting I2C PCI devices            |
14394 |Info:    ------------------------------------------------------
14395 |Info:    ------------------------------------------------------
14395 |Info:    |               Detecting HID devices                |
14395 |Info:    ------------------------------------------------------
14396 |Info:    [KLM] Created new Tenkeyless ANSI QWERTY with 6 rows and 17 columns containing 87 keys
14396 |Info:    [Red Square Keyrox TKL Classic] Registering RGB controller
14396 |Info:    ------------------------------------------------------
14396 |Info:    |            Detecting libusb HID devices            |
14396 |Info:    ------------------------------------------------------
14422 |Info:    ------------------------------------------------------
14422 |Info:    |              Detecting other devices               |
14422 |Info:    ------------------------------------------------------
14436 |Info:    [ResourceManager] Calling Post-detection callbacks
14436 |Info:    ------------------------------------------------------
14436 |Info:    |                Detection completed                 |
14436 |Info:    ------------------------------------------------------
