    OpenRGB v0.9+ (1.0rc2)
    Commit:  from 
    Launched: 20251003_131518
====================================================================================================

53    |Info:    [ResourceManager] Initializing HID interfaces: Success
53    |Info:    ------------------------------------------------------
53    |Info:    |               Start device detection               |
53    |Info:    ------------------------------------------------------
63    |Info:    ------------------------------------------------------
63    |Info:    |             Detecting I2C interfaces               |
63    |Info:    ------------------------------------------------------
63    |Info:    [ResourceManager] Registering I2C interface: /dev/i2c-3 Device 10DE:2882 Subsystem: 1462:5161
63    |Info:    [ResourceManager] Registering I2C interface: /dev/i2c-1 Device 1022:790B Subsystem: 1849:FFFF
63    |Info:    [ResourceManager] Registering I2C interface: /dev/i2c-8 Device 10DE:2882 Subsystem: 1462:5161
63    |Info:    [ResourceManager] Registering I2C interface: /dev/i2c-6 Device 10DE:2882 Subsystem: 1462:5161
63    |Info:    [ResourceManager] Registering I2C interface: /dev/i2c-4 Device 10DE:2882 Subsystem: 1462:5161
64    |Info:    [ResourceManager] Registering I2C interface: /dev/i2c-2 Device 1022:790B Subsystem: 1849:FFFF
64    |Info:    [ResourceManager] Registering I2C interface: /dev/i2c-0 Device 1022:790B Subsystem: 1849:FFFF
64    |Info:    [ResourceManager] Registering I2C interface: /dev/i2c-7 Device 10DE:2882 Subsystem: 1462:5161
64    |Info:    [ResourceManager] Registering I2C interface: /dev/i2c-5 Device 10DE:2882 Subsystem: 1462:5161
64    |Info:    ------------------------------------------------------
64    |Info:    |               Detecting I2C devices                |
64    |Info:    ------------------------------------------------------
1030  |Info:    [ASRock B450 Pro4 R2.0] Registering RGB controller
1030  |Info:    ------------------------------------------------------
1030  |Info:    |            Detecting I2C DIMM modules              |
1030  |Info:    ------------------------------------------------------
1891  |Info:    [ResourceManager] Detected occupied slot 1, bus 6, type DDR4
3175  |Info:    [ResourceManager] Detected occupied slot 2, bus 6, type DDR4
4974  |Info:    [ResourceManager] Detected occupied slot 3, bus 6, type DDR4
7287  |Info:    [ResourceManager] Detected occupied slot 4, bus 6, type DDR4
7868  |Info:    ------------------------------------------------------
7868  |Info:    |               Detecting I2C PCI devices            |
7868  |Info:    ------------------------------------------------------
7868  |Info:    ------------------------------------------------------
7868  |Info:    |               Detecting HID devices                |
7868  |Info:    ------------------------------------------------------
7920  |Info:    [KLM] Created new Tenkeyless ANSI QWERTY with 6 rows and 17 columns containing 87 keys
7920  |Info:    [Red Square Keyrox TKL Classic] Registering RGB controller
7920  |Info:    ------------------------------------------------------
7920  |Info:    |            Detecting libusb HID devices            |
7920  |Info:    ------------------------------------------------------
7945  |Info:    ------------------------------------------------------
7945  |Info:    |              Detecting other devices               |
7945  |Info:    ------------------------------------------------------
7964  |Info:    [ResourceManager] Calling Post-detection callbacks
7964  |Info:    ------------------------------------------------------
7964  |Info:    |                Detection completed                 |
7964  |Info:    ------------------------------------------------------
