    OpenRGB v0.9+ (1.0rc2)
    Commit:  from 
    Launched: 20251002_021319
====================================================================================================

53    |Info:    [ResourceManager] Initializing HID interfaces: Success
53    |Info:    ------------------------------------------------------
53    |Info:    |               Start device detection               |
53    |Info:    ------------------------------------------------------
62    |Info:    ------------------------------------------------------
62    |Info:    |             Detecting I2C interfaces               |
62    |Info:    ------------------------------------------------------
62    |Info:    [ResourceManager] Registering I2C interface: /dev/i2c-3 Device 10DE:2882 Subsystem: 1462:5161
62    |Info:    [ResourceManager] Registering I2C interface: /dev/i2c-1 Device 10DE:2882 Subsystem: 1462:5161
62    |Info:    [ResourceManager] Registering I2C interface: /dev/i2c-8 Device 1022:790B Subsystem: 1849:FFFF
63    |Info:    [ResourceManager] Registering I2C interface: /dev/i2c-6 Device 1022:790B Subsystem: 1849:FFFF
63    |Info:    [ResourceManager] Registering I2C interface: /dev/i2c-4 Device 10DE:2882 Subsystem: 1462:5161
63    |Info:    [ResourceManager] Registering I2C interface: /dev/i2c-2 Device 10DE:2882 Subsystem: 1462:5161
63    |Info:    [ResourceManager] Registering I2C interface: /dev/i2c-0 Device 10DE:2882 Subsystem: 1462:5161
63    |Info:    [ResourceManager] Registering I2C interface: /dev/i2c-7 Device 1022:790B Subsystem: 1849:FFFF
63    |Info:    [ResourceManager] Registering I2C interface: /dev/i2c-5 Device 10DE:2882 Subsystem: 1462:5161
63    |Info:    ------------------------------------------------------
63    |Info:    |               Detecting I2C devices                |
63    |Info:    ------------------------------------------------------
889   |Info:    ------------------------------------------------------
889   |Info:    |            Detecting I2C DIMM modules              |
889   |Info:    ------------------------------------------------------
1687  |Info:    [ResourceManager] Detected occupied slot 1, bus 3, type DDR4
2972  |Info:    [ResourceManager] Detected occupied slot 2, bus 3, type DDR4
4768  |Info:    [ResourceManager] Detected occupied slot 3, bus 3, type DDR4
7081  |Info:    [ResourceManager] Detected occupied slot 4, bus 3, type DDR4
7681  |Info:    ------------------------------------------------------
7681  |Info:    |               Detecting I2C PCI devices            |
7681  |Info:    ------------------------------------------------------
7681  |Info:    ------------------------------------------------------
7681  |Info:    |               Detecting HID devices                |
7681  |Info:    ------------------------------------------------------
7733  |Info:    [KLM] Created new Tenkeyless ANSI QWERTY with 6 rows and 17 columns containing 87 keys
7733  |Info:    [Red Square Keyrox TKL Classic] Registering RGB controller
7733  |Info:    ------------------------------------------------------
7733  |Info:    |            Detecting libusb HID devices            |
7733  |Info:    ------------------------------------------------------
7758  |Info:    ------------------------------------------------------
7758  |Info:    |              Detecting other devices               |
7758  |Info:    ------------------------------------------------------
7777  |Info:    [ResourceManager] Calling Post-detection callbacks
7777  |Info:    ------------------------------------------------------
7777  |Info:    |                Detection completed                 |
7777  |Info:    ------------------------------------------------------
7777  |Dialog:  <h2>Some internal devices may not be detected:</h2><p>One or more I2C or SMBus interfaces failed to initialize.</p><p><b>RGB DRAM modules, some motherboards' onboard RGB lighting, and RGB Graphics Cards, will not be available in OpenRGB</b> without I2C or SMBus.</p><h4>How to fix this:</h4><p>On Linux, this is usually because the i2c-dev module is not loaded.</p><p>You must load the i2c-dev module along with the correct i2c driver for your motherboard. This is usually i2c-piix4 for AMD systems and i2c-i801 for Intel systems.</p><p>See <a href='https://help.openrgb.org/'>help.openrgb.org</a> for additional troubleshooting steps if you keep seeing this message.<br></p><h3>If you are not using internal RGB on a desktop this message is not important to you.</h3>
