    OpenRGB v0.9+ (1.0rc2)
    Commit:  from 
    Launched: 20251001_234604
====================================================================================================

53    |Info:    [ResourceManager] Initializing HID interfaces: Success
53    |Info:    ------------------------------------------------------
53    |Info:    |               Start device detection               |
53    |Info:    ------------------------------------------------------
62    |Info:    ------------------------------------------------------
62    |Info:    |             Detecting I2C interfaces               |
62    |Info:    ------------------------------------------------------
63    |Info:    [ResourceManager] Registering I2C interface: /dev/i2c-3 Device 10DE:2882 Subsystem: 1462:5161
63    |Info:    [ResourceManager] Registering I2C interface: /dev/i2c-1 Device 10DE:2882 Subsystem: 1462:5161
63    |Info:    [ResourceManager] Registering I2C interface: /dev/i2c-8 Device 1022:790B Subsystem: 1849:FFFF
63    |Info:    [ResourceManager] Registering I2C interface: /dev/i2c-6 Device 1022:790B Subsystem: 1849:FFFF
63    |Info:    [ResourceManager] Registering I2C interface: /dev/i2c-4 Device 10DE:2882 Subsystem: 1462:5161
63    |Info:    [ResourceManager] Registering I2C interface: /dev/i2c-2 Device 10DE:2882 Subsystem: 1462:5161
63    |Info:    [ResourceManager] Registering I2C interface: /dev/i2c-0 Device 10DE:2882 Subsystem: 1462:5161
63    |Info:    [ResourceManager] Registering I2C interface: /dev/i2c-7 Device 1022:790B Subsystem: 1849:FFFF
63    |Info:    [ResourceManager] Registering I2C interface: /dev/i2c-5 Device 10DE:2882 Subsystem: 1462:5161
63    |Info:    ------------------------------------------------------
63    |Info:    |               Detecting I2C devices                |
63    |Info:    ------------------------------------------------------
3442  |Info:    [ASRock B450 Pro4 R2.0] Registering RGB controller
3509  |Info:    ------------------------------------------------------
3509  |Info:    |            Detecting I2C DIMM modules              |
3509  |Info:    ------------------------------------------------------
5050  |Info:    [ResourceManager] Detected occupied slot 1, bus 3, type DDR4
7621  |Info:    [ResourceManager] Detected occupied slot 2, bus 3, type DDR4
10969 |Info:    [ResourceManager] Detected occupied slot 3, bus 3, type DDR4
13292 |Info:    [ResourceManager] Detected occupied slot 4, bus 3, type DDR4
13925 |Info:    ------------------------------------------------------
13925 |Info:    |               Detecting I2C PCI devices            |
13925 |Info:    ------------------------------------------------------
13926 |Info:    ------------------------------------------------------
13926 |Info:    |               Detecting HID devices                |
13926 |Info:    ------------------------------------------------------
13926 |Info:    [KLM] Created new Tenkeyless ANSI QWERTY with 6 rows and 17 columns containing 87 keys
13926 |Info:    [Red Square Keyrox TKL Classic] Registering RGB controller
13926 |Info:    ------------------------------------------------------
13926 |Info:    |            Detecting libusb HID devices            |
13926 |Info:    ------------------------------------------------------
13952 |Info:    ------------------------------------------------------
13952 |Info:    |              Detecting other devices               |
13952 |Info:    ------------------------------------------------------
13966 |Info:    [ResourceManager] Calling Post-detection callbacks
13967 |Info:    ------------------------------------------------------
13967 |Info:    |                Detection completed                 |
13967 |Info:    ------------------------------------------------------
