    OpenRGB v0.9+ (1.0rc2)
    Commit:  from 
    Launched: 20251003_130753
====================================================================================================

54    |Info:    [ResourceManager] Initializing HID interfaces: Success
54    |Info:    ------------------------------------------------------
54    |Info:    |               Start device detection               |
54    |Info:    ------------------------------------------------------
67    |Info:    ------------------------------------------------------
67    |Info:    |             Detecting I2C interfaces               |
67    |Info:    ------------------------------------------------------
67    |Info:    [ResourceManager] Registering I2C interface: /dev/i2c-3 Device 10DE:2882 Subsystem: 1462:5161
67    |Info:    [ResourceManager] Registering I2C interface: /dev/i2c-1 Device 1022:790B Subsystem: 1849:FFFF
67    |Info:    [ResourceManager] Registering I2C interface: /dev/i2c-8 Device 10DE:2882 Subsystem: 1462:5161
67    |Info:    [ResourceManager] Registering I2C interface: /dev/i2c-6 Device 10DE:2882 Subsystem: 1462:5161
67    |Info:    [ResourceManager] Registering I2C interface: /dev/i2c-4 Device 10DE:2882 Subsystem: 1462:5161
68    |Info:    [ResourceManager] Registering I2C interface: /dev/i2c-2 Device 1022:790B Subsystem: 1849:FFFF
68    |Info:    [ResourceManager] Registering I2C interface: /dev/i2c-0 Device 1022:790B Subsystem: 1849:FFFF
68    |Info:    [ResourceManager] Registering I2C interface: /dev/i2c-7 Device 10DE:2882 Subsystem: 1462:5161
68    |Info:    [ResourceManager] Registering I2C interface: /dev/i2c-5 Device 10DE:2882 Subsystem: 1462:5161
68    |Info:    ------------------------------------------------------
68    |Info:    |               Detecting I2C devices                |
68    |Info:    ------------------------------------------------------
1036  |Info:    [ASRock B450 Pro4 R2.0] Registering RGB controller
1036  |Info:    ------------------------------------------------------
1036  |Info:    |            Detecting I2C DIMM modules              |
1036  |Info:    ------------------------------------------------------
1895  |Info:    [ResourceManager] Detected occupied slot 1, bus 6, type DDR4
3180  |Info:    [ResourceManager] Detected occupied slot 2, bus 6, type DDR4
4979  |Info:    [ResourceManager] Detected occupied slot 3, bus 6, type DDR4
7291  |Info:    [ResourceManager] Detected occupied slot 4, bus 6, type DDR4
7871  |Info:    ------------------------------------------------------
7871  |Info:    |               Detecting I2C PCI devices            |
7871  |Info:    ------------------------------------------------------
7872  |Info:    ------------------------------------------------------
7872  |Info:    |               Detecting HID devices                |
7872  |Info:    ------------------------------------------------------
7924  |Info:    [KLM] Created new Tenkeyless ANSI QWERTY with 6 rows and 17 columns containing 87 keys
7924  |Info:    [Red Square Keyrox TKL Classic] Registering RGB controller
7924  |Info:    ------------------------------------------------------
7924  |Info:    |            Detecting libusb HID devices            |
7924  |Info:    ------------------------------------------------------
7951  |Info:    ------------------------------------------------------
7951  |Info:    |              Detecting other devices               |
7951  |Info:    ------------------------------------------------------
7975  |Info:    [ResourceManager] Calling Post-detection callbacks
7975  |Info:    ------------------------------------------------------
7975  |Info:    |                Detection completed                 |
7975  |Info:    ------------------------------------------------------
7976  |Info:    [NetworkServer] Network connection thread started on port 6742
