    OpenRGB v0.9+ (1.0rc2)
    Commit:  from 
    Launched: 20251002_101501
====================================================================================================

55    |Info:    [ResourceManager] Initializing HID interfaces: Success
55    |Info:    ------------------------------------------------------
55    |Info:    |               Start device detection               |
55    |Info:    ------------------------------------------------------
65    |Info:    ------------------------------------------------------
65    |Info:    |             Detecting I2C interfaces               |
65    |Info:    ------------------------------------------------------
65    |Info:    [ResourceManager] Registering I2C interface: /dev/i2c-3 Device 10DE:2882 Subsystem: 1462:5161
65    |Info:    [ResourceManager] Registering I2C interface: /dev/i2c-1 Device 10DE:2882 Subsystem: 1462:5161
65    |Info:    [ResourceManager] Registering I2C interface: /dev/i2c-8 Device 1022:790B Subsystem: 1849:FFFF
66    |Info:    [ResourceManager] Registering I2C interface: /dev/i2c-6 Device 1022:790B Subsystem: 1849:FFFF
66    |Info:    [ResourceManager] Registering I2C interface: /dev/i2c-4 Device 10DE:2882 Subsystem: 1462:5161
66    |Info:    [ResourceManager] Registering I2C interface: /dev/i2c-2 Device 10DE:2882 Subsystem: 1462:5161
66    |Info:    [ResourceManager] Registering I2C interface: /dev/i2c-0 Device 10DE:2882 Subsystem: 1462:5161
66    |Info:    [ResourceManager] Registering I2C interface: /dev/i2c-7 Device 1022:790B Subsystem: 1849:FFFF
66    |Info:    [ResourceManager] Registering I2C interface: /dev/i2c-5 Device 10DE:2882 Subsystem: 1462:5161
66    |Info:    ------------------------------------------------------
66    |Info:    |               Detecting I2C devices                |
66    |Info:    ------------------------------------------------------
1042  |Info:    [ASRock B450 Pro4 R2.0] Registering RGB controller
1043  |Info:    ------------------------------------------------------
1043  |Info:    |            Detecting I2C DIMM modules              |
1043  |Info:    ------------------------------------------------------
1853  |Info:    [ResourceManager] Detected occupied slot 1, bus 3, type DDR4
3138  |Info:    [ResourceManager] Detected occupied slot 2, bus 3, type DDR4
4938  |Info:    [ResourceManager] Detected occupied slot 3, bus 3, type DDR4
7251  |Info:    [ResourceManager] Detected occupied slot 4, bus 3, type DDR4
7880  |Info:    ------------------------------------------------------
7880  |Info:    |               Detecting I2C PCI devices            |
7880  |Info:    ------------------------------------------------------
7882  |Info:    ------------------------------------------------------
7882  |Info:    |               Detecting HID devices                |
7882  |Info:    ------------------------------------------------------
7933  |Info:    [KLM] Created new Tenkeyless ANSI QWERTY with 6 rows and 17 columns containing 87 keys
7933  |Info:    [Red Square Keyrox TKL Classic] Registering RGB controller
7933  |Info:    ------------------------------------------------------
7933  |Info:    |            Detecting libusb HID devices            |
7933  |Info:    ------------------------------------------------------
7960  |Info:    ------------------------------------------------------
7960  |Info:    |              Detecting other devices               |
7960  |Info:    ------------------------------------------------------
7983  |Info:    [ResourceManager] Calling Post-detection callbacks
7983  |Info:    ------------------------------------------------------
7983  |Info:    |                Detection completed                 |
7983  |Info:    ------------------------------------------------------
7983  |Info:    [NetworkServer] Network connection thread started on port 6742
528521|Info:    [NetworkServer] Network server started
529787|ERROR:   [NetworkServer] recv_select failed receiving magic, closing listener
529787|Info:    [NetworkServer] Closing server connection: 127.0.0.1
548113|Info:    [NetworkServer] Network server started
549374|ERROR:   [NetworkServer] recv_select failed receiving magic, closing listener
549374|Info:    [NetworkServer] Closing server connection: 127.0.0.1
549494|Info:    [NetworkServer] Network server started
550756|ERROR:   [NetworkServer] recv_select failed receiving magic, closing listener
550756|Info:    [NetworkServer] Closing server connection: 127.0.0.1
558922|Info:    [NetworkServer] Network server started
560184|ERROR:   [NetworkServer] recv_select failed receiving magic, closing listener
560184|Info:    [NetworkServer] Closing server connection: 127.0.0.1
578435|Info:    [NetworkServer] Network server started
579701|ERROR:   [NetworkServer] recv_select failed receiving magic, closing listener
579701|Info:    [NetworkServer] Closing server connection: 127.0.0.1
