    OpenRGB v0.9+ (1.0rc2)
    Commit:  from 
    Launched: 20251001_235333
====================================================================================================

53    |Info:    [ResourceManager] Initializing HID interfaces: Success
53    |Info:    ------------------------------------------------------
53    |Info:    |               Start device detection               |
53    |Info:    ------------------------------------------------------
63    |Info:    ------------------------------------------------------
63    |Info:    |             Detecting I2C interfaces               |
63    |Info:    ------------------------------------------------------
63    |Info:    [ResourceManager] Registering I2C interface: /dev/i2c-3 Device 10DE:2882 Subsystem: 1462:5161
63    |Info:    [ResourceManager] Registering I2C interface: /dev/i2c-1 Device 10DE:2882 Subsystem: 1462:5161
63    |Info:    [ResourceManager] Registering I2C interface: /dev/i2c-8 Device 1022:790B Subsystem: 1849:FFFF
63    |Info:    [ResourceManager] Registering I2C interface: /dev/i2c-6 Device 1022:790B Subsystem: 1849:FFFF
63    |Info:    [ResourceManager] Registering I2C interface: /dev/i2c-4 Device 10DE:2882 Subsystem: 1462:5161
63    |Info:    [ResourceManager] Registering I2C interface: /dev/i2c-2 Device 10DE:2882 Subsystem: 1462:5161
64    |Info:    [ResourceManager] Registering I2C interface: /dev/i2c-0 Device 10DE:2882 Subsystem: 1462:5161
64    |Info:    [ResourceManager] Registering I2C interface: /dev/i2c-7 Device 1022:790B Subsystem: 1849:FFFF
64    |Info:    [ResourceManager] Registering I2C interface: /dev/i2c-5 Device 10DE:2882 Subsystem: 1462:5161
64    |Info:    ------------------------------------------------------
64    |Info:    |               Detecting I2C devices                |
64    |Info:    ------------------------------------------------------
1030  |Info:    [ASRock B450 Pro4 R2.0] Registering RGB controller
1031  |Info:    ------------------------------------------------------
1031  |Info:    |            Detecting I2C DIMM modules              |
1031  |Info:    ------------------------------------------------------
1842  |Info:    [ResourceManager] Detected occupied slot 1, bus 3, type DDR4
3128  |Info:    [ResourceManager] Detected occupied slot 2, bus 3, type DDR4
4927  |Info:    [ResourceManager] Detected occupied slot 3, bus 3, type DDR4
7241  |Info:    [ResourceManager] Detected occupied slot 4, bus 3, type DDR4
7868  |Info:    ------------------------------------------------------
7868  |Info:    |               Detecting I2C PCI devices            |
7868  |Info:    ------------------------------------------------------
7870  |Info:    ------------------------------------------------------
7870  |Info:    |               Detecting HID devices                |
7870  |Info:    ------------------------------------------------------
7921  |Info:    [KLM] Created new Tenkeyless ANSI QWERTY with 6 rows and 17 columns containing 87 keys
7921  |Info:    [Red Square Keyrox TKL Classic] Registering RGB controller
7921  |Info:    ------------------------------------------------------
7921  |Info:    |            Detecting libusb HID devices            |
7921  |Info:    ------------------------------------------------------
7947  |Info:    ------------------------------------------------------
7947  |Info:    |              Detecting other devices               |
7947  |Info:    ------------------------------------------------------
7968  |Info:    [ResourceManager] Calling Post-detection callbacks
7968  |Info:    ------------------------------------------------------
7968  |Info:    |                Detection completed                 |
7968  |Info:    ------------------------------------------------------
7968  |Info:    [NetworkServer] Network connection thread started on port 6742
20663 |Info:    [NetworkServer] Network server started
21925 |ERROR:   [NetworkServer] recv_select failed receiving magic, closing listener
21925 |Info:    [NetworkServer] Closing server connection: 127.0.0.1
22044 |Info:    [NetworkServer] Network server started
23305 |ERROR:   [NetworkServer] recv_select failed receiving magic, closing listener
23305 |Info:    [NetworkServer] Closing server connection: 127.0.0.1
146973|Info:    [NetworkServer] Network server started
148234|ERROR:   [NetworkServer] recv_select failed receiving magic, closing listener
148234|Info:    [NetworkServer] Closing server connection: 127.0.0.1
172225|Info:    [NetworkServer] Network server started
173486|ERROR:   [NetworkServer] recv_select failed receiving magic, closing listener
173486|Info:    [NetworkServer] Closing server connection: 127.0.0.1
