    OpenRGB v0.9+ (1.0rc2)
    Commit:  from 
    Launched: 20251003_015751
====================================================================================================

53    |Info:    [ResourceManager] Initializing HID interfaces: Success
53    |Info:    ------------------------------------------------------
53    |Info:    |               Start device detection               |
53    |Info:    ------------------------------------------------------
62    |Info:    ------------------------------------------------------
62    |Info:    |             Detecting I2C interfaces               |
62    |Info:    ------------------------------------------------------
62    |Info:    [ResourceManager] Registering I2C interface: /dev/i2c-3 Device 10DE:2882 Subsystem: 1462:5161
63    |Info:    [ResourceManager] Registering I2C interface: /dev/i2c-1 Device 1022:790B Subsystem: 1849:FFFF
63    |Info:    [ResourceManager] Registering I2C interface: /dev/i2c-8 Device 10DE:2882 Subsystem: 1462:5161
63    |Info:    [ResourceManager] Registering I2C interface: /dev/i2c-6 Device 10DE:2882 Subsystem: 1462:5161
63    |Info:    [ResourceManager] Registering I2C interface: /dev/i2c-4 Device 10DE:2882 Subsystem: 1462:5161
63    |Info:    [ResourceManager] Registering I2C interface: /dev/i2c-2 Device 1022:790B Subsystem: 1849:FFFF
63    |Info:    [ResourceManager] Registering I2C interface: /dev/i2c-0 Device 1022:790B Subsystem: 1849:FFFF
63    |Info:    [ResourceManager] Registering I2C interface: /dev/i2c-7 Device 10DE:2882 Subsystem: 1462:5161
63    |Info:    [ResourceManager] Registering I2C interface: /dev/i2c-5 Device 10DE:2882 Subsystem: 1462:5161
63    |Info:    ------------------------------------------------------
63    |Info:    |               Detecting I2C devices                |
63    |Info:    ------------------------------------------------------
891   |Info:    ------------------------------------------------------
891   |Info:    |            Detecting I2C DIMM modules              |
891   |Info:    ------------------------------------------------------
1714  |Info:    [ResourceManager] Detected occupied slot 1, bus 6, type DDR4
2999  |Info:    [ResourceManager] Detected occupied slot 2, bus 6, type DDR4
4798  |Info:    [ResourceManager] Detected occupied slot 3, bus 6, type DDR4
7111  |Info:    [ResourceManager] Detected occupied slot 4, bus 6, type DDR4
7686  |Info:    ------------------------------------------------------
7686  |Info:    |               Detecting I2C PCI devices            |
7686  |Info:    ------------------------------------------------------
7687  |Info:    ------------------------------------------------------
7687  |Info:    |               Detecting HID devices                |
7687  |Info:    ------------------------------------------------------
7740  |Info:    [KLM] Created new Tenkeyless ANSI QWERTY with 6 rows and 17 columns containing 87 keys
7740  |Info:    [Red Square Keyrox TKL Classic] Registering RGB controller
7740  |Info:    ------------------------------------------------------
7740  |Info:    |            Detecting libusb HID devices            |
7740  |Info:    ------------------------------------------------------
7765  |Info:    ------------------------------------------------------
7765  |Info:    |              Detecting other devices               |
7765  |Info:    ------------------------------------------------------
7783  |Info:    [ResourceManager] Calling Post-detection callbacks
7783  |Info:    ------------------------------------------------------
7783  |Info:    |                Detection completed                 |
7783  |Info:    ------------------------------------------------------
7783  |Dialog:  <h2>Some internal devices may not be detected:</h2><p>One or more I2C or SMBus interfaces failed to initialize.</p><p><b>RGB DRAM modules, some motherboards' onboard RGB lighting, and RGB Graphics Cards, will not be available in OpenRGB</b> without I2C or SMBus.</p><h4>How to fix this:</h4><p>On Linux, this is usually because the i2c-dev module is not loaded.</p><p>You must load the i2c-dev module along with the correct i2c driver for your motherboard. This is usually i2c-piix4 for AMD systems and i2c-i801 for Intel systems.</p><p>See <a href='https://help.openrgb.org/'>help.openrgb.org</a> for additional troubleshooting steps if you keep seeing this message.<br></p><h3>If you are not using internal RGB on a desktop this message is not important to you.</h3>
7783  |Info:    [NetworkServer] Network connection thread started on port 6742
744971|Info:    [NetworkServer] Network server started
746152|ERROR:   [NetworkServer] recv_select failed receiving magic, closing listener
746152|Info:    [NetworkServer] Closing server connection: 127.0.0.1
750955|Info:    [NetworkServer] Network server started
752131|ERROR:   [NetworkServer] recv_select failed receiving magic, closing listener
752131|Info:    [NetworkServer] Closing server connection: 127.0.0.1
752490|Info:    [NetworkServer] Network server started
753666|ERROR:   [NetworkServer] recv_select failed receiving magic, closing listener
753666|Info:    [NetworkServer] Closing server connection: 127.0.0.1
757712|Info:    [NetworkServer] Network server started
758887|ERROR:   [NetworkServer] recv_select failed receiving magic, closing listener
758887|Info:    [NetworkServer] Closing server connection: 127.0.0.1
758968|Info:    [NetworkServer] Network server started
760143|ERROR:   [NetworkServer] recv_select failed receiving magic, closing listener
760143|Info:    [NetworkServer] Closing server connection: 127.0.0.1
762419|Info:    [NetworkServer] Network server started
763594|ERROR:   [NetworkServer] recv_select failed receiving magic, closing listener
763594|Info:    [NetworkServer] Closing server connection: 127.0.0.1
763862|Info:    [NetworkServer] Network server started
765043|ERROR:   [NetworkServer] recv_select failed receiving magic, closing listener
765043|Info:    [NetworkServer] Closing server connection: 127.0.0.1
765282|Info:    [NetworkServer] Network server started
766463|ERROR:   [NetworkServer] recv_select failed receiving magic, closing listener
766463|Info:    [NetworkServer] Closing server connection: 127.0.0.1
787148|Info:    [NetworkServer] Network server started
788324|ERROR:   [NetworkServer] recv_select failed receiving magic, closing listener
788324|Info:    [NetworkServer] Closing server connection: 127.0.0.1
797739|Info:    [NetworkServer] Network server started
798920|ERROR:   [NetworkServer] recv_select failed receiving magic, closing listener
798920|Info:    [NetworkServer] Closing server connection: 127.0.0.1
867882|Info:    [NetworkServer] Network server started
869063|ERROR:   [NetworkServer] recv_select failed receiving magic, closing listener
869063|Info:    [NetworkServer] Closing server connection: 127.0.0.1
869593|Info:    [NetworkServer] Network server started
870773|ERROR:   [NetworkServer] recv_select failed receiving magic, closing listener
870773|Info:    [NetworkServer] Closing server connection: 127.0.0.1
