    OpenRGB v0.9+ (1.0rc2)
    Commit:  from 
    Launched: 20251001_171043
====================================================================================================

53    |Info:    [ResourceManager] Initializing HID interfaces: Success
53    |Info:    ------------------------------------------------------
53    |Info:    |               Start device detection               |
53    |Info:    ------------------------------------------------------
69    |Info:    ------------------------------------------------------
69    |Info:    |             Detecting I2C interfaces               |
69    |Info:    ------------------------------------------------------
69    |Info:    [ResourceManager] Registering I2C interface: /dev/i2c-3 Device 10DE:2882 Subsystem: 1462:5161
69    |Info:    [ResourceManager] Registering I2C interface: /dev/i2c-1 Device 10DE:2882 Subsystem: 1462:5161
69    |Info:    [ResourceManager] Registering I2C interface: /dev/i2c-8 Device 1022:790B Subsystem: 1849:FFFF
69    |Info:    [ResourceManager] Registering I2C interface: /dev/i2c-6 Device 1022:790B Subsystem: 1849:FFFF
69    |Info:    [ResourceManager] Registering I2C interface: /dev/i2c-4 Device 10DE:2882 Subsystem: 1462:5161
69    |Info:    [ResourceManager] Registering I2C interface: /dev/i2c-2 Device 10DE:2882 Subsystem: 1462:5161
69    |Info:    [ResourceManager] Registering I2C interface: /dev/i2c-0 Device 10DE:2882 Subsystem: 1462:5161
69    |Info:    [ResourceManager] Registering I2C interface: /dev/i2c-7 Device 1022:790B Subsystem: 1849:FFFF
69    |Info:    [ResourceManager] Registering I2C interface: /dev/i2c-5 Device 10DE:2882 Subsystem: 1462:5161
69    |Info:    ------------------------------------------------------
69    |Info:    |               Detecting I2C devices                |
69    |Info:    ------------------------------------------------------
1036  |Info:    [ASRock B450 Pro4 R2.0] Registering RGB controller
1037  |Info:    ------------------------------------------------------
1037  |Info:    |            Detecting I2C DIMM modules              |
1037  |Info:    ------------------------------------------------------
1851  |Info:    [ResourceManager] Detected occupied slot 1, bus 3, type DDR4
3136  |Info:    [ResourceManager] Detected occupied slot 2, bus 3, type DDR4
4935  |Info:    [ResourceManager] Detected occupied slot 3, bus 3, type DDR4
7248  |Info:    [ResourceManager] Detected occupied slot 4, bus 3, type DDR4
7876  |Info:    ------------------------------------------------------
7876  |Info:    |               Detecting I2C PCI devices            |
7876  |Info:    ------------------------------------------------------
7878  |Info:    ------------------------------------------------------
7878  |Info:    |               Detecting HID devices                |
7878  |Info:    ------------------------------------------------------
7930  |Info:    [KLM] Created new Tenkeyless ANSI QWERTY with 6 rows and 17 columns containing 87 keys
7930  |Info:    [Red Square Keyrox TKL Classic] Registering RGB controller
7930  |Info:    ------------------------------------------------------
7930  |Info:    |            Detecting libusb HID devices            |
7930  |Info:    ------------------------------------------------------
7957  |Info:    ------------------------------------------------------
7957  |Info:    |              Detecting other devices               |
7957  |Info:    ------------------------------------------------------
7978  |Info:    [ResourceManager] Calling Post-detection callbacks
7978  |Info:    ------------------------------------------------------
7978  |Info:    |                Detection completed                 |
7978  |Info:    ------------------------------------------------------
7978  |Info:    [NetworkServer] Network connection thread started on port 6742
