    OpenRGB v0.9+ (1.0rc2)
    Commit:  from 
    Launched: 20251002_004716
====================================================================================================

54    |Info:    [ResourceManager] Initializing HID interfaces: Success
54    |Info:    ------------------------------------------------------
54    |Info:    |               Start device detection               |
54    |Info:    ------------------------------------------------------
64    |Info:    ------------------------------------------------------
64    |Info:    |             Detecting I2C interfaces               |
64    |Info:    ------------------------------------------------------
64    |Info:    [ResourceManager] Registering I2C interface: /dev/i2c-3 Device 10DE:2882 Subsystem: 1462:5161
64    |Info:    [ResourceManager] Registering I2C interface: /dev/i2c-1 Device 10DE:2882 Subsystem: 1462:5161
64    |Info:    [ResourceManager] Registering I2C interface: /dev/i2c-8 Device 1022:790B Subsystem: 1849:FFFF
64    |Info:    [ResourceManager] Registering I2C interface: /dev/i2c-6 Device 1022:790B Subsystem: 1849:FFFF
64    |Info:    [ResourceManager] Registering I2C interface: /dev/i2c-4 Device 10DE:2882 Subsystem: 1462:5161
64    |Info:    [ResourceManager] Registering I2C interface: /dev/i2c-2 Device 10DE:2882 Subsystem: 1462:5161
64    |Info:    [ResourceManager] Registering I2C interface: /dev/i2c-0 Device 10DE:2882 Subsystem: 1462:5161
65    |Info:    [ResourceManager] Registering I2C interface: /dev/i2c-7 Device 1022:790B Subsystem: 1849:FFFF
65    |Info:    [ResourceManager] Registering I2C interface: /dev/i2c-5 Device 10DE:2882 Subsystem: 1462:5161
65    |Info:    ------------------------------------------------------
65    |Info:    |               Detecting I2C devices                |
65    |Info:    ------------------------------------------------------
1042  |Info:    [ASRock B450 Pro4 R2.0] Registering RGB controller
1043  |Info:    ------------------------------------------------------
1043  |Info:    |            Detecting I2C DIMM modules              |
1043  |Info:    ------------------------------------------------------
1879  |Info:    [ResourceManager] Detected occupied slot 1, bus 3, type DDR4
3176  |Info:    [ResourceManager] Detected occupied slot 2, bus 3, type DDR4
4991  |Info:    [ResourceManager] Detected occupied slot 3, bus 3, type DDR4
7338  |Info:    [ResourceManager] Detected occupied slot 4, bus 3, type DDR4
7967  |Info:    ------------------------------------------------------
7967  |Info:    |               Detecting I2C PCI devices            |
7967  |Info:    ------------------------------------------------------
7969  |Info:    ------------------------------------------------------
7969  |Info:    |               Detecting HID devices                |
7969  |Info:    ------------------------------------------------------
8021  |Info:    [KLM] Created new Tenkeyless ANSI QWERTY with 6 rows and 17 columns containing 87 keys
8021  |Info:    [Red Square Keyrox TKL Classic] Registering RGB controller
8021  |Info:    ------------------------------------------------------
8021  |Info:    |            Detecting libusb HID devices            |
8021  |Info:    ------------------------------------------------------
8048  |Info:    ------------------------------------------------------
8048  |Info:    |              Detecting other devices               |
8048  |Info:    ------------------------------------------------------
8071  |Info:    [ResourceManager] Calling Post-detection callbacks
8071  |Info:    ------------------------------------------------------
8071  |Info:    |                Detection completed                 |
8071  |Info:    ------------------------------------------------------
8072  |Info:    [NetworkServer] Network connection thread started on port 6742
