    OpenRGB v0.9+ (1.0rc2)
    Commit:  from 
    Launched: 20251002_001343
====================================================================================================

54    |Info:    [ResourceManager] Initializing HID interfaces: Success
54    |Info:    ------------------------------------------------------
54    |Info:    |               Start device detection               |
54    |Info:    ------------------------------------------------------
66    |Info:    ------------------------------------------------------
66    |Info:    |             Detecting I2C interfaces               |
66    |Info:    ------------------------------------------------------
67    |Info:    [ResourceManager] Registering I2C interface: /dev/i2c-3 Device 10DE:2882 Subsystem: 1462:5161
67    |Info:    [ResourceManager] Registering I2C interface: /dev/i2c-1 Device 10DE:2882 Subsystem: 1462:5161
67    |Info:    [ResourceManager] Registering I2C interface: /dev/i2c-8 Device 1022:790B Subsystem: 1849:FFFF
67    |Info:    [ResourceManager] Registering I2C interface: /dev/i2c-6 Device 1022:790B Subsystem: 1849:FFFF
67    |Info:    [ResourceManager] Registering I2C interface: /dev/i2c-4 Device 10DE:2882 Subsystem: 1462:5161
67    |Info:    [ResourceManager] Registering I2C interface: /dev/i2c-2 Device 10DE:2882 Subsystem: 1462:5161
67    |Info:    [ResourceManager] Registering I2C interface: /dev/i2c-0 Device 10DE:2882 Subsystem: 1462:5161
67    |Info:    [ResourceManager] Registering I2C interface: /dev/i2c-7 Device 1022:790B Subsystem: 1849:FFFF
67    |Info:    [ResourceManager] Registering I2C interface: /dev/i2c-5 Device 10DE:2882 Subsystem: 1462:5161
67    |Info:    ------------------------------------------------------
67    |Info:    |               Detecting I2C devices                |
67    |Info:    ------------------------------------------------------
1029  |Info:    [ASRock B450 Pro4 R2.0] Registering RGB controller
1030  |Info:    ------------------------------------------------------
1030  |Info:    |            Detecting I2C DIMM modules              |
1030  |Info:    ------------------------------------------------------
1848  |Info:    [ResourceManager] Detected occupied slot 1, bus 3, type DDR4
3150  |Info:    [ResourceManager] Detected occupied slot 2, bus 3, type DDR4
4968  |Info:    [ResourceManager] Detected occupied slot 3, bus 3, type DDR4
7302  |Info:    [ResourceManager] Detected occupied slot 4, bus 3, type DDR4
7931  |Info:    ------------------------------------------------------
7931  |Info:    |               Detecting I2C PCI devices            |
7931  |Info:    ------------------------------------------------------
7932  |Info:    ------------------------------------------------------
7932  |Info:    |               Detecting HID devices                |
7932  |Info:    ------------------------------------------------------
7983  |Info:    [KLM] Created new Tenkeyless ANSI QWERTY with 6 rows and 17 columns containing 87 keys
7983  |Info:    [Red Square Keyrox TKL Classic] Registering RGB controller
7983  |Info:    ------------------------------------------------------
7983  |Info:    |            Detecting libusb HID devices            |
7983  |Info:    ------------------------------------------------------
8009  |Info:    ------------------------------------------------------
8009  |Info:    |              Detecting other devices               |
8009  |Info:    ------------------------------------------------------
8030  |Info:    [ResourceManager] Calling Post-detection callbacks
8030  |Info:    ------------------------------------------------------
8030  |Info:    |                Detection completed                 |
8030  |Info:    ------------------------------------------------------
