    OpenRGB v0.9+ (1.0rc2)
    Commit:  from 
    Launched: 20251001_170851
====================================================================================================

53    |Info:    [ResourceManager] Initializing HID interfaces: Success
53    |Info:    ------------------------------------------------------
53    |Info:    |               Start device detection               |
53    |Info:    ------------------------------------------------------
67    |Info:    ------------------------------------------------------
68    |Info:    |             Detecting I2C interfaces               |
68    |Info:    ------------------------------------------------------
68    |Info:    [ResourceManager] Registering I2C interface: /dev/i2c-3 Device 10DE:2882 Subsystem: 1462:5161
68    |Info:    [ResourceManager] Registering I2C interface: /dev/i2c-1 Device 10DE:2882 Subsystem: 1462:5161
68    |Info:    [ResourceManager] Registering I2C interface: /dev/i2c-8 Device 1022:790B Subsystem: 1849:FFFF
68    |Info:    [ResourceManager] Registering I2C interface: /dev/i2c-6 Device 1022:790B Subsystem: 1849:FFFF
68    |Info:    [ResourceManager] Registering I2C interface: /dev/i2c-4 Device 10DE:2882 Subsystem: 1462:5161
68    |Info:    [ResourceManager] Registering I2C interface: /dev/i2c-2 Device 10DE:2882 Subsystem: 1462:5161
68    |Info:    [ResourceManager] Registering I2C interface: /dev/i2c-0 Device 10DE:2882 Subsystem: 1462:5161
68    |Info:    [ResourceManager] Registering I2C interface: /dev/i2c-7 Device 1022:790B Subsystem: 1849:FFFF
68    |Info:    [ResourceManager] Registering I2C interface: /dev/i2c-5 Device 10DE:2882 Subsystem: 1462:5161
68    |Info:    ------------------------------------------------------
68    |Info:    |               Detecting I2C devices                |
68    |Info:    ------------------------------------------------------
1038  |Info:    [ASRock B450 Pro4 R2.0] Registering RGB controller
1039  |Info:    ------------------------------------------------------
1039  |Info:    |            Detecting I2C DIMM modules              |
1039  |Info:    ------------------------------------------------------
