    OpenRGB v0.9+ (1.0rc2)
    Commit:  from 
    Launched: 20251001_155714
====================================================================================================

53    |Info:    [ResourceManager] Initializing HID interfaces: Success
53    |Info:    ------------------------------------------------------
53    |Info:    |               Start device detection               |
53    |Info:    ------------------------------------------------------
68    |Info:    ------------------------------------------------------
68    |Info:    |             Detecting I2C interfaces               |
68    |Info:    ------------------------------------------------------
71    |Info:    [ResourceManager] Registering I2C interface: /dev/i2c-3 Device 10DE:2882 Subsystem: 1462:5161
71    |Info:    [ResourceManager] Registering I2C interface: /dev/i2c-1 Device 10DE:2882 Subsystem: 1462:5161
71    |Info:    [ResourceManager] Registering I2C interface: /dev/i2c-8 Device 1022:790B Subsystem: 1849:FFFF
71    |Info:    [ResourceManager] Registering I2C interface: /dev/i2c-6 Device 1022:790B Subsystem: 1849:FFFF
71    |Info:    [ResourceManager] Registering I2C interface: /dev/i2c-4 Device 10DE:2882 Subsystem: 1462:5161
71    |Info:    [ResourceManager] Registering I2C interface: /dev/i2c-2 Device 10DE:2882 Subsystem: 1462:5161
71    |Info:    [ResourceManager] Registering I2C interface: /dev/i2c-0 Device 10DE:2882 Subsystem: 1462:5161
71    |Info:    [ResourceManager] Registering I2C interface: /dev/i2c-7 Device 1022:790B Subsystem: 1849:FFFF
72    |Info:    [ResourceManager] Registering I2C interface: /dev/i2c-5 Device 10DE:2882 Subsystem: 1462:5161
72    |Info:    ------------------------------------------------------
72    |Info:    |               Detecting I2C devices                |
72    |Info:    ------------------------------------------------------
900   |Info:    ------------------------------------------------------
900   |Info:    |            Detecting I2C DIMM modules              |
900   |Info:    ------------------------------------------------------
1700  |Info:    [ResourceManager] Detected occupied slot 1, bus 3, type DDR4
2986  |Info:    [ResourceManager] Detected occupied slot 2, bus 3, type DDR4
4785  |Info:    [ResourceManager] Detected occupied slot 3, bus 3, type DDR4
7098  |Info:    [ResourceManager] Detected occupied slot 4, bus 3, type DDR4
7698  |Info:    ------------------------------------------------------
7698  |Info:    |               Detecting I2C PCI devices            |
7698  |Info:    ------------------------------------------------------
7699  |Info:    ------------------------------------------------------
7699  |Info:    |               Detecting HID devices                |
7699  |Info:    ------------------------------------------------------
7751  |Info:    [KLM] Created new Tenkeyless ANSI QWERTY with 6 rows and 17 columns containing 87 keys
7751  |Info:    [Red Square Keyrox TKL Classic] Registering RGB controller
7751  |Info:    ------------------------------------------------------
7751  |Info:    |            Detecting libusb HID devices            |
7751  |Info:    ------------------------------------------------------
7778  |Info:    ------------------------------------------------------
7778  |Info:    |              Detecting other devices               |
7778  |Info:    ------------------------------------------------------
7801  |Info:    [ResourceManager] Calling Post-detection callbacks
7801  |Info:    ------------------------------------------------------
7801  |Info:    |                Detection completed                 |
7801  |Info:    ------------------------------------------------------
7801  |Dialog:  <h2>Some internal devices may not be detected:</h2><p>One or more I2C or SMBus interfaces failed to initialize.</p><p><b>RGB DRAM modules, some motherboards' onboard RGB lighting, and RGB Graphics Cards, will not be available in OpenRGB</b> without I2C or SMBus.</p><h4>How to fix this:</h4><p>On Linux, this is usually because the i2c-dev module is not loaded.</p><p>You must load the i2c-dev module along with the correct i2c driver for your motherboard. This is usually i2c-piix4 for AMD systems and i2c-i801 for Intel systems.</p><p>See <a href='https://help.openrgb.org/'>help.openrgb.org</a> for additional troubleshooting steps if you keep seeing this message.<br></p><h3>If you are not using internal RGB on a desktop this message is not important to you.</h3>
13439 |Info:    [NetworkServer] Network connection thread started on port 6742
25765 |Info:    [NetworkServer] Network server started
26941 |ERROR:   [NetworkServer] recv_select failed receiving magic, closing listener
26941 |Info:    [NetworkServer] Closing server connection: 127.0.0.1
47168 |Info:    [NetworkServer] Network server started
47343 |ERROR:   [NetworkServer] recv_select failed receiving magic, closing listener
47343 |Info:    [NetworkServer] Closing server connection: 127.0.0.1
55994 |Info:    [NetworkServer] Network server started
56169 |ERROR:   [NetworkServer] recv_select failed receiving magic, closing listener
56169 |Info:    [NetworkServer] Closing server connection: 127.0.0.1
199847|Info:    [NetworkServer] Network server started
201023|ERROR:   [NetworkServer] recv_select failed receiving magic, closing listener
201023|Info:    [NetworkServer] Closing server connection: 127.0.0.1
205653|Info:    [NetworkServer] Network server started
206829|ERROR:   [NetworkServer] recv_select failed receiving magic, closing listener
206829|Info:    [NetworkServer] Closing server connection: 127.0.0.1
212076|Info:    [NetworkServer] Network server started
213251|ERROR:   [NetworkServer] recv_select failed receiving magic, closing listener
213251|Info:    [NetworkServer] Closing server connection: 127.0.0.1
220206|Info:    [NetworkServer] Network server started
221382|ERROR:   [NetworkServer] recv_select failed receiving magic, closing listener
221382|Info:    [NetworkServer] Closing server connection: 127.0.0.1
319370|Info:    [NetworkServer] Network server started
320551|ERROR:   [NetworkServer] recv_select failed receiving magic, closing listener
320551|Info:    [NetworkServer] Closing server connection: 127.0.0.1
326075|Info:    [NetworkServer] Network server started
327251|ERROR:   [NetworkServer] recv_select failed receiving magic, closing listener
327251|Info:    [NetworkServer] Closing server connection: 127.0.0.1
341821|Info:    [NetworkServer] Network server started
342996|ERROR:   [NetworkServer] recv_select failed receiving magic, closing listener
342996|Info:    [NetworkServer] Closing server connection: 127.0.0.1
944222|Info:    [NetworkServer] Network server started
945398|ERROR:   [NetworkServer] recv_select failed receiving magic, closing listener
945398|Info:    [NetworkServer] Closing server connection: 127.0.0.1
1112461|Info:    [NetworkServer] Network server started
1113637|ERROR:   [NetworkServer] recv_select failed receiving magic, closing listener
1113637|Info:    [NetworkServer] Closing server connection: 127.0.0.1
1185222|Info:    [NetworkServer] Network server started
1186397|ERROR:   [NetworkServer] recv_select failed receiving magic, closing listener
1186397|Info:    [NetworkServer] Closing server connection: 127.0.0.1
1192452|Info:    [NetworkServer] Network server started
1193633|ERROR:   [NetworkServer] recv_select failed receiving magic, closing listener
1193633|Info:    [NetworkServer] Closing server connection: 127.0.0.1
1207057|Info:    [NetworkServer] Network server started
1208233|ERROR:   [NetworkServer] recv_select failed receiving magic, closing listener
1208233|Info:    [NetworkServer] Closing server connection: 127.0.0.1
1247475|Info:    [NetworkServer] Network server started
1248651|ERROR:   [NetworkServer] recv_select failed receiving magic, closing listener
1248651|Info:    [NetworkServer] Closing server connection: 127.0.0.1
1602182|Info:    [NetworkServer] Network server started
1603363|ERROR:   [NetworkServer] recv_select failed receiving magic, closing listener
1603363|Info:    [NetworkServer] Closing server connection: 127.0.0.1
