    OpenRGB v0.9+ (1.0rc2)
    Commit:  from 
    Launched: 20251002_121145
====================================================================================================

57    |Info:    [ResourceManager] Initializing HID interfaces: Success
57    |Info:    ------------------------------------------------------
57    |Info:    |               Start device detection               |
57    |Info:    ------------------------------------------------------
67    |Info:    ------------------------------------------------------
67    |Info:    |             Detecting I2C interfaces               |
67    |Info:    ------------------------------------------------------
67    |Info:    [ResourceManager] Registering I2C interface: /dev/i2c-3 Device 10DE:2882 Subsystem: 1462:5161
67    |Info:    [ResourceManager] Registering I2C interface: /dev/i2c-1 Device 10DE:2882 Subsystem: 1462:5161
67    |Info:    [ResourceManager] Registering I2C interface: /dev/i2c-8 Device 1022:790B Subsystem: 1849:FFFF
67    |Info:    [ResourceManager] Registering I2C interface: /dev/i2c-6 Device 1022:790B Subsystem: 1849:FFFF
67    |Info:    [ResourceManager] Registering I2C interface: /dev/i2c-4 Device 10DE:2882 Subsystem: 1462:5161
67    |Info:    [ResourceManager] Registering I2C interface: /dev/i2c-2 Device 10DE:2882 Subsystem: 1462:5161
67    |Info:    [ResourceManager] Registering I2C interface: /dev/i2c-0 Device 10DE:2882 Subsystem: 1462:5161
67    |Info:    [ResourceManager] Registering I2C interface: /dev/i2c-7 Device 1022:790B Subsystem: 1849:FFFF
68    |Info:    [ResourceManager] Registering I2C interface: /dev/i2c-5 Device 10DE:2882 Subsystem: 1462:5161
68    |Info:    ------------------------------------------------------
68    |Info:    |               Detecting I2C devices                |
68    |Info:    ------------------------------------------------------
1040  |Info:    [ASRock B450 Pro4 R2.0] Registering RGB controller
1041  |Info:    ------------------------------------------------------
1041  |Info:    |            Detecting I2C DIMM modules              |
1041  |Info:    ------------------------------------------------------
1854  |Info:    [ResourceManager] Detected occupied slot 1, bus 3, type DDR4
3139  |Info:    [ResourceManager] Detected occupied slot 2, bus 3, type DDR4
4938  |Info:    [ResourceManager] Detected occupied slot 3, bus 3, type DDR4
7251  |Info:    [ResourceManager] Detected occupied slot 4, bus 3, type DDR4
7879  |Info:    ------------------------------------------------------
7879  |Info:    |               Detecting I2C PCI devices            |
7879  |Info:    ------------------------------------------------------
7881  |Info:    ------------------------------------------------------
7881  |Info:    |               Detecting HID devices                |
7881  |Info:    ------------------------------------------------------
7932  |Info:    [KLM] Created new Tenkeyless ANSI QWERTY with 6 rows and 17 columns containing 87 keys
7932  |Info:    [Red Square Keyrox TKL Classic] Registering RGB controller
7932  |Info:    ------------------------------------------------------
7932  |Info:    |            Detecting libusb HID devices            |
7932  |Info:    ------------------------------------------------------
7959  |Info:    ------------------------------------------------------
7960  |Info:    |              Detecting other devices               |
7960  |Info:    ------------------------------------------------------
7984  |Info:    [ResourceManager] Calling Post-detection callbacks
7984  |Info:    ------------------------------------------------------
7984  |Info:    |                Detection completed                 |
7984  |Info:    ------------------------------------------------------
7984  |Info:    [NetworkServer] Network connection thread started on port 6742
