    OpenRGB v0.9+ (1.0rc2)
    Commit:  from 
    Launched: 20251001_165947
====================================================================================================

53    |Info:    [ResourceManager] Initializing HID interfaces: Success
53    |Info:    ------------------------------------------------------
53    |Info:    |               Start device detection               |
53    |Info:    ------------------------------------------------------
70    |Info:    ------------------------------------------------------
70    |Info:    |             Detecting I2C interfaces               |
70    |Info:    ------------------------------------------------------
71    |Info:    [ResourceManager] Registering I2C interface: /dev/i2c-3 Device 10DE:2882 Subsystem: 1462:5161
71    |Info:    [ResourceManager] Registering I2C interface: /dev/i2c-1 Device 10DE:2882 Subsystem: 1462:5161
71    |Info:    [ResourceManager] Registering I2C interface: /dev/i2c-8 Device 1022:790B Subsystem: 1849:FFFF
71    |Info:    [ResourceManager] Registering I2C interface: /dev/i2c-6 Device 1022:790B Subsystem: 1849:FFFF
71    |Info:    [ResourceManager] Registering I2C interface: /dev/i2c-4 Device 10DE:2882 Subsystem: 1462:5161
71    |Info:    [ResourceManager] Registering I2C interface: /dev/i2c-2 Device 10DE:2882 Subsystem: 1462:5161
71    |Info:    [ResourceManager] Registering I2C interface: /dev/i2c-0 Device 10DE:2882 Subsystem: 1462:5161
71    |Info:    [ResourceManager] Registering I2C interface: /dev/i2c-7 Device 1022:790B Subsystem: 1849:FFFF
71    |Info:    [ResourceManager] Registering I2C interface: /dev/i2c-5 Device 10DE:2882 Subsystem: 1462:5161
71    |Info:    ------------------------------------------------------
71    |Info:    |               Detecting I2C devices                |
71    |Info:    ------------------------------------------------------
1045  |Info:    [ASRock B450 Pro4 R2.0] Registering RGB controller
1046  |Info:    ------------------------------------------------------
1046  |Info:    |            Detecting I2C DIMM modules              |
1046  |Info:    ------------------------------------------------------
1855  |Info:    [ResourceManager] Detected occupied slot 1, bus 3, type DDR4
2807  |Info:    [NetworkServer] Network connection thread started on port 6742
3141  |Info:    [ResourceManager] Detected occupied slot 2, bus 3, type DDR4
4937  |Info:    [ResourceManager] Detected occupied slot 3, bus 3, type DDR4
7246  |Info:    [ResourceManager] Detected occupied slot 4, bus 3, type DDR4
7874  |Info:    ------------------------------------------------------
7874  |Info:    |               Detecting I2C PCI devices            |
7874  |Info:    ------------------------------------------------------
7875  |Info:    ------------------------------------------------------
7875  |Info:    |               Detecting HID devices                |
7875  |Info:    ------------------------------------------------------
7926  |Info:    [KLM] Created new Tenkeyless ANSI QWERTY with 6 rows and 17 columns containing 87 keys
7926  |Info:    [Red Square Keyrox TKL Classic] Registering RGB controller
7926  |Info:    ------------------------------------------------------
7926  |Info:    |            Detecting libusb HID devices            |
7926  |Info:    ------------------------------------------------------
7954  |Info:    ------------------------------------------------------
7954  |Info:    |              Detecting other devices               |
7954  |Info:    ------------------------------------------------------
7974  |Info:    [ResourceManager] Calling Post-detection callbacks
7974  |Info:    ------------------------------------------------------
7974  |Info:    |                Detection completed                 |
7974  |Info:    ------------------------------------------------------
12362 |Info:    [NetworkServer] Network server started
13624 |ERROR:   [NetworkServer] recv_select failed receiving magic, closing listener
13624 |Info:    [NetworkServer] Closing server connection: 127.0.0.1
19974 |Info:    [NetworkServer] Network server started
21241 |ERROR:   [NetworkServer] recv_select failed receiving magic, closing listener
21241 |Info:    [NetworkServer] Closing server connection: 127.0.0.1
37531 |Info:    [NetworkServer] Network server started
38793 |ERROR:   [NetworkServer] recv_select failed receiving magic, closing listener
38793 |Info:    [NetworkServer] Closing server connection: 127.0.0.1
85165 |Info:    [NetworkServer] Network server started
85427 |ERROR:   [NetworkServer] recv_select failed receiving magic, closing listener
85427 |Info:    [NetworkServer] Closing server connection: 127.0.0.1
119653|Info:    [NetworkServer] Network server started
120915|ERROR:   [NetworkServer] recv_select failed receiving magic, closing listener
120915|Info:    [NetworkServer] Closing server connection: 127.0.0.1
127503|Info:    [NetworkServer] Network server started
128764|ERROR:   [NetworkServer] recv_select failed receiving magic, closing listener
128764|Info:    [NetworkServer] Closing server connection: 127.0.0.1
139912|Info:    [NetworkServer] Network server started
141173|ERROR:   [NetworkServer] recv_select failed receiving magic, closing listener
141173|Info:    [NetworkServer] Closing server connection: 127.0.0.1
