    OpenRGB v0.9+ (1.0rc2)
    Commit:  from 
    Launched: 20251002_004718
====================================================================================================

57    |Info:    [ResourceManager] Initializing HID interfaces: Success
57    |Info:    ------------------------------------------------------
57    |Info:    |               Start device detection               |
57    |Info:    ------------------------------------------------------
67    |Info:    ------------------------------------------------------
67    |Info:    |             Detecting I2C interfaces               |
67    |Info:    ------------------------------------------------------
67    |Info:    [ResourceManager] Registering I2C interface: /dev/i2c-3 Device 10DE:2882 Subsystem: 1462:5161
68    |Info:    [ResourceManager] Registering I2C interface: /dev/i2c-1 Device 10DE:2882 Subsystem: 1462:5161
68    |Info:    [ResourceManager] Registering I2C interface: /dev/i2c-8 Device 1022:790B Subsystem: 1849:FFFF
68    |Info:    [ResourceManager] Registering I2C interface: /dev/i2c-6 Device 1022:790B Subsystem: 1849:FFFF
68    |Info:    [ResourceManager] Registering I2C interface: /dev/i2c-4 Device 10DE:2882 Subsystem: 1462:5161
68    |Info:    [ResourceManager] Registering I2C interface: /dev/i2c-2 Device 10DE:2882 Subsystem: 1462:5161
68    |Info:    [ResourceManager] Registering I2C interface: /dev/i2c-0 Device 10DE:2882 Subsystem: 1462:5161
68    |Info:    [ResourceManager] Registering I2C interface: /dev/i2c-7 Device 1022:790B Subsystem: 1849:FFFF
68    |Info:    [ResourceManager] Registering I2C interface: /dev/i2c-5 Device 10DE:2882 Subsystem: 1462:5161
68    |Info:    ------------------------------------------------------
68    |Info:    |               Detecting I2C devices                |
68    |Info:    ------------------------------------------------------
7036  |Info:    [ASRock B450 Pro4 R2.0] Registering RGB controller
7037  |Info:    ------------------------------------------------------
7037  |Info:    |            Detecting I2C DIMM modules              |
7037  |Info:    ------------------------------------------------------
7846  |Info:    [ResourceManager] Detected occupied slot 1, bus 3, type DDR4
9130  |Info:    [ResourceManager] Detected occupied slot 2, bus 3, type DDR4
10928 |Info:    [ResourceManager] Detected occupied slot 3, bus 3, type DDR4
13241 |Info:    [ResourceManager] Detected occupied slot 4, bus 3, type DDR4
13868 |Info:    ------------------------------------------------------
13868 |Info:    |               Detecting I2C PCI devices            |
13868 |Info:    ------------------------------------------------------
13868 |Info:    ------------------------------------------------------
13868 |Info:    |               Detecting HID devices                |
13868 |Info:    ------------------------------------------------------
13869 |Info:    [KLM] Created new Tenkeyless ANSI QWERTY with 6 rows and 17 columns containing 87 keys
13869 |Info:    [Red Square Keyrox TKL Classic] Registering RGB controller
13869 |Info:    ------------------------------------------------------
13869 |Info:    |            Detecting libusb HID devices            |
13869 |Info:    ------------------------------------------------------
13895 |Info:    ------------------------------------------------------
13895 |Info:    |              Detecting other devices               |
13895 |Info:    ------------------------------------------------------
13911 |Info:    [ResourceManager] Calling Post-detection callbacks
13911 |Info:    ------------------------------------------------------
13911 |Info:    |                Detection completed                 |
13911 |Info:    ------------------------------------------------------
