    OpenRGB v0.9+ (1.0rc2)
    Commit:  from 
    Launched: 20251003_203117
====================================================================================================

56    |Info:    [ResourceManager] Initializing HID interfaces: Success
56    |Info:    ------------------------------------------------------
56    |Info:    |               Start device detection               |
56    |Info:    ------------------------------------------------------
67    |Info:    ------------------------------------------------------
67    |Info:    |             Detecting I2C interfaces               |
67    |Info:    ------------------------------------------------------
67    |Info:    [ResourceManager] Registering I2C interface: /dev/i2c-3 Device 10DE:2882 Subsystem: 1462:5161
67    |Info:    [ResourceManager] Registering I2C interface: /dev/i2c-1 Device 10DE:2882 Subsystem: 1462:5161
67    |Info:    [ResourceManager] Registering I2C interface: /dev/i2c-8 Device 1022:790B Subsystem: 1849:FFFF
67    |Info:    [ResourceManager] Registering I2C interface: /dev/i2c-6 Device 1022:790B Subsystem: 1849:FFFF
67    |Info:    [ResourceManager] Registering I2C interface: /dev/i2c-4 Device 10DE:2882 Subsystem: 1462:5161
67    |Info:    [ResourceManager] Registering I2C interface: /dev/i2c-2 Device 10DE:2882 Subsystem: 1462:5161
214   |Info:    [ResourceManager] Registering I2C interface: /dev/i2c-0 Device 10DE:2882 Subsystem: 1462:5161
214   |Info:    [ResourceManager] Registering I2C interface: /dev/i2c-7 Device 1022:790B Subsystem: 1849:FFFF
214   |Info:    [ResourceManager] Registering I2C interface: /dev/i2c-5 Device 10DE:2882 Subsystem: 1462:5161
214   |Info:    ------------------------------------------------------
214   |Info:    |               Detecting I2C devices                |
214   |Info:    ------------------------------------------------------
1178  |Info:    [ASRock B450 Pro4 R2.0] Registering RGB controller
1179  |Info:    ------------------------------------------------------
1179  |Info:    |            Detecting I2C DIMM modules              |
1179  |Info:    ------------------------------------------------------
2012  |Info:    [ResourceManager] Detected occupied slot 1, bus 3, type DDR4
3303  |Info:    [ResourceManager] Detected occupied slot 2, bus 3, type DDR4
5116  |Info:    [ResourceManager] Detected occupied slot 3, bus 3, type DDR4
7458  |Info:    [ResourceManager] Detected occupied slot 4, bus 3, type DDR4
8092  |Info:    ------------------------------------------------------
8092  |Info:    |               Detecting I2C PCI devices            |
8092  |Info:    ------------------------------------------------------
8093  |Info:    ------------------------------------------------------
8093  |Info:    |               Detecting HID devices                |
8093  |Info:    ------------------------------------------------------
8145  |Info:    [KLM] Created new Tenkeyless ANSI QWERTY with 6 rows and 17 columns containing 87 keys
8145  |Info:    [Red Square Keyrox TKL Classic] Registering RGB controller
8145  |Info:    ------------------------------------------------------
8145  |Info:    |            Detecting libusb HID devices            |
8145  |Info:    ------------------------------------------------------
8172  |Info:    ------------------------------------------------------
8172  |Info:    |              Detecting other devices               |
8172  |Info:    ------------------------------------------------------
8194  |Info:    [ResourceManager] Calling Post-detection callbacks
8194  |Info:    ------------------------------------------------------
8194  |Info:    |                Detection completed                 |
8194  |Info:    ------------------------------------------------------
8194  |Info:    [NetworkServer] Network connection thread started on port 6742
21763 |Info:    [NetworkServer] Network server started
23025 |ERROR:   [NetworkServer] recv_select failed receiving magic, closing listener
23025 |Info:    [NetworkServer] Closing server connection: 127.0.0.1
40467 |Info:    [NetworkServer] Network server started
41729 |ERROR:   [NetworkServer] recv_select failed receiving magic, closing listener
41729 |Info:    [NetworkServer] Closing server connection: 127.0.0.1
60580 |Info:    [NetworkServer] Network server started
61842 |ERROR:   [NetworkServer] recv_select failed receiving magic, closing listener
61842 |Info:    [NetworkServer] Closing server connection: 127.0.0.1
