    OpenRGB v0.9+ (1.0rc2)
    Commit:  from 
    Launched: 20251001_171312
====================================================================================================

53    |Info:    [ResourceManager] Initializing HID interfaces: Success
53    |Info:    ------------------------------------------------------
53    |Info:    |               Start device detection               |
53    |Info:    ------------------------------------------------------
73    |Info:    ------------------------------------------------------
73    |Info:    |             Detecting I2C interfaces               |
73    |Info:    ------------------------------------------------------
73    |Info:    [ResourceManager] Registering I2C interface: /dev/i2c-3 Device 10DE:2882 Subsystem: 1462:5161
74    |Info:    [ResourceManager] Registering I2C interface: /dev/i2c-1 Device 10DE:2882 Subsystem: 1462:5161
74    |Info:    [ResourceManager] Registering I2C interface: /dev/i2c-8 Device 1022:790B Subsystem: 1849:FFFF
74    |Info:    [ResourceManager] Registering I2C interface: /dev/i2c-6 Device 1022:790B Subsystem: 1849:FFFF
74    |Info:    [ResourceManager] Registering I2C interface: /dev/i2c-4 Device 10DE:2882 Subsystem: 1462:5161
74    |Info:    [ResourceManager] Registering I2C interface: /dev/i2c-2 Device 10DE:2882 Subsystem: 1462:5161
74    |Info:    [ResourceManager] Registering I2C interface: /dev/i2c-0 Device 10DE:2882 Subsystem: 1462:5161
75    |Info:    [ResourceManager] Registering I2C interface: /dev/i2c-7 Device 1022:790B Subsystem: 1849:FFFF
75    |Info:    [ResourceManager] Registering I2C interface: /dev/i2c-5 Device 10DE:2882 Subsystem: 1462:5161
75    |Info:    ------------------------------------------------------
75    |Info:    |               Detecting I2C devices                |
75    |Info:    ------------------------------------------------------
1059  |Info:    [ASRock B450 Pro4 R2.0] Registering RGB controller
1060  |Info:    ------------------------------------------------------
1060  |Info:    |            Detecting I2C DIMM modules              |
1060  |Info:    ------------------------------------------------------
1869  |Info:    [ResourceManager] Detected occupied slot 1, bus 3, type DDR4
3157  |Info:    [ResourceManager] Detected occupied slot 2, bus 3, type DDR4
4958  |Info:    [ResourceManager] Detected occupied slot 3, bus 3, type DDR4
7271  |Info:    [ResourceManager] Detected occupied slot 4, bus 3, type DDR4
9459  |Info:    ------------------------------------------------------
9459  |Info:    |               Detecting I2C PCI devices            |
9459  |Info:    ------------------------------------------------------
9460  |Info:    ------------------------------------------------------
9460  |Info:    |               Detecting HID devices                |
9460  |Info:    ------------------------------------------------------
9511  |Info:    [KLM] Created new Tenkeyless ANSI QWERTY with 6 rows and 17 columns containing 87 keys
9511  |Info:    [Red Square Keyrox TKL Classic] Registering RGB controller
9512  |Info:    ------------------------------------------------------
9512  |Info:    |            Detecting libusb HID devices            |
9512  |Info:    ------------------------------------------------------
9539  |Info:    ------------------------------------------------------
9539  |Info:    |              Detecting other devices               |
9539  |Info:    ------------------------------------------------------
9562  |Info:    [ResourceManager] Calling Post-detection callbacks
9562  |Info:    ------------------------------------------------------
9562  |Info:    |                Detection completed                 |
9562  |Info:    ------------------------------------------------------
9563  |Info:    [NetworkServer] Network connection thread started on port 6742
55655 |Info:    [NetworkServer] Network server started
56917 |ERROR:   [NetworkServer] recv_select failed receiving magic, closing listener
56917 |Info:    [NetworkServer] Closing server connection: 127.0.0.1
75217 |Info:    [NetworkServer] Network server started
76478 |ERROR:   [NetworkServer] recv_select failed receiving magic, closing listener
76478 |Info:    [NetworkServer] Closing server connection: 127.0.0.1
140127|Info:    [NetworkServer] Network server started
141389|ERROR:   [NetworkServer] recv_select failed receiving magic, closing listener
141389|Info:    [NetworkServer] Closing server connection: 127.0.0.1
