    OpenRGB v0.9+ (1.0rc2)
    Commit:  from 
    Launched: 20251001_171203
====================================================================================================

55    |Info:    [ResourceManager] Initializing HID interfaces: Success
55    |Info:    ------------------------------------------------------
55    |Info:    |               Start device detection               |
55    |Info:    ------------------------------------------------------
79    |Info:    ------------------------------------------------------
79    |Info:    |             Detecting I2C interfaces               |
79    |Info:    ------------------------------------------------------
80    |Info:    [ResourceManager] Registering I2C interface: /dev/i2c-3 Device 10DE:2882 Subsystem: 1462:5161
80    |Info:    [ResourceManager] Registering I2C interface: /dev/i2c-1 Device 10DE:2882 Subsystem: 1462:5161
80    |Info:    [ResourceManager] Registering I2C interface: /dev/i2c-8 Device 1022:790B Subsystem: 1849:FFFF
80    |Info:    [ResourceManager] Registering I2C interface: /dev/i2c-6 Device 1022:790B Subsystem: 1849:FFFF
80    |Info:    [ResourceManager] Registering I2C interface: /dev/i2c-4 Device 10DE:2882 Subsystem: 1462:5161
80    |Info:    [ResourceManager] Registering I2C interface: /dev/i2c-2 Device 10DE:2882 Subsystem: 1462:5161
80    |Info:    [ResourceManager] Registering I2C interface: /dev/i2c-0 Device 10DE:2882 Subsystem: 1462:5161
80    |Info:    [ResourceManager] Registering I2C interface: /dev/i2c-7 Device 1022:790B Subsystem: 1849:FFFF
81    |Info:    [ResourceManager] Registering I2C interface: /dev/i2c-5 Device 10DE:2882 Subsystem: 1462:5161
81    |Info:    ------------------------------------------------------
81    |Info:    |               Detecting I2C devices                |
81    |Info:    ------------------------------------------------------
1093  |Info:    [ASRock B450 Pro4 R2.0] Registering RGB controller
1094  |Info:    ------------------------------------------------------
1094  |Info:    |            Detecting I2C DIMM modules              |
1094  |Info:    ------------------------------------------------------
1936  |Info:    [ResourceManager] Detected occupied slot 1, bus 3, type DDR4
3262  |Info:    [ResourceManager] Detected occupied slot 2, bus 3, type DDR4
5087  |Info:    [ResourceManager] Detected occupied slot 3, bus 3, type DDR4
7454  |Info:    [ResourceManager] Detected occupied slot 4, bus 3, type DDR4
8080  |Info:    ------------------------------------------------------
8080  |Info:    |               Detecting I2C PCI devices            |
8080  |Info:    ------------------------------------------------------
8081  |Info:    ------------------------------------------------------
8081  |Info:    |               Detecting HID devices                |
8081  |Info:    ------------------------------------------------------
8133  |Info:    [KLM] Created new Tenkeyless ANSI QWERTY with 6 rows and 17 columns containing 87 keys
8133  |Info:    [Red Square Keyrox TKL Classic] Registering RGB controller
8133  |Info:    ------------------------------------------------------
8133  |Info:    |            Detecting libusb HID devices            |
8133  |Info:    ------------------------------------------------------
8161  |Info:    ------------------------------------------------------
8161  |Info:    |              Detecting other devices               |
8161  |Info:    ------------------------------------------------------
8189  |Info:    [ResourceManager] Calling Post-detection callbacks
8190  |Info:    ------------------------------------------------------
8190  |Info:    |                Detection completed                 |
8190  |Info:    ------------------------------------------------------
8191  |Info:    [NetworkServer] Network connection thread started on port 6742
