    OpenRGB v0.9+ (1.0rc2)
    Commit:  from 
    Launched: 20251002_183837
====================================================================================================

54    |Info:    [ResourceManager] Initializing HID interfaces: Success
54    |Info:    ------------------------------------------------------
54    |Info:    |               Start device detection               |
54    |Info:    ------------------------------------------------------
65    |Info:    ------------------------------------------------------
65    |Info:    |             Detecting I2C interfaces               |
65    |Info:    ------------------------------------------------------
66    |Info:    [ResourceManager] Registering I2C interface: /dev/i2c-3 Device 10DE:2882 Subsystem: 1462:5161
66    |Info:    [ResourceManager] Registering I2C interface: /dev/i2c-1 Device 10DE:2882 Subsystem: 1462:5161
66    |Info:    [ResourceManager] Registering I2C interface: /dev/i2c-8 Device 1022:790B Subsystem: 1849:FFFF
66    |Info:    [ResourceManager] Registering I2C interface: /dev/i2c-6 Device 1022:790B Subsystem: 1849:FFFF
66    |Info:    [ResourceManager] Registering I2C interface: /dev/i2c-4 Device 10DE:2882 Subsystem: 1462:5161
66    |Info:    [ResourceManager] Registering I2C interface: /dev/i2c-2 Device 10DE:2882 Subsystem: 1462:5161
66    |Info:    [ResourceManager] Registering I2C interface: /dev/i2c-0 Device 10DE:2882 Subsystem: 1462:5161
66    |Info:    [ResourceManager] Registering I2C interface: /dev/i2c-7 Device 1022:790B Subsystem: 1849:FFFF
66    |Info:    [ResourceManager] Registering I2C interface: /dev/i2c-5 Device 10DE:2882 Subsystem: 1462:5161
66    |Info:    ------------------------------------------------------
66    |Info:    |               Detecting I2C devices                |
66    |Info:    ------------------------------------------------------
1031  |Info:    [ASRock B450 Pro4 R2.0] Registering RGB controller
1032  |Info:    ------------------------------------------------------
1032  |Info:    |            Detecting I2C DIMM modules              |
1032  |Info:    ------------------------------------------------------
1842  |Info:    [ResourceManager] Detected occupied slot 1, bus 3, type DDR4
3127  |Info:    [ResourceManager] Detected occupied slot 2, bus 3, type DDR4
4926  |Info:    [ResourceManager] Detected occupied slot 3, bus 3, type DDR4
7239  |Info:    [ResourceManager] Detected occupied slot 4, bus 3, type DDR4
7866  |Info:    ------------------------------------------------------
7866  |Info:    |               Detecting I2C PCI devices            |
7866  |Info:    ------------------------------------------------------
7868  |Info:    ------------------------------------------------------
7868  |Info:    |               Detecting HID devices                |
7868  |Info:    ------------------------------------------------------
7919  |Info:    [KLM] Created new Tenkeyless ANSI QWERTY with 6 rows and 17 columns containing 87 keys
7919  |Info:    [Red Square Keyrox TKL Classic] Registering RGB controller
7919  |Info:    ------------------------------------------------------
7919  |Info:    |            Detecting libusb HID devices            |
7919  |Info:    ------------------------------------------------------
7945  |Info:    ------------------------------------------------------
7945  |Info:    |              Detecting other devices               |
7945  |Info:    ------------------------------------------------------
7970  |Info:    [ResourceManager] Calling Post-detection callbacks
7970  |Info:    ------------------------------------------------------
7970  |Info:    |                Detection completed                 |
7970  |Info:    ------------------------------------------------------
7970  |Info:    [NetworkServer] Network connection thread started on port 6742
