    OpenRGB v0.9+ (1.0rc2)
    Commit:  from 
    Launched: 20251002_173356
====================================================================================================

55    |Info:    [ResourceManager] Initializing HID interfaces: Success
55    |Info:    ------------------------------------------------------
55    |Info:    |               Start device detection               |
55    |Info:    ------------------------------------------------------
68    |Info:    ------------------------------------------------------
68    |Info:    |             Detecting I2C interfaces               |
68    |Info:    ------------------------------------------------------
68    |Info:    [ResourceManager] Registering I2C interface: /dev/i2c-3 Device 10DE:2882 Subsystem: 1462:5161
68    |Info:    [ResourceManager] Registering I2C interface: /dev/i2c-1 Device 10DE:2882 Subsystem: 1462:5161
68    |Info:    [ResourceManager] Registering I2C interface: /dev/i2c-8 Device 1022:790B Subsystem: 1849:FFFF
68    |Info:    [ResourceManager] Registering I2C interface: /dev/i2c-6 Device 1022:790B Subsystem: 1849:FFFF
68    |Info:    [ResourceManager] Registering I2C interface: /dev/i2c-4 Device 10DE:2882 Subsystem: 1462:5161
69    |Info:    [ResourceManager] Registering I2C interface: /dev/i2c-2 Device 10DE:2882 Subsystem: 1462:5161
69    |Info:    [ResourceManager] Registering I2C interface: /dev/i2c-0 Device 10DE:2882 Subsystem: 1462:5161
69    |Info:    [ResourceManager] Registering I2C interface: /dev/i2c-7 Device 1022:790B Subsystem: 1849:FFFF
69    |Info:    [ResourceManager] Registering I2C interface: /dev/i2c-5 Device 10DE:2882 Subsystem: 1462:5161
69    |Info:    ------------------------------------------------------
69    |Info:    |               Detecting I2C devices                |
69    |Info:    ------------------------------------------------------
1037  |Info:    [ASRock B450 Pro4 R2.0] Registering RGB controller
1038  |Info:    ------------------------------------------------------
1038  |Info:    |            Detecting I2C DIMM modules              |
1038  |Info:    ------------------------------------------------------
1852  |Info:    [ResourceManager] Detected occupied slot 1, bus 3, type DDR4
3137  |Info:    [ResourceManager] Detected occupied slot 2, bus 3, type DDR4
4936  |Info:    [ResourceManager] Detected occupied slot 3, bus 3, type DDR4
7250  |Info:    [ResourceManager] Detected occupied slot 4, bus 3, type DDR4
7879  |Info:    ------------------------------------------------------
7879  |Info:    |               Detecting I2C PCI devices            |
7879  |Info:    ------------------------------------------------------
7880  |Info:    ------------------------------------------------------
7880  |Info:    |               Detecting HID devices                |
7880  |Info:    ------------------------------------------------------
7932  |Info:    [KLM] Created new Tenkeyless ANSI QWERTY with 6 rows and 17 columns containing 87 keys
7932  |Info:    [Red Square Keyrox TKL Classic] Registering RGB controller
7932  |Info:    ------------------------------------------------------
7932  |Info:    |            Detecting libusb HID devices            |
7932  |Info:    ------------------------------------------------------
7959  |Info:    ------------------------------------------------------
7959  |Info:    |              Detecting other devices               |
7959  |Info:    ------------------------------------------------------
7982  |Info:    [ResourceManager] Calling Post-detection callbacks
7982  |Info:    ------------------------------------------------------
7982  |Info:    |                Detection completed                 |
7982  |Info:    ------------------------------------------------------
7983  |Info:    [NetworkServer] Network connection thread started on port 6742
79328 |Info:    [NetworkServer] Network server started
80589 |ERROR:   [NetworkServer] recv_select failed receiving magic, closing listener
80589 |Info:    [NetworkServer] Closing server connection: 127.0.0.1
1591147|Info:    [NetworkServer] Network server started
1592408|ERROR:   [NetworkServer] recv_select failed receiving magic, closing listener
1592408|Info:    [NetworkServer] Closing server connection: 127.0.0.1
3360764|Info:    [NetworkServer] Network server started
3362026|ERROR:   [NetworkServer] recv_select failed receiving magic, closing listener
3362026|Info:    [NetworkServer] Closing server connection: 127.0.0.1
3362152|Info:    [NetworkServer] Network server started
3363414|ERROR:   [NetworkServer] recv_select failed receiving magic, closing listener
3363414|Info:    [NetworkServer] Closing server connection: 127.0.0.1
3366695|Info:    [NetworkServer] Network server started
3367952|ERROR:   [NetworkServer] recv_select failed receiving magic, closing listener
3367952|Info:    [NetworkServer] Closing server connection: 127.0.0.1
