    OpenRGB v0.9+ (1.0rc2)
    Commit:  from 
    Launched: 20251003_132106
====================================================================================================

53    |Info:    [ResourceManager] Initializing HID interfaces: Success
53    |Info:    ------------------------------------------------------
53    |Info:    |               Start device detection               |
53    |Info:    ------------------------------------------------------
64    |Info:    ------------------------------------------------------
64    |Info:    |             Detecting I2C interfaces               |
64    |Info:    ------------------------------------------------------
64    |Info:    [ResourceManager] Registering I2C interface: /dev/i2c-3 Device 10DE:2882 Subsystem: 1462:5161
64    |Info:    [ResourceManager] Registering I2C interface: /dev/i2c-1 Device 1022:790B Subsystem: 1849:FFFF
64    |Info:    [ResourceManager] Registering I2C interface: /dev/i2c-8 Device 10DE:2882 Subsystem: 1462:5161
64    |Info:    [ResourceManager] Registering I2C interface: /dev/i2c-6 Device 10DE:2882 Subsystem: 1462:5161
64    |Info:    [ResourceManager] Registering I2C interface: /dev/i2c-4 Device 10DE:2882 Subsystem: 1462:5161
64    |Info:    [ResourceManager] Registering I2C interface: /dev/i2c-2 Device 1022:790B Subsystem: 1849:FFFF
65    |Info:    [ResourceManager] Registering I2C interface: /dev/i2c-0 Device 1022:790B Subsystem: 1849:FFFF
65    |Info:    [ResourceManager] Registering I2C interface: /dev/i2c-7 Device 10DE:2882 Subsystem: 1462:5161
65    |Info:    [ResourceManager] Registering I2C interface: /dev/i2c-5 Device 10DE:2882 Subsystem: 1462:5161
65    |Info:    ------------------------------------------------------
65    |Info:    |               Detecting I2C devices                |
65    |Info:    ------------------------------------------------------
1026  |Info:    [ASRock B450 Pro4 R2.0] Registering RGB controller
1026  |Info:    ------------------------------------------------------
1026  |Info:    |            Detecting I2C DIMM modules              |
1026  |Info:    ------------------------------------------------------
1885  |Info:    [ResourceManager] Detected occupied slot 1, bus 6, type DDR4
3170  |Info:    [ResourceManager] Detected occupied slot 2, bus 6, type DDR4
4970  |Info:    [ResourceManager] Detected occupied slot 3, bus 6, type DDR4
7282  |Info:    [ResourceManager] Detected occupied slot 4, bus 6, type DDR4
7863  |Info:    ------------------------------------------------------
7863  |Info:    |               Detecting I2C PCI devices            |
7863  |Info:    ------------------------------------------------------
7864  |Info:    ------------------------------------------------------
7864  |Info:    |               Detecting HID devices                |
7864  |Info:    ------------------------------------------------------
7916  |Info:    [KLM] Created new Tenkeyless ANSI QWERTY with 6 rows and 17 columns containing 87 keys
7916  |Info:    [Red Square Keyrox TKL Classic] Registering RGB controller
7916  |Info:    ------------------------------------------------------
7916  |Info:    |            Detecting libusb HID devices            |
7916  |Info:    ------------------------------------------------------
7943  |Info:    ------------------------------------------------------
7943  |Info:    |              Detecting other devices               |
7943  |Info:    ------------------------------------------------------
7961  |Info:    [ResourceManager] Calling Post-detection callbacks
7961  |Info:    ------------------------------------------------------
7961  |Info:    |                Detection completed                 |
7961  |Info:    ------------------------------------------------------
7961  |Info:    [NetworkServer] Network connection thread started on port 6742
