    OpenRGB v0.9+ (1.0rc2)
    Commit:  from 
    Launched: 20251003_192008
====================================================================================================

53    |Info:    [ResourceManager] Initializing HID interfaces: Success
53    |Info:    ------------------------------------------------------
53    |Info:    |               Start device detection               |
53    |Info:    ------------------------------------------------------
63    |Info:    ------------------------------------------------------
63    |Info:    |             Detecting I2C interfaces               |
63    |Info:    ------------------------------------------------------
63    |Info:    [ResourceManager] Registering I2C interface: /dev/i2c-3 Device 10DE:2882 Subsystem: 1462:5161
63    |Info:    [ResourceManager] Registering I2C interface: /dev/i2c-1 Device 10DE:2882 Subsystem: 1462:5161
63    |Info:    [ResourceManager] Registering I2C interface: /dev/i2c-8 Device 1022:790B Subsystem: 1849:FFFF
63    |Info:    [ResourceManager] Registering I2C interface: /dev/i2c-6 Device 1022:790B Subsystem: 1849:FFFF
64    |Info:    [ResourceManager] Registering I2C interface: /dev/i2c-4 Device 10DE:2882 Subsystem: 1462:5161
64    |Info:    [ResourceManager] Registering I2C interface: /dev/i2c-2 Device 10DE:2882 Subsystem: 1462:5161
64    |Info:    [ResourceManager] Registering I2C interface: /dev/i2c-0 Device 10DE:2882 Subsystem: 1462:5161
64    |Info:    [ResourceManager] Registering I2C interface: /dev/i2c-7 Device 1022:790B Subsystem: 1849:FFFF
64    |Info:    [ResourceManager] Registering I2C interface: /dev/i2c-5 Device 10DE:2882 Subsystem: 1462:5161
64    |Info:    ------------------------------------------------------
64    |Info:    |               Detecting I2C devices                |
64    |Info:    ------------------------------------------------------
7466  |Info:    [ASRock B450 Pro4 R2.0] Registering RGB controller
7467  |Info:    ------------------------------------------------------
7467  |Info:    |            Detecting I2C DIMM modules              |
7467  |Info:    ------------------------------------------------------
8278  |Info:    [ResourceManager] Detected occupied slot 1, bus 3, type DDR4
9563  |Info:    [ResourceManager] Detected occupied slot 2, bus 3, type DDR4
11362 |Info:    [ResourceManager] Detected occupied slot 3, bus 3, type DDR4
13667 |Info:    [ResourceManager] Detected occupied slot 4, bus 3, type DDR4
14295 |Info:    ------------------------------------------------------
14295 |Info:    |               Detecting I2C PCI devices            |
14295 |Info:    ------------------------------------------------------
14296 |Info:    ------------------------------------------------------
14296 |Info:    |               Detecting HID devices                |
14296 |Info:    ------------------------------------------------------
14297 |Info:    [KLM] Created new Tenkeyless ANSI QWERTY with 6 rows and 17 columns containing 87 keys
14297 |Info:    [Red Square Keyrox TKL Classic] Registering RGB controller
14297 |Info:    ------------------------------------------------------
14297 |Info:    |            Detecting libusb HID devices            |
14297 |Info:    ------------------------------------------------------
14322 |Info:    ------------------------------------------------------
14322 |Info:    |              Detecting other devices               |
14322 |Info:    ------------------------------------------------------
14337 |Info:    [ResourceManager] Calling Post-detection callbacks
14337 |Info:    ------------------------------------------------------
14337 |Info:    |                Detection completed                 |
14337 |Info:    ------------------------------------------------------
