    OpenRGB v0.9+ (1.0rc2)
    Commit:  from 
    Launched: 20251001_170855
====================================================================================================

1060  |Info:    [ResourceManager] Initializing HID interfaces: Success
1060  |Info:    ------------------------------------------------------
1060  |Info:    |               Start device detection               |
1060  |Info:    ------------------------------------------------------
1075  |Info:    ------------------------------------------------------
1075  |Info:    |             Detecting I2C interfaces               |
1075  |Info:    ------------------------------------------------------
1075  |Info:    [ResourceManager] Registering I2C interface: /dev/i2c-3 Device 10DE:2882 Subsystem: 1462:5161
1076  |Info:    [ResourceManager] Registering I2C interface: /dev/i2c-1 Device 10DE:2882 Subsystem: 1462:5161
1076  |Info:    [ResourceManager] Registering I2C interface: /dev/i2c-8 Device 1022:790B Subsystem: 1849:FFFF
1076  |Info:    [ResourceManager] Registering I2C interface: /dev/i2c-6 Device 1022:790B Subsystem: 1849:FFFF
1076  |Info:    [ResourceManager] Registering I2C interface: /dev/i2c-4 Device 10DE:2882 Subsystem: 1462:5161
1076  |Info:    [ResourceManager] Registering I2C interface: /dev/i2c-2 Device 10DE:2882 Subsystem: 1462:5161
1076  |Info:    [ResourceManager] Registering I2C interface: /dev/i2c-0 Device 10DE:2882 Subsystem: 1462:5161
1076  |Info:    [ResourceManager] Registering I2C interface: /dev/i2c-7 Device 1022:790B Subsystem: 1849:FFFF
1076  |Info:    [ResourceManager] Registering I2C interface: /dev/i2c-5 Device 10DE:2882 Subsystem: 1462:5161
1076  |Info:    ------------------------------------------------------
1076  |Info:    |               Detecting I2C devices                |
1076  |Info:    ------------------------------------------------------
2042  |Info:    [ASRock B450 Pro4 R2.0] Registering RGB controller
2043  |Info:    ------------------------------------------------------
2043  |Info:    |            Detecting I2C DIMM modules              |
2043  |Info:    ------------------------------------------------------
2855  |Info:    [ResourceManager] Detected occupied slot 1, bus 3, type DDR4
4142  |Info:    [ResourceManager] Detected occupied slot 2, bus 3, type DDR4
5938  |Info:    [ResourceManager] Detected occupied slot 3, bus 3, type DDR4
8245  |Info:    [ResourceManager] Detected occupied slot 4, bus 3, type DDR4
8872  |Info:    ------------------------------------------------------
8872  |Info:    |               Detecting I2C PCI devices            |
8872  |Info:    ------------------------------------------------------
8874  |Info:    ------------------------------------------------------
8874  |Info:    |               Detecting HID devices                |
8874  |Info:    ------------------------------------------------------
8925  |Info:    [KLM] Created new Tenkeyless ANSI QWERTY with 6 rows and 17 columns containing 87 keys
8925  |Info:    [Red Square Keyrox TKL Classic] Registering RGB controller
8925  |Info:    ------------------------------------------------------
8925  |Info:    |            Detecting libusb HID devices            |
8925  |Info:    ------------------------------------------------------
8953  |Info:    ------------------------------------------------------
8953  |Info:    |              Detecting other devices               |
8953  |Info:    ------------------------------------------------------
8976  |Info:    [ResourceManager] Calling Post-detection callbacks
8976  |Info:    ------------------------------------------------------
8976  |Info:    |                Detection completed                 |
8976  |Info:    ------------------------------------------------------
13027 |Info:    [NetworkServer] Network connection thread started on port 6742
