    OpenRGB v0.9+ (1.0rc2)
    Commit:  from 
    Launched: 20251004_104102
====================================================================================================

55    |Info:    [ResourceManager] Initializing HID interfaces: Success
55    |Info:    ------------------------------------------------------
55    |Info:    |               Start device detection               |
55    |Info:    ------------------------------------------------------
67    |Info:    ------------------------------------------------------
67    |Info:    |             Detecting I2C interfaces               |
67    |Info:    ------------------------------------------------------
67    |Info:    [ResourceManager] Registering I2C interface: /dev/i2c-3 Device 10DE:2882 Subsystem: 1462:5161
67    |Info:    [ResourceManager] Registering I2C interface: /dev/i2c-1 Device 10DE:2882 Subsystem: 1462:5161
67    |Info:    [ResourceManager] Registering I2C interface: /dev/i2c-8 Device 1022:790B Subsystem: 1849:FFFF
68    |Info:    [ResourceManager] Registering I2C interface: /dev/i2c-6 Device 1022:790B Subsystem: 1849:FFFF
68    |Info:    [ResourceManager] Registering I2C interface: /dev/i2c-4 Device 10DE:2882 Subsystem: 1462:5161
68    |Info:    [ResourceManager] Registering I2C interface: /dev/i2c-2 Device 10DE:2882 Subsystem: 1462:5161
68    |Info:    [ResourceManager] Registering I2C interface: /dev/i2c-0 Device 10DE:2882 Subsystem: 1462:5161
68    |Info:    [ResourceManager] Registering I2C interface: /dev/i2c-7 Device 1022:790B Subsystem: 1849:FFFF
68    |Info:    [ResourceManager] Registering I2C interface: /dev/i2c-5 Device 10DE:2882 Subsystem: 1462:5161
68    |Info:    ------------------------------------------------------
68    |Info:    |               Detecting I2C devices                |
68    |Info:    ------------------------------------------------------
1039  |Info:    [ASRock B450 Pro4 R2.0] Registering RGB controller
1040  |Info:    ------------------------------------------------------
1040  |Info:    |            Detecting I2C DIMM modules              |
1040  |Info:    ------------------------------------------------------
1880  |Info:    [ResourceManager] Detected occupied slot 1, bus 3, type DDR4
3171  |Info:    [ResourceManager] Detected occupied slot 2, bus 3, type DDR4
4980  |Info:    [ResourceManager] Detected occupied slot 3, bus 3, type DDR4
7314  |Info:    [ResourceManager] Detected occupied slot 4, bus 3, type DDR4
7942  |Info:    ------------------------------------------------------
7942  |Info:    |               Detecting I2C PCI devices            |
7942  |Info:    ------------------------------------------------------
7944  |Info:    ------------------------------------------------------
7944  |Info:    |               Detecting HID devices                |
7944  |Info:    ------------------------------------------------------
7995  |Info:    [KLM] Created new Tenkeyless ANSI QWERTY with 6 rows and 17 columns containing 87 keys
7995  |Info:    [Red Square Keyrox TKL Classic] Registering RGB controller
7995  |Info:    ------------------------------------------------------
7995  |Info:    |            Detecting libusb HID devices            |
7995  |Info:    ------------------------------------------------------
8022  |Info:    ------------------------------------------------------
8022  |Info:    |              Detecting other devices               |
8022  |Info:    ------------------------------------------------------
8043  |Info:    [ResourceManager] Calling Post-detection callbacks
8043  |Info:    ------------------------------------------------------
8043  |Info:    |                Detection completed                 |
8043  |Info:    ------------------------------------------------------
8044  |Info:    [NetworkServer] Network connection thread started on port 6742
2709871|Info:    [NetworkServer] Network server started
2711137|ERROR:   [NetworkServer] recv_select failed receiving magic, closing listener
2711137|Info:    [NetworkServer] Closing server connection: 127.0.0.1
2768672|Info:    [NetworkServer] Network server started
2769934|ERROR:   [NetworkServer] recv_select failed receiving magic, closing listener
2769934|Info:    [NetworkServer] Closing server connection: 127.0.0.1
4231063|Info:    [NetworkServer] Network server started
4232325|ERROR:   [NetworkServer] recv_select failed receiving magic, closing listener
4232325|Info:    [NetworkServer] Closing server connection: 127.0.0.1
8633113|Info:    [NetworkServer] Network server started
8634375|ERROR:   [NetworkServer] recv_select failed receiving magic, closing listener
8634375|Info:    [NetworkServer] Closing server connection: 127.0.0.1
8845065|Info:    [NetworkServer] Network server started
8846328|ERROR:   [NetworkServer] recv_select failed receiving magic, closing listener
8846328|Info:    [NetworkServer] Closing server connection: 127.0.0.1
8852342|Info:    [NetworkServer] Network server started
8853603|ERROR:   [NetworkServer] recv_select failed receiving magic, closing listener
8853603|Info:    [NetworkServer] Closing server connection: 127.0.0.1
8893049|Info:    [NetworkServer] Network server started
8894312|ERROR:   [NetworkServer] recv_select failed receiving magic, closing listener
8894312|Info:    [NetworkServer] Closing server connection: 127.0.0.1
