    OpenRGB v0.9+ (1.0rc2)
    Commit:  from 
    Launched: 20251001_171116
====================================================================================================

53    |Info:    [ResourceManager] Initializing HID interfaces: Success
53    |Info:    ------------------------------------------------------
53    |Info:    |               Start device detection               |
53    |Info:    ------------------------------------------------------
68    |Info:    ------------------------------------------------------
68    |Info:    |             Detecting I2C interfaces               |
68    |Info:    ------------------------------------------------------
68    |Info:    [ResourceManager] Registering I2C interface: /dev/i2c-3 Device 10DE:2882 Subsystem: 1462:5161
68    |Info:    [ResourceManager] Registering I2C interface: /dev/i2c-1 Device 10DE:2882 Subsystem: 1462:5161
68    |Info:    [ResourceManager] Registering I2C interface: /dev/i2c-8 Device 1022:790B Subsystem: 1849:FFFF
68    |Info:    [ResourceManager] Registering I2C interface: /dev/i2c-6 Device 1022:790B Subsystem: 1849:FFFF
69    |Info:    [ResourceManager] Registering I2C interface: /dev/i2c-4 Device 10DE:2882 Subsystem: 1462:5161
69    |Info:    [ResourceManager] Registering I2C interface: /dev/i2c-2 Device 10DE:2882 Subsystem: 1462:5161
69    |Info:    [ResourceManager] Registering I2C interface: /dev/i2c-0 Device 10DE:2882 Subsystem: 1462:5161
69    |Info:    [ResourceManager] Registering I2C interface: /dev/i2c-7 Device 1022:790B Subsystem: 1849:FFFF
69    |Info:    [ResourceManager] Registering I2C interface: /dev/i2c-5 Device 10DE:2882 Subsystem: 1462:5161
69    |Info:    ------------------------------------------------------
69    |Info:    |               Detecting I2C devices                |
69    |Info:    ------------------------------------------------------
1066  |Info:    [ASRock B450 Pro4 R2.0] Registering RGB controller
1067  |Info:    ------------------------------------------------------
1067  |Info:    |            Detecting I2C DIMM modules              |
1067  |Info:    ------------------------------------------------------
1876  |Info:    [ResourceManager] Detected occupied slot 1, bus 3, type DDR4
3161  |Info:    [ResourceManager] Detected occupied slot 2, bus 3, type DDR4
4959  |Info:    [ResourceManager] Detected occupied slot 3, bus 3, type DDR4
7271  |Info:    [ResourceManager] Detected occupied slot 4, bus 3, type DDR4
7896  |Info:    ------------------------------------------------------
7896  |Info:    |               Detecting I2C PCI devices            |
7896  |Info:    ------------------------------------------------------
7898  |Info:    ------------------------------------------------------
7898  |Info:    |               Detecting HID devices                |
7898  |Info:    ------------------------------------------------------
7949  |Info:    [KLM] Created new Tenkeyless ANSI QWERTY with 6 rows and 17 columns containing 87 keys
7949  |Info:    [Red Square Keyrox TKL Classic] Registering RGB controller
7950  |Info:    ------------------------------------------------------
7950  |Info:    |            Detecting libusb HID devices            |
7950  |Info:    ------------------------------------------------------
7976  |Info:    ------------------------------------------------------
7976  |Info:    |              Detecting other devices               |
7976  |Info:    ------------------------------------------------------
7999  |Info:    [ResourceManager] Calling Post-detection callbacks
7999  |Info:    ------------------------------------------------------
7999  |Info:    |                Detection completed                 |
7999  |Info:    ------------------------------------------------------
8000  |Info:    [NetworkServer] Network connection thread started on port 6742
