    OpenRGB v0.9+ (1.0rc2)
    Commit:  from 
    Launched: 20251003_022600
====================================================================================================

53    |Info:    [ResourceManager] Initializing HID interfaces: Success
53    |Info:    ------------------------------------------------------
53    |Info:    |               Start device detection               |
53    |Info:    ------------------------------------------------------
64    |Info:    ------------------------------------------------------
64    |Info:    |             Detecting I2C interfaces               |
64    |Info:    ------------------------------------------------------
64    |Info:    [ResourceManager] Registering I2C interface: /dev/i2c-3 Device 10DE:2882 Subsystem: 1462:5161
64    |Info:    [ResourceManager] Registering I2C interface: /dev/i2c-1 Device 1022:790B Subsystem: 1849:FFFF
64    |Info:    [ResourceManager] Registering I2C interface: /dev/i2c-8 Device 10DE:2882 Subsystem: 1462:5161
64    |Info:    [ResourceManager] Registering I2C interface: /dev/i2c-6 Device 10DE:2882 Subsystem: 1462:5161
64    |Info:    [ResourceManager] Registering I2C interface: /dev/i2c-4 Device 10DE:2882 Subsystem: 1462:5161
64    |Info:    [ResourceManager] Registering I2C interface: /dev/i2c-2 Device 1022:790B Subsystem: 1849:FFFF
64    |Info:    [ResourceManager] Registering I2C interface: /dev/i2c-0 Device 1022:790B Subsystem: 1849:FFFF
65    |Info:    [ResourceManager] Registering I2C interface: /dev/i2c-7 Device 10DE:2882 Subsystem: 1462:5161
65    |Info:    [ResourceManager] Registering I2C interface: /dev/i2c-5 Device 10DE:2882 Subsystem: 1462:5161
65    |Info:    ------------------------------------------------------
65    |Info:    |               Detecting I2C devices                |
65    |Info:    ------------------------------------------------------
891   |Info:    ------------------------------------------------------
891   |Info:    |            Detecting I2C DIMM modules              |
891   |Info:    ------------------------------------------------------
1715  |Info:    [ResourceManager] Detected occupied slot 1, bus 6, type DDR4
3000  |Info:    [ResourceManager] Detected occupied slot 2, bus 6, type DDR4
4799  |Info:    [ResourceManager] Detected occupied slot 3, bus 6, type DDR4
7111  |Info:    [ResourceManager] Detected occupied slot 4, bus 6, type DDR4
7687  |Info:    ------------------------------------------------------
7687  |Info:    |               Detecting I2C PCI devices            |
7687  |Info:    ------------------------------------------------------
7688  |Info:    ------------------------------------------------------
7688  |Info:    |               Detecting HID devices                |
7688  |Info:    ------------------------------------------------------
7740  |Info:    [KLM] Created new Tenkeyless ANSI QWERTY with 6 rows and 17 columns containing 87 keys
7740  |Info:    [Red Square Keyrox TKL Classic] Registering RGB controller
7740  |Info:    ------------------------------------------------------
7740  |Info:    |            Detecting libusb HID devices            |
7740  |Info:    ------------------------------------------------------
7766  |Info:    ------------------------------------------------------
7766  |Info:    |              Detecting other devices               |
7766  |Info:    ------------------------------------------------------
7787  |Info:    [ResourceManager] Calling Post-detection callbacks
7787  |Info:    ------------------------------------------------------
7787  |Info:    |                Detection completed                 |
7787  |Info:    ------------------------------------------------------
7787  |Dialog:  <h2>Some internal devices may not be detected:</h2><p>One or more I2C or SMBus interfaces failed to initialize.</p><p><b>RGB DRAM modules, some motherboards' onboard RGB lighting, and RGB Graphics Cards, will not be available in OpenRGB</b> without I2C or SMBus.</p><h4>How to fix this:</h4><p>On Linux, this is usually because the i2c-dev module is not loaded.</p><p>You must load the i2c-dev module along with the correct i2c driver for your motherboard. This is usually i2c-piix4 for AMD systems and i2c-i801 for Intel systems.</p><p>See <a href='https://help.openrgb.org/'>help.openrgb.org</a> for additional troubleshooting steps if you keep seeing this message.<br></p><h3>If you are not using internal RGB on a desktop this message is not important to you.</h3>
7787  |Info:    [NetworkServer] Network connection thread started on port 6742
15950 |Info:    [NetworkServer] Network server started
17131 |ERROR:   [NetworkServer] recv_select failed receiving magic, closing listener
17131 |Info:    [NetworkServer] Closing server connection: 127.0.0.1
17322 |Info:    [NetworkServer] Network server started
18498 |ERROR:   [NetworkServer] recv_select failed receiving magic, closing listener
18498 |Info:    [NetworkServer] Closing server connection: 127.0.0.1
47294 |Info:    [NetworkServer] Network server started
48470 |ERROR:   [NetworkServer] recv_select failed receiving magic, closing listener
48470 |Info:    [NetworkServer] Closing server connection: 127.0.0.1
48831 |Info:    [NetworkServer] Network server started
50012 |ERROR:   [NetworkServer] recv_select failed receiving magic, closing listener
50012 |Info:    [NetworkServer] Closing server connection: 127.0.0.1
170806|Info:    [NetworkServer] Network server started
171987|ERROR:   [NetworkServer] recv_select failed receiving magic, closing listener
171987|Info:    [NetworkServer] Closing server connection: 127.0.0.1
187787|Info:    [NetworkServer] Network server started
188962|ERROR:   [NetworkServer] recv_select failed receiving magic, closing listener
188962|Info:    [NetworkServer] Closing server connection: 127.0.0.1
247137|Info:    [NetworkServer] Network server started
248312|ERROR:   [NetworkServer] recv_select failed receiving magic, closing listener
248313|Info:    [NetworkServer] Closing server connection: 127.0.0.1
283735|Info:    [NetworkServer] Network server started
284911|ERROR:   [NetworkServer] recv_select failed receiving magic, closing listener
284911|Info:    [NetworkServer] Closing server connection: 127.0.0.1
289979|Info:    [NetworkServer] Network server started
291159|ERROR:   [NetworkServer] recv_select failed receiving magic, closing listener
291159|Info:    [NetworkServer] Closing server connection: 127.0.0.1
295485|Info:    [NetworkServer] Network server started
295592|Info:    [NetworkServer] Network server started
296665|ERROR:   [NetworkServer] recv_select failed receiving magic, closing listener
296665|Info:    [NetworkServer] Closing server connection: 127.0.0.1
296767|ERROR:   [NetworkServer] recv_select failed receiving magic, closing listener
296767|Info:    [NetworkServer] Closing server connection: 127.0.0.1
298795|Info:    [NetworkServer] Network server started
298951|Info:    [NetworkServer] Network server started
299976|ERROR:   [NetworkServer] recv_select failed receiving magic, closing listener
299976|Info:    [NetworkServer] Closing server connection: 127.0.0.1
300127|ERROR:   [NetworkServer] recv_select failed receiving magic, closing listener
300127|Info:    [NetworkServer] Closing server connection: 127.0.0.1
302543|Info:    [NetworkServer] Network server started
303724|ERROR:   [NetworkServer] recv_select failed receiving magic, closing listener
303724|Info:    [NetworkServer] Closing server connection: 127.0.0.1
306411|Info:    [NetworkServer] Network server started
307592|ERROR:   [NetworkServer] recv_select failed receiving magic, closing listener
307592|Info:    [NetworkServer] Closing server connection: 127.0.0.1
