    OpenRGB v0.9+ (1.0rc2)
    Commit:  from 
    Launched: 20251003_192840
====================================================================================================

55    |Info:    [ResourceManager] Initializing HID interfaces: Success
55    |Info:    ------------------------------------------------------
55    |Info:    |               Start device detection               |
55    |Info:    ------------------------------------------------------
65    |Info:    ------------------------------------------------------
65    |Info:    |             Detecting I2C interfaces               |
65    |Info:    ------------------------------------------------------
65    |Info:    [ResourceManager] Registering I2C interface: /dev/i2c-3 Device 10DE:2882 Subsystem: 1462:5161
65    |Info:    [ResourceManager] Registering I2C interface: /dev/i2c-1 Device 10DE:2882 Subsystem: 1462:5161
65    |Info:    [ResourceManager] Registering I2C interface: /dev/i2c-8 Device 1022:790B Subsystem: 1849:FFFF
66    |Info:    [ResourceManager] Registering I2C interface: /dev/i2c-6 Device 1022:790B Subsystem: 1849:FFFF
66    |Info:    [ResourceManager] Registering I2C interface: /dev/i2c-4 Device 10DE:2882 Subsystem: 1462:5161
66    |Info:    [ResourceManager] Registering I2C interface: /dev/i2c-2 Device 10DE:2882 Subsystem: 1462:5161
66    |Info:    [ResourceManager] Registering I2C interface: /dev/i2c-0 Device 10DE:2882 Subsystem: 1462:5161
66    |Info:    [ResourceManager] Registering I2C interface: /dev/i2c-7 Device 1022:790B Subsystem: 1849:FFFF
66    |Info:    [ResourceManager] Registering I2C interface: /dev/i2c-5 Device 10DE:2882 Subsystem: 1462:5161
66    |Info:    ------------------------------------------------------
66    |Info:    |               Detecting I2C devices                |
66    |Info:    ------------------------------------------------------
1038  |Info:    [ASRock B450 Pro4 R2.0] Registering RGB controller
1039  |Info:    ------------------------------------------------------
1039  |Info:    |            Detecting I2C DIMM modules              |
1039  |Info:    ------------------------------------------------------
1876  |Info:    [ResourceManager] Detected occupied slot 1, bus 3, type DDR4
3167  |Info:    [ResourceManager] Detected occupied slot 2, bus 3, type DDR4
4972  |Info:    [ResourceManager] Detected occupied slot 3, bus 3, type DDR4
7292  |Info:    [ResourceManager] Detected occupied slot 4, bus 3, type DDR4
7924  |Info:    ------------------------------------------------------
7924  |Info:    |               Detecting I2C PCI devices            |
7924  |Info:    ------------------------------------------------------
7925  |Info:    ------------------------------------------------------
7925  |Info:    |               Detecting HID devices                |
7925  |Info:    ------------------------------------------------------
7977  |Info:    [KLM] Created new Tenkeyless ANSI QWERTY with 6 rows and 17 columns containing 87 keys
7977  |Info:    [Red Square Keyrox TKL Classic] Registering RGB controller
7977  |Info:    ------------------------------------------------------
7977  |Info:    |            Detecting libusb HID devices            |
7977  |Info:    ------------------------------------------------------
8004  |Info:    ------------------------------------------------------
8004  |Info:    |              Detecting other devices               |
8004  |Info:    ------------------------------------------------------
8025  |Info:    [ResourceManager] Calling Post-detection callbacks
8025  |Info:    ------------------------------------------------------
8025  |Info:    |                Detection completed                 |
8025  |Info:    ------------------------------------------------------
8025  |Info:    [NetworkServer] Network connection thread started on port 6742
