    OpenRGB v0.9+ (1.0rc2)
    Commit:  from 
    Launched: 20251001_235139
====================================================================================================

53    |Info:    [ResourceManager] Initializing HID interfaces: Success
53    |Info:    ------------------------------------------------------
54    |Info:    |               Start device detection               |
54    |Info:    ------------------------------------------------------
65    |Info:    ------------------------------------------------------
65    |Info:    |             Detecting I2C interfaces               |
65    |Info:    ------------------------------------------------------
65    |Info:    [ResourceManager] Registering I2C interface: /dev/i2c-3 Device 10DE:2882 Subsystem: 1462:5161
65    |Info:    [ResourceManager] Registering I2C interface: /dev/i2c-1 Device 10DE:2882 Subsystem: 1462:5161
65    |Info:    [ResourceManager] Registering I2C interface: /dev/i2c-8 Device 1022:790B Subsystem: 1849:FFFF
65    |Info:    [ResourceManager] Registering I2C interface: /dev/i2c-6 Device 1022:790B Subsystem: 1849:FFFF
65    |Info:    [ResourceManager] Registering I2C interface: /dev/i2c-4 Device 10DE:2882 Subsystem: 1462:5161
65    |Info:    [ResourceManager] Registering I2C interface: /dev/i2c-2 Device 10DE:2882 Subsystem: 1462:5161
65    |Info:    [ResourceManager] Registering I2C interface: /dev/i2c-0 Device 10DE:2882 Subsystem: 1462:5161
65    |Info:    [ResourceManager] Registering I2C interface: /dev/i2c-7 Device 1022:790B Subsystem: 1849:FFFF
65    |Info:    [ResourceManager] Registering I2C interface: /dev/i2c-5 Device 10DE:2882 Subsystem: 1462:5161
65    |Info:    ------------------------------------------------------
65    |Info:    |               Detecting I2C devices                |
65    |Info:    ------------------------------------------------------
1038  |Info:    [ASRock B450 Pro4 R2.0] Registering RGB controller
1039  |Info:    ------------------------------------------------------
1039  |Info:    |            Detecting I2C DIMM modules              |
1039  |Info:    ------------------------------------------------------
1856  |Info:    [ResourceManager] Detected occupied slot 1, bus 3, type DDR4
3154  |Info:    [ResourceManager] Detected occupied slot 2, bus 3, type DDR4
4962  |Info:    [ResourceManager] Detected occupied slot 3, bus 3, type DDR4
9588  |Info:    [ResourceManager] Detected occupied slot 4, bus 3, type DDR4
13588 |Info:    ------------------------------------------------------
13588 |Info:    |               Detecting I2C PCI devices            |
13588 |Info:    ------------------------------------------------------
13590 |Info:    ------------------------------------------------------
13590 |Info:    |               Detecting HID devices                |
13590 |Info:    ------------------------------------------------------
13642 |Info:    [KLM] Created new Tenkeyless ANSI QWERTY with 6 rows and 17 columns containing 87 keys
13642 |Info:    [Red Square Keyrox TKL Classic] Registering RGB controller
13642 |Info:    ------------------------------------------------------
13642 |Info:    |            Detecting libusb HID devices            |
13642 |Info:    ------------------------------------------------------
13668 |Info:    ------------------------------------------------------
13668 |Info:    |              Detecting other devices               |
13668 |Info:    ------------------------------------------------------
13690 |Info:    [ResourceManager] Calling Post-detection callbacks
13690 |Info:    ------------------------------------------------------
13690 |Info:    |                Detection completed                 |
13690 |Info:    ------------------------------------------------------
13691 |Info:    [NetworkServer] Network connection thread started on port 6742
