    OpenRGB v0.9+ (1.0rc2)
    Commit:  from 
    Launched: 20251003_134044
====================================================================================================

65    |Info:    [ResourceManager] Initializing HID interfaces: Success
65    |Info:    ------------------------------------------------------
65    |Info:    |               Start device detection               |
65    |Info:    ------------------------------------------------------
74    |Info:    ------------------------------------------------------
74    |Info:    |             Detecting I2C interfaces               |
74    |Info:    ------------------------------------------------------
74    |Info:    [ResourceManager] Registering I2C interface: /dev/i2c-3 Device 10DE:2882 Subsystem: 1462:5161
74    |Info:    [ResourceManager] Registering I2C interface: /dev/i2c-1 Device 1022:790B Subsystem: 1849:FFFF
75    |Info:    [ResourceManager] Registering I2C interface: /dev/i2c-8 Device 10DE:2882 Subsystem: 1462:5161
75    |Info:    [ResourceManager] Registering I2C interface: /dev/i2c-6 Device 10DE:2882 Subsystem: 1462:5161
75    |Info:    [ResourceManager] Registering I2C interface: /dev/i2c-4 Device 10DE:2882 Subsystem: 1462:5161
75    |Info:    [ResourceManager] Registering I2C interface: /dev/i2c-2 Device 1022:790B Subsystem: 1849:FFFF
75    |Info:    [ResourceManager] Registering I2C interface: /dev/i2c-0 Device 1022:790B Subsystem: 1849:FFFF
75    |Info:    [ResourceManager] Registering I2C interface: /dev/i2c-7 Device 10DE:2882 Subsystem: 1462:5161
75    |Info:    [ResourceManager] Registering I2C interface: /dev/i2c-5 Device 10DE:2882 Subsystem: 1462:5161
75    |Info:    ------------------------------------------------------
75    |Info:    |               Detecting I2C devices                |
75    |Info:    ------------------------------------------------------
3300  |Info:    [ASRock B450 Pro4 R2.0] Registering RGB controller
3301  |Info:    ------------------------------------------------------
3301  |Info:    |            Detecting I2C DIMM modules              |
3301  |Info:    ------------------------------------------------------
7984  |Info:    [ResourceManager] Detected occupied slot 1, bus 6, type DDR4
9278  |Info:    [ResourceManager] Detected occupied slot 2, bus 6, type DDR4
11075 |Info:    [ResourceManager] Detected occupied slot 3, bus 6, type DDR4
13390 |Info:    [ResourceManager] Detected occupied slot 4, bus 6, type DDR4
13971 |Info:    ------------------------------------------------------
13971 |Info:    |               Detecting I2C PCI devices            |
13971 |Info:    ------------------------------------------------------
13971 |Info:    ------------------------------------------------------
13971 |Info:    |               Detecting HID devices                |
13972 |Info:    ------------------------------------------------------
13972 |Info:    [KLM] Created new Tenkeyless ANSI QWERTY with 6 rows and 17 columns containing 87 keys
13972 |Info:    [Red Square Keyrox TKL Classic] Registering RGB controller
13972 |Info:    ------------------------------------------------------
13972 |Info:    |            Detecting libusb HID devices            |
13972 |Info:    ------------------------------------------------------
13998 |Info:    ------------------------------------------------------
13998 |Info:    |              Detecting other devices               |
13998 |Info:    ------------------------------------------------------
14014 |Info:    [ResourceManager] Calling Post-detection callbacks
14014 |Info:    ------------------------------------------------------
14014 |Info:    |                Detection completed                 |
14014 |Info:    ------------------------------------------------------
