2025-10-04 14:59:53.720 [info] Reading sessions from keychain...
2025-10-04 14:59:53.720 [info] Getting sessions for all scopes...
2025-10-04 14:59:53.720 [info] Got stored sessions!
2025-10-04 14:59:53.720 [info] Got 1 verified sessions.
2025-10-04 14:59:53.720 [info] Got 1 sessions for ...
2025-10-04 14:59:53.720 [info] Getting sessions for all scopes...
2025-10-04 14:59:53.720 [info] Got 1 sessions for ...
2025-10-04 14:59:53.720 [info] Getting sessions for all scopes...
2025-10-04 14:59:53.720 [info] Got 1 sessions for ...
2025-10-04 14:59:53.720 [info] Getting sessions for all scopes...
2025-10-04 14:59:53.720 [info] Got 1 sessions for ...
2025-10-04 14:59:53.720 [info] Getting sessions for all scopes...
2025-10-04 14:59:53.720 [info] Got 1 sessions for ...
2025-10-04 14:59:53.720 [info] Getting sessions for all scopes...
2025-10-04 14:59:53.720 [info] Got 1 sessions for ...
2025-10-04 14:59:53.720 [info] Getting sessions for all scopes...
2025-10-04 14:59:53.721 [info] Got 1 sessions for ...
2025-10-04 14:59:53.733 [info] Getting sessions for all scopes...
2025-10-04 14:59:53.733 [info] Got 1 sessions for ...
2025-10-04 14:59:53.733 [info] Getting sessions for all scopes...
2025-10-04 14:59:53.733 [info] Got 1 sessions for ...
2025-10-04 14:59:53.733 [info] Getting sessions for all scopes...
2025-10-04 14:59:53.733 [info] Got 1 sessions for ...
2025-10-04 14:59:53.733 [info] Getting sessions for all scopes...
2025-10-04 14:59:53.733 [info] Got 1 sessions for ...
2025-10-04 14:59:53.733 [info] Getting sessions for all scopes...
2025-10-04 14:59:53.733 [info] Got 1 sessions for ...
2025-10-04 14:59:53.734 [info] Getting sessions for all scopes...
2025-10-04 14:59:53.734 [info] Got 1 sessions for ...
2025-10-04 14:59:53.797 [info] Getting sessions for all scopes...
2025-10-04 14:59:53.797 [info] Got 1 sessions for ...
2025-10-04 14:59:55.884 [info] Getting sessions for all scopes...
2025-10-04 14:59:55.884 [info] Got 1 sessions for ...
2025-10-04 14:59:55.924 [info] Getting sessions for all scopes...
2025-10-04 14:59:55.924 [info] Got 1 sessions for ...
2025-10-04 14:59:55.924 [info] Getting sessions for all scopes...
2025-10-04 14:59:55.924 [info] Got 1 sessions for ...
2025-10-04 14:59:55.925 [info] Getting sessions for all scopes...
2025-10-04 14:59:55.925 [info] Got 1 sessions for ...
2025-10-04 14:59:55.983 [info] Getting sessions for all scopes...
2025-10-04 14:59:55.983 [info] Got 1 sessions for ...
2025-10-04 14:59:55.983 [info] Getting sessions for all scopes...
2025-10-04 14:59:55.983 [info] Got 1 sessions for ...
2025-10-04 14:59:56.484 [info] Getting sessions for read:user,repo,user:email,workflow...
2025-10-04 14:59:56.484 [info] Got 0 sessions for read:user,repo,user:email,workflow...
2025-10-04 14:59:56.495 [info] Getting sessions for all scopes...
2025-10-04 14:59:56.495 [info] Got 1 sessions for ...
2025-10-04 14:59:56.497 [info] Getting sessions for all scopes...
2025-10-04 14:59:56.497 [info] Got 1 sessions for ...
2025-10-04 14:59:56.505 [info] Getting sessions for read:user,repo,user:email,workflow...
2025-10-04 14:59:56.505 [info] Got 0 sessions for read:user,repo,user:email,workflow...
2025-10-04 14:59:56.508 [info] Getting sessions for user:email...
2025-10-04 14:59:56.508 [info] Got 1 sessions for user:email...
2025-10-04 14:59:56.508 [info] Getting sessions for read:user,repo,user:email,workflow...
2025-10-04 14:59:56.508 [info] Got 0 sessions for read:user,repo,user:email,workflow...
2025-10-04 14:59:56.509 [info] Getting sessions for read:user...
2025-10-04 14:59:56.509 [info] Got 0 sessions for read:user...
2025-10-04 14:59:56.511 [info] Getting sessions for all scopes...
2025-10-04 14:59:56.511 [info] Got 1 sessions for ...
2025-10-04 14:59:56.512 [info] Getting sessions for user:email...
2025-10-04 14:59:56.512 [info] Got 1 sessions for user:email...
2025-10-04 14:59:56.611 [info] Getting sessions for all scopes...
2025-10-04 14:59:56.611 [info] Got 1 sessions for ...
2025-10-04 14:59:56.612 [info] Getting sessions for read:user,repo,user:email,workflow...
2025-10-04 14:59:56.612 [info] Got 0 sessions for read:user,repo,user:email,workflow...
2025-10-04 14:59:56.612 [info] Getting sessions for user:email...
2025-10-04 14:59:56.612 [info] Got 1 sessions for user:email...
2025-10-04 14:59:56.613 [info] Getting sessions for all scopes...
2025-10-04 14:59:56.613 [info] Got 1 sessions for ...
2025-10-04 14:59:56.614 [info] Getting sessions for read:user,repo,user:email,workflow...
2025-10-04 14:59:56.614 [info] Got 0 sessions for read:user,repo,user:email,workflow...
2025-10-04 14:59:56.615 [info] Getting sessions for user:email...
2025-10-04 14:59:56.615 [info] Got 1 sessions for user:email...
2025-10-04 14:59:56.928 [info] fetching: Electron fetch failed with status: 429 
2025-10-04 14:59:57.335 [info] Getting sessions for all scopes...
2025-10-04 14:59:57.335 [info] Got 1 sessions for ...
2025-10-04 14:59:57.338 [info] Getting sessions for read:user,repo,user:email,workflow...
2025-10-04 14:59:57.338 [info] Got 0 sessions for read:user,repo,user:email,workflow...
2025-10-04 14:59:57.340 [info] Getting sessions for user:email...
2025-10-04 14:59:57.340 [info] Got 1 sessions for user:email...
2025-10-04 14:59:57.432 [info] Getting sessions for all scopes...
2025-10-04 14:59:57.432 [info] Got 1 sessions for ...
2025-10-04 14:59:57.432 [info] Getting sessions for all scopes...
2025-10-04 14:59:57.432 [info] Got 1 sessions for ...
2025-10-04 14:59:57.433 [info] Getting sessions for read:user,repo,user:email,workflow...
2025-10-04 14:59:57.433 [info] Got 0 sessions for read:user,repo,user:email,workflow...
2025-10-04 14:59:57.435 [info] Getting sessions for user:email...
2025-10-04 14:59:57.435 [info] Got 1 sessions for user:email...
2025-10-04 14:59:57.435 [info] Getting sessions for read:user,repo,user:email,workflow...
2025-10-04 14:59:57.435 [info] Got 0 sessions for read:user,repo,user:email,workflow...
2025-10-04 14:59:57.436 [info] Getting sessions for all scopes...
2025-10-04 14:59:57.436 [info] Got 1 sessions for ...
2025-10-04 14:59:57.437 [info] Getting sessions for read:user,repo,user:email,workflow...
2025-10-04 14:59:57.437 [info] Got 0 sessions for read:user,repo,user:email,workflow...
2025-10-04 14:59:57.438 [info] Getting sessions for user:email...
2025-10-04 14:59:57.438 [info] Got 1 sessions for user:email...
2025-10-04 14:59:57.514 [info] Getting sessions for all scopes...
2025-10-04 14:59:57.514 [info] Got 1 sessions for ...
2025-10-04 14:59:57.514 [info] Getting sessions for all scopes...
2025-10-04 14:59:57.514 [info] Got 1 sessions for ...
2025-10-04 14:59:57.515 [info] Getting sessions for read:user,repo,user:email,workflow...
2025-10-04 14:59:57.515 [info] Got 0 sessions for read:user,repo,user:email,workflow...
2025-10-04 14:59:57.516 [info] Getting sessions for user:email...
2025-10-04 14:59:57.516 [info] Got 1 sessions for user:email...
2025-10-04 14:59:57.516 [info] Getting sessions for read:user,repo,user:email,workflow...
2025-10-04 14:59:57.516 [info] Got 0 sessions for read:user,repo,user:email,workflow...
2025-10-04 14:59:57.521 [info] Getting sessions for all scopes...
2025-10-04 14:59:57.521 [info] Got 1 sessions for ...
2025-10-04 14:59:57.522 [info] Getting sessions for all scopes...
2025-10-04 14:59:57.522 [info] Got 1 sessions for ...
2025-10-04 14:59:57.522 [info] Getting sessions for all scopes...
2025-10-04 14:59:57.522 [info] Got 1 sessions for ...
2025-10-04 14:59:57.524 [info] Getting sessions for read:user,repo,user:email,workflow...
2025-10-04 14:59:57.524 [info] Got 0 sessions for read:user,repo,user:email,workflow...
2025-10-04 14:59:57.525 [info] Getting sessions for user:email...
2025-10-04 14:59:57.525 [info] Got 1 sessions for user:email...
2025-10-04 14:59:57.612 [info] fetching: Node fetch failed with status: 429 Too Many Requests
2025-10-04 14:59:57.645 [info] Getting sessions for all scopes...
2025-10-04 14:59:57.645 [info] Got 1 sessions for ...
2025-10-04 14:59:57.645 [info] Getting sessions for read:user,repo,user:email,workflow...
2025-10-04 14:59:57.645 [info] Got 0 sessions for read:user,repo,user:email,workflow...
2025-10-04 14:59:57.646 [info] Getting sessions for user:email...
2025-10-04 14:59:57.646 [info] Got 1 sessions for user:email...
2025-10-04 14:59:57.648 [info] Getting sessions for all scopes...
2025-10-04 14:59:57.648 [info] Got 1 sessions for ...
2025-10-04 14:59:57.648 [info] Getting sessions for read:user,repo,user:email,workflow...
2025-10-04 14:59:57.649 [info] Got 0 sessions for read:user,repo,user:email,workflow...
2025-10-04 14:59:57.649 [info] Getting sessions for user:email...
2025-10-04 14:59:57.649 [info] Got 1 sessions for user:email...
2025-10-04 14:59:57.650 [info] Getting sessions for all scopes...
2025-10-04 14:59:57.650 [info] Got 1 sessions for ...
2025-10-04 14:59:57.651 [info] Getting sessions for read:user,repo,user:email,workflow...
2025-10-04 14:59:57.651 [info] Got 0 sessions for read:user,repo,user:email,workflow...
2025-10-04 14:59:57.651 [info] Getting sessions for user:email...
2025-10-04 14:59:57.651 [info] Got 1 sessions for user:email...
2025-10-04 14:59:57.652 [info] Getting sessions for all scopes...
2025-10-04 14:59:57.652 [info] Got 1 sessions for ...
2025-10-04 14:59:57.653 [info] Getting sessions for read:user,repo,user:email,workflow...
2025-10-04 14:59:57.653 [info] Got 0 sessions for read:user,repo,user:email,workflow...
2025-10-04 14:59:57.654 [info] Getting sessions for user:email...
2025-10-04 14:59:57.654 [info] Got 1 sessions for user:email...
2025-10-04 14:59:58.244 [info] fetching: Node http/s failed with status: 429 Too Many Requests
2025-10-04 14:59:58.427 [info] Getting sessions for all scopes...
2025-10-04 14:59:58.427 [info] Got 1 sessions for ...
2025-10-04 14:59:58.427 [info] Getting sessions for read:user,repo,user:email,workflow...
2025-10-04 14:59:58.427 [info] Got 0 sessions for read:user,repo,user:email,workflow...
2025-10-04 14:59:58.428 [info] Getting sessions for user:email...
2025-10-04 14:59:58.428 [info] Got 1 sessions for user:email...
2025-10-04 14:59:58.429 [info] Getting sessions for all scopes...
2025-10-04 14:59:58.429 [info] Got 1 sessions for ...
2025-10-04 14:59:58.429 [info] Getting sessions for read:user,repo,user:email,workflow...
2025-10-04 14:59:58.429 [info] Got 0 sessions for read:user,repo,user:email,workflow...
2025-10-04 14:59:58.430 [info] Getting sessions for user:email...
2025-10-04 14:59:58.430 [info] Got 1 sessions for user:email...
2025-10-04 14:59:59.099 [info] Getting sessions for all scopes...
2025-10-04 14:59:59.099 [info] Got 1 sessions for ...
