2025-10-04 11:31:46.646 [info] Reading sessions from keychain...
2025-10-04 11:31:46.646 [info] Getting sessions for all scopes...
2025-10-04 11:31:46.688 [info] Got stored sessions!
2025-10-04 11:31:46.689 [info] Got 1 verified sessions.
2025-10-04 11:31:46.689 [info] Got 1 sessions for ...
2025-10-04 11:31:46.689 [info] Getting sessions for all scopes...
2025-10-04 11:31:46.689 [info] Got 1 sessions for ...
2025-10-04 11:31:46.689 [info] Getting sessions for all scopes...
2025-10-04 11:31:46.689 [info] Got 1 sessions for ...
2025-10-04 11:31:46.689 [info] Getting sessions for all scopes...
2025-10-04 11:31:46.689 [info] Got 1 sessions for ...
2025-10-04 11:31:46.689 [info] Getting sessions for all scopes...
2025-10-04 11:31:46.689 [info] Got 1 sessions for ...
2025-10-04 11:31:46.689 [info] Getting sessions for all scopes...
2025-10-04 11:31:46.689 [info] Got 1 sessions for ...
2025-10-04 11:31:46.689 [info] Getting sessions for all scopes...
2025-10-04 11:31:46.689 [info] Got 1 sessions for ...
2025-10-04 11:31:46.749 [info] Getting sessions for all scopes...
2025-10-04 11:31:46.749 [info] Got 1 sessions for ...
2025-10-04 11:31:46.749 [info] Getting sessions for all scopes...
2025-10-04 11:31:46.749 [info] Got 1 sessions for ...
2025-10-04 11:31:46.749 [info] Getting sessions for all scopes...
2025-10-04 11:31:46.749 [info] Got 1 sessions for ...
2025-10-04 11:31:46.750 [info] Getting sessions for all scopes...
2025-10-04 11:31:46.750 [info] Got 1 sessions for ...
2025-10-04 11:31:46.750 [info] Getting sessions for all scopes...
2025-10-04 11:31:46.750 [info] Got 1 sessions for ...
2025-10-04 11:31:46.750 [info] Getting sessions for all scopes...
2025-10-04 11:31:46.750 [info] Got 1 sessions for ...
2025-10-04 11:31:46.778 [info] Getting sessions for all scopes...
2025-10-04 11:31:46.778 [info] Got 1 sessions for ...
2025-10-04 11:31:48.996 [info] Getting sessions for all scopes...
2025-10-04 11:31:48.996 [info] Got 1 sessions for ...
2025-10-04 11:31:49.035 [info] Getting sessions for all scopes...
2025-10-04 11:31:49.035 [info] Got 1 sessions for ...
2025-10-04 11:31:49.036 [info] Getting sessions for all scopes...
2025-10-04 11:31:49.036 [info] Got 1 sessions for ...
2025-10-04 11:31:49.036 [info] Getting sessions for all scopes...
2025-10-04 11:31:49.036 [info] Got 1 sessions for ...
2025-10-04 11:31:49.090 [info] Getting sessions for all scopes...
2025-10-04 11:31:49.090 [info] Got 1 sessions for ...
2025-10-04 11:31:49.090 [info] Getting sessions for all scopes...
2025-10-04 11:31:49.090 [info] Got 1 sessions for ...
2025-10-04 11:31:49.546 [info] Getting sessions for read:user,repo,user:email,workflow...
2025-10-04 11:31:49.546 [info] Got 0 sessions for read:user,repo,user:email,workflow...
2025-10-04 11:31:49.556 [info] Getting sessions for all scopes...
2025-10-04 11:31:49.556 [info] Got 1 sessions for ...
2025-10-04 11:31:49.558 [info] Getting sessions for all scopes...
2025-10-04 11:31:49.558 [info] Got 1 sessions for ...
2025-10-04 11:31:49.566 [info] Getting sessions for read:user,repo,user:email,workflow...
2025-10-04 11:31:49.566 [info] Got 0 sessions for read:user,repo,user:email,workflow...
2025-10-04 11:31:49.570 [info] Getting sessions for user:email...
2025-10-04 11:31:49.570 [info] Got 1 sessions for user:email...
2025-10-04 11:31:49.570 [info] Getting sessions for read:user,repo,user:email,workflow...
2025-10-04 11:31:49.570 [info] Got 0 sessions for read:user,repo,user:email,workflow...
2025-10-04 11:31:49.571 [info] Getting sessions for read:user...
2025-10-04 11:31:49.571 [info] Got 0 sessions for read:user...
2025-10-04 11:31:49.573 [info] Getting sessions for all scopes...
2025-10-04 11:31:49.573 [info] Got 1 sessions for ...
2025-10-04 11:31:49.575 [info] Getting sessions for user:email...
2025-10-04 11:31:49.575 [info] Got 1 sessions for user:email...
2025-10-04 11:31:49.580 [info] Getting sessions for all scopes...
2025-10-04 11:31:49.580 [info] Got 1 sessions for ...
2025-10-04 11:31:49.689 [info] Getting sessions for read:user,repo,user:email,workflow...
2025-10-04 11:31:49.689 [info] Got 0 sessions for read:user,repo,user:email,workflow...
2025-10-04 11:31:49.690 [info] Getting sessions for user:email...
2025-10-04 11:31:49.690 [info] Got 1 sessions for user:email...
2025-10-04 11:31:49.691 [info] Getting sessions for all scopes...
2025-10-04 11:31:49.691 [info] Got 1 sessions for ...
2025-10-04 11:31:49.692 [info] Getting sessions for read:user,repo,user:email,workflow...
2025-10-04 11:31:49.692 [info] Got 0 sessions for read:user,repo,user:email,workflow...
2025-10-04 11:31:49.693 [info] Getting sessions for user:email...
2025-10-04 11:31:49.693 [info] Got 1 sessions for user:email...
2025-10-04 11:31:49.987 [info] fetching: Electron fetch failed with status: 429 
2025-10-04 11:31:50.131 [info] Getting sessions for all scopes...
2025-10-04 11:31:50.131 [info] Got 1 sessions for ...
2025-10-04 11:31:50.132 [info] Getting sessions for read:user,repo,user:email,workflow...
2025-10-04 11:31:50.132 [info] Got 0 sessions for read:user,repo,user:email,workflow...
2025-10-04 11:31:50.133 [info] Getting sessions for user:email...
2025-10-04 11:31:50.133 [info] Got 1 sessions for user:email...
2025-10-04 11:31:50.402 [info] Getting sessions for all scopes...
2025-10-04 11:31:50.402 [info] Got 1 sessions for ...
2025-10-04 11:31:50.404 [info] Getting sessions for read:user,repo,user:email,workflow...
2025-10-04 11:31:50.404 [info] Got 0 sessions for read:user,repo,user:email,workflow...
2025-10-04 11:31:50.406 [info] Getting sessions for user:email...
2025-10-04 11:31:50.406 [info] Got 1 sessions for user:email...
2025-10-04 11:31:50.456 [info] Getting sessions for all scopes...
2025-10-04 11:31:50.456 [info] Got 1 sessions for ...
2025-10-04 11:31:50.457 [info] Getting sessions for all scopes...
2025-10-04 11:31:50.457 [info] Got 1 sessions for ...
2025-10-04 11:31:50.460 [info] Getting sessions for read:user,repo,user:email,workflow...
2025-10-04 11:31:50.460 [info] Got 0 sessions for read:user,repo,user:email,workflow...
2025-10-04 11:31:50.460 [info] Getting sessions for user:email...
2025-10-04 11:31:50.460 [info] Got 1 sessions for user:email...
2025-10-04 11:31:50.461 [info] Getting sessions for read:user,repo,user:email,workflow...
2025-10-04 11:31:50.461 [info] Got 0 sessions for read:user,repo,user:email,workflow...
2025-10-04 11:31:50.466 [info] Getting sessions for all scopes...
2025-10-04 11:31:50.466 [info] Got 1 sessions for ...
2025-10-04 11:31:50.467 [info] Getting sessions for read:user,repo,user:email,workflow...
2025-10-04 11:31:50.467 [info] Got 0 sessions for read:user,repo,user:email,workflow...
2025-10-04 11:31:50.468 [info] Getting sessions for user:email...
2025-10-04 11:31:50.468 [info] Got 1 sessions for user:email...
2025-10-04 11:31:50.534 [info] Getting sessions for all scopes...
2025-10-04 11:31:50.534 [info] Got 1 sessions for ...
2025-10-04 11:31:50.534 [info] Getting sessions for all scopes...
2025-10-04 11:31:50.534 [info] Got 1 sessions for ...
2025-10-04 11:31:50.537 [info] Getting sessions for read:user,repo,user:email,workflow...
2025-10-04 11:31:50.537 [info] Got 0 sessions for read:user,repo,user:email,workflow...
2025-10-04 11:31:50.540 [info] Getting sessions for user:email...
2025-10-04 11:31:50.540 [info] Got 1 sessions for user:email...
2025-10-04 11:31:50.540 [info] Getting sessions for read:user,repo,user:email,workflow...
2025-10-04 11:31:50.540 [info] Got 0 sessions for read:user,repo,user:email,workflow...
2025-10-04 11:31:50.544 [info] Getting sessions for all scopes...
2025-10-04 11:31:50.544 [info] Got 1 sessions for ...
2025-10-04 11:31:50.545 [info] Getting sessions for all scopes...
2025-10-04 11:31:50.545 [info] Got 1 sessions for ...
2025-10-04 11:31:50.545 [info] Getting sessions for all scopes...
2025-10-04 11:31:50.545 [info] Got 1 sessions for ...
2025-10-04 11:31:50.546 [info] Getting sessions for read:user,repo,user:email,workflow...
2025-10-04 11:31:50.546 [info] Got 0 sessions for read:user,repo,user:email,workflow...
2025-10-04 11:31:50.547 [info] Getting sessions for user:email...
2025-10-04 11:31:50.547 [info] Got 1 sessions for user:email...
2025-10-04 11:31:50.606 [info] fetching: Node fetch failed with status: 429 Too Many Requests
2025-10-04 11:31:51.209 [info] fetching: Node http/s failed with status: 429 Too Many Requests
2025-10-04 11:31:51.371 [info] Getting sessions for all scopes...
2025-10-04 11:31:51.371 [info] Got 1 sessions for ...
2025-10-04 11:31:51.372 [info] Getting sessions for read:user,repo,user:email,workflow...
2025-10-04 11:31:51.372 [info] Got 0 sessions for read:user,repo,user:email,workflow...
2025-10-04 11:31:51.372 [info] Getting sessions for user:email...
2025-10-04 11:31:51.372 [info] Got 1 sessions for user:email...
2025-10-04 11:31:51.373 [info] Getting sessions for all scopes...
2025-10-04 11:31:51.373 [info] Got 1 sessions for ...
2025-10-04 11:31:51.374 [info] Getting sessions for read:user,repo,user:email,workflow...
2025-10-04 11:31:51.374 [info] Got 0 sessions for read:user,repo,user:email,workflow...
2025-10-04 11:31:51.374 [info] Getting sessions for user:email...
2025-10-04 11:31:51.374 [info] Got 1 sessions for user:email...
2025-10-04 11:31:52.050 [info] Getting sessions for all scopes...
2025-10-04 11:31:52.050 [info] Got 1 sessions for ...
