2025-10-04 15:29:14.660 [info] Reading sessions from keychain...
2025-10-04 15:29:14.660 [info] Getting sessions for all scopes...
2025-10-04 15:29:14.686 [info] Got stored sessions!
2025-10-04 15:29:14.686 [info] Got 1 verified sessions.
2025-10-04 15:29:14.686 [info] Got 1 sessions for ...
2025-10-04 15:29:14.686 [info] Getting sessions for all scopes...
2025-10-04 15:29:14.686 [info] Got 1 sessions for ...
2025-10-04 15:29:14.686 [info] Getting sessions for all scopes...
2025-10-04 15:29:14.686 [info] Got 1 sessions for ...
2025-10-04 15:29:14.687 [info] Getting sessions for all scopes...
2025-10-04 15:29:14.687 [info] Got 1 sessions for ...
2025-10-04 15:29:14.687 [info] Getting sessions for all scopes...
2025-10-04 15:29:14.687 [info] Got 1 sessions for ...
2025-10-04 15:29:14.687 [info] Getting sessions for all scopes...
2025-10-04 15:29:14.687 [info] Got 1 sessions for ...
2025-10-04 15:29:14.687 [info] Getting sessions for all scopes...
2025-10-04 15:29:14.687 [info] Got 1 sessions for ...
2025-10-04 15:29:14.687 [info] Getting sessions for all scopes...
2025-10-04 15:29:14.687 [info] Got 1 sessions for ...
2025-10-04 15:29:14.688 [info] Getting sessions for all scopes...
2025-10-04 15:29:14.688 [info] Got 1 sessions for ...
2025-10-04 15:29:14.688 [info] Getting sessions for all scopes...
2025-10-04 15:29:14.688 [info] Got 1 sessions for ...
2025-10-04 15:29:14.688 [info] Getting sessions for all scopes...
2025-10-04 15:29:14.688 [info] Got 1 sessions for ...
2025-10-04 15:29:14.696 [info] Getting sessions for all scopes...
2025-10-04 15:29:14.696 [info] Got 1 sessions for ...
2025-10-04 15:29:14.697 [info] Getting sessions for all scopes...
2025-10-04 15:29:14.697 [info] Got 1 sessions for ...
2025-10-04 15:29:14.697 [info] Getting sessions for all scopes...
2025-10-04 15:29:14.697 [info] Got 1 sessions for ...
2025-10-04 15:29:14.698 [info] Getting sessions for all scopes...
2025-10-04 15:29:14.698 [info] Got 1 sessions for ...
2025-10-04 15:29:14.908 [info] Getting sessions for all scopes...
2025-10-04 15:29:14.908 [info] Got 1 sessions for ...
2025-10-04 15:29:16.655 [info] Getting sessions for all scopes...
2025-10-04 15:29:16.655 [info] Got 1 sessions for ...
2025-10-04 15:29:16.655 [info] Getting sessions for all scopes...
2025-10-04 15:29:16.655 [info] Got 1 sessions for ...
2025-10-04 15:29:16.664 [info] Getting sessions for all scopes...
2025-10-04 15:29:16.664 [info] Got 1 sessions for ...
2025-10-04 15:29:16.671 [info] fetching: Electron fetch failed with status: 429 
2025-10-04 15:29:17.420 [info] fetching: Node fetch failed with status: 429 Too Many Requests
2025-10-04 15:29:18.042 [info] fetching: Node http/s failed with status: 429 Too Many Requests
