2025-10-04 15:30:05.128 [info] Reading sessions from keychain...
2025-10-04 15:30:05.128 [info] Getting sessions for all scopes...
2025-10-04 15:30:05.177 [info] Got stored sessions!
2025-10-04 15:30:05.178 [info] Got 1 verified sessions.
2025-10-04 15:30:05.178 [info] Got 1 sessions for ...
2025-10-04 15:30:05.178 [info] Getting sessions for all scopes...
2025-10-04 15:30:05.178 [info] Got 1 sessions for ...
2025-10-04 15:30:05.178 [info] Getting sessions for all scopes...
2025-10-04 15:30:05.178 [info] Got 1 sessions for ...
2025-10-04 15:30:05.178 [info] Getting sessions for all scopes...
2025-10-04 15:30:05.178 [info] Got 1 sessions for ...
2025-10-04 15:30:05.178 [info] Getting sessions for all scopes...
2025-10-04 15:30:05.178 [info] Got 1 sessions for ...
2025-10-04 15:30:05.178 [info] Getting sessions for all scopes...
2025-10-04 15:30:05.178 [info] Got 1 sessions for ...
2025-10-04 15:30:05.178 [info] Getting sessions for all scopes...
2025-10-04 15:30:05.178 [info] Got 1 sessions for ...
2025-10-04 15:30:05.179 [info] Getting sessions for all scopes...
2025-10-04 15:30:05.179 [info] Got 1 sessions for ...
2025-10-04 15:30:05.179 [info] Getting sessions for all scopes...
2025-10-04 15:30:05.179 [info] Got 1 sessions for ...
2025-10-04 15:30:05.179 [info] Getting sessions for all scopes...
2025-10-04 15:30:05.179 [info] Got 1 sessions for ...
2025-10-04 15:30:05.179 [info] Getting sessions for all scopes...
2025-10-04 15:30:05.179 [info] Got 1 sessions for ...
2025-10-04 15:30:05.179 [info] Getting sessions for all scopes...
2025-10-04 15:30:05.179 [info] Got 1 sessions for ...
2025-10-04 15:30:05.180 [info] Getting sessions for all scopes...
2025-10-04 15:30:05.180 [info] Got 1 sessions for ...
2025-10-04 15:30:05.213 [info] Getting sessions for all scopes...
2025-10-04 15:30:05.213 [info] Got 1 sessions for ...
2025-10-04 15:30:05.453 [info] Getting sessions for all scopes...
2025-10-04 15:30:05.453 [info] Got 1 sessions for ...
2025-10-04 15:30:06.977 [info] fetching: Electron fetch failed with status: 429 
2025-10-04 15:30:07.039 [info] Getting sessions for all scopes...
2025-10-04 15:30:07.039 [info] Got 1 sessions for ...
2025-10-04 15:30:07.039 [info] Getting sessions for all scopes...
2025-10-04 15:30:07.039 [info] Got 1 sessions for ...
2025-10-04 15:30:07.043 [info] Getting sessions for all scopes...
2025-10-04 15:30:07.043 [info] Got 1 sessions for ...
2025-10-04 15:30:07.748 [info] fetching: Node fetch failed with status: 429 Too Many Requests
2025-10-04 15:30:08.385 [info] fetching: Node http/s failed with status: 429 Too Many Requests
